66 15 63 58 24 19 54 42 18 7 44 27 21 5 59 6 8 55 33 12 49 41 23 4 50 34 57 14 29 51 38 26 9 48 53 2 37 46 56 62 40 60 32 52 25 16 28 47 65 22 30 3 31 11 64 43 35 45 61 20 1 13 17 39 10 36 
1 2 3 4 5 6 7 8 9 10 11 12 13 14 15 16 17 18 19 20 21 22 23 24 25 26 27 28 29 30 31 32 33 34 35 36 37 38 39 40 41 42 43 44 45 46 47 48 49 50 51 52 53 54 55 56 57 58 59 60 61 62 63 64 65 66 67 68 69 70 71 72 73 74 75 76 77 78 79 80 81 82 83 84 85 86 87 88 89 90 91 92 93 94 95 96 97 98 99 100 
25 13 16 5 18 20 23 12 15 10 8 14 7 11 4 22 3 1 2 21 6 9 17 24 19 
35 89 23 51 46 9 87 56 37 90 2 80 96 17 25 77 33 31 71 50 26 38 15 10 93 30 49 64 66 82 1 22 3 21 32 29 61 73 20 39 47 40 41 53 19 58 7 11 12 95 59 44 48 63 4 52 8 65 60 76 84 18 62 81 94 72 92 88 83 67 43 27 75 24 13 99 70 69 16 42 54 86 74 78 34 91 55 28 45 98 6 5 85 97 57 100 14 79 68 36 
10 7 4 9 5 8 6 2 3 1 
9 25 8 10 65 90 50 16 52 28 43 55 26 5 89 85 37 64 35 19 71 60 22 63 27 76 13 99 38 81 23 49 56 21 86 70 88 97 82 15 1 96 47 44 30 91 7 33 40 41 87 61 51 34 20 42 83 4 6 54 80 39 57 12 46 78 62 48 75 14 2 53 100 31 36 67 69 45 72 77 17 24 3 11 29 59 94 98 92 73 74 68 79 95 84 18 66 93 32 58 
51 52 53 54 55 56 57 58 59 60 61 62 63 64 65 66 67 68 69 70 71 72 73 74 75 76 77 78 79 80 81 82 83 84 85 86 87 88 89 90 91 92 93 94 95 96 97 98 99 49 1 2 3 4 5 6 7 8 9 10 11 12 13 14 15 16 17 18 19 20 21 22 23 24 25 26 27 28 29 30 31 32 33 34 35 36 37 38 39 40 41 42 43 44 45 46 47 48 50 
1 2 3 4 5 6 7 8 9 10 11 12 13 14 15 16 17 18 19 20 21 22 23 24 25 26 27 28 29 30 31 32 33 34 35 36 37 38 39 40 41 42 43 44 45 46 47 48 49 50 51 52 53 54 55 56 57 58 59 60 61 62 63 64 65 66 67 68 69 70 71 72 73 74 75 76 77 78 79 80 81 82 83 84 85 86 87 88 89 90 91 92 93 94 95 96 97 98 99 100 
11 12 96 32 40 69 76 88 100 56 62 1 79 92 80 38 53 65 48 42 30 91 68 3 71 84 23 87 67 19 10 50 35 95 33 17 37 45 59 97 25 26 70 61 41 20 31 60 2 73 13 16 54 78 82 72 93 89 5 77 58 51 44 39 28 18 14 8 7 9 27 43 55 57 6 74 98 99 94 90 86 81 83 34 49 75 63 52 4 15 21 85 46 36 22 24 29 47 64 66 
47 97 34 63 38 74 10 40 23 16 41 94 67 59 11 57 61 68 4 96 42 95 22 87 19 89 55 58 48 25 9 28 43 18 79 69 20 24 8 35 54 82 64 88 91 75 71 39 77 76 6 80 51 37 17 1 53 73 31 78 90 100 60 49 99 29 98 21 32 5 93 13 26 46 85 7 3 15 56 30 27 65 12 62 33 45 44 92 66 14 36 84 2 86 52 83 70 81 72 50 
51 52 53 54 55 56 57 58 59 60 61 62 63 64 65 66 67 68 69 70 71 72 73 74 75 76 77 78 79 80 81 82 83 84 85 86 87 88 89 90 91 92 93 94 95 96 97 98 99 100 1 2 3 4 5 6 7 8 9 10 11 12 13 14 15 16 17 18 19 20 21 22 23 24 25 26 27 28 29 30 31 32 33 34 35 36 37 38 39 40 41 42 43 44 45 46 47 48 49 50 
3 12 22 23 24 2 16 6 7 10 11 13 20 15 5 19 14 4 1 9 17 8 18 21 
2 53 46 22 58 59 77 11 18 7 51 33 91 99 15 55 44 16 67 87 96 28 31 32 12 8 94 10 73 26 21 40 66 86 42 48 34 39 63 69 100 84 20 23 57 74 6 50 93 61 24 4 75 41 85 80 70 92 45 37 35 78 19 27 98 82 29 64 43 88 81 95 14 36 30 60 72 56 52 89 79 47 65 9 17 71 76 5 97 90 62 54 49 83 1 13 25 38 3 68 
23 28 40 19 92 59 8 64 7 1 49 14 44 58 51 30 94 41 93 32 25 21 5 70 31 57 16 96 81 18 10 4 87 89 79 66 13 62 11 78 33 48 84 34 67 3 53 63 100 27 86 54 77 80 43 20 83 85 99 22 98 88 71 90 47 50 73 17 24 29 56 82 38 37 69 26 36 6 97 74 60 2 55 52 9 45 65 39 12 61 95 72 15 76 75 68 35 42 46 91 
55 19 58 92 5 24 22 3 48 79 44 17 84 33 2 15 71 1 90 34 53 94 11 74 61 49 46 85 97 82 52 80 40 28 77 100 6 18 43 88 96 36 68 62 73 20 83 57 30 7 67 25 98 31 32 56 39 69 86 60 91 66 13 23 76 54 45 14 16 70 4 50 64 10 99 87 75 81 47 9 37 21 78 38 29 51 59 41 65 63 93 8 27 42 72 12 35 26 89 95 
100 74 60 75 64 76 85 96 53 13 40 93 56 5 34 39 69 29 94 68 6 26 31 4 84 33 72 50 92 2 51 62 30 37 18 24 89 21 22 11 23 48 32 14 97 58 3 59 54 45 8 49 15 70 28 25 19 35 86 10 41 87 42 43 17 80 12 27 46 9 52 16 88 61 81 67 38 77 20 1 47 90 44 95 79 7 78 55 71 65 83 66 57 82 73 91 98 63 36 99 
30 42 40 82 86 91 44 57 18 61 13 94 12 33 36 72 8 63 65 67 68 47 53 22 69 97 90 4 7 19 35 56 3 38 39 59 31 58 70 45 46 50 89 98 100 77 54 84 9 41 27 29 52 51 55 66 64 24 81 21 20 26 32 71 1 48 99 2 5 10 15 17 49 83 60 62 80 93 75 74 85 92 34 37 6 11 14 16 23 25 28 43 73 76 78 79 87 88 95 96 
1 2 3 4 5 6 7 8 9 10 11 12 13 14 15 16 17 18 19 20 21 22 23 24 25 26 27 
26 29 81 67 60 62 77 36 17 40 76 8 51 52 42 94 90 80 20 71 2 86 15 6 37 99 59 78 21 3 87 7 69 1 63 72 98 5 75 46 74 53 13 31 48 12 35 9 41 95 92 56 65 43 14 24 50 79 83 91 97 64 73 57 10 45 49 18 54 70 68 38 22 11 32 25 27 44 19 4 55 58 82 39 61 34 89 16 85 88 96 84 30 23 28 47 100 93 66 33 
20 8 14 18 2 21 23 25 1 4 10 5 6 32 29 3 7 9 11 12 13 15 16 17 19 22 24 26 27 28 30 31 33 
93 16 70 95 44 19 51 89 49 60 9 72 4 34 5 55 35 28 1 65 33 87 100 83 46 68 30 96 29 52 85 17 39 21 50 74 73 24 69 20 40 3 62 42 8 75 7 32 57 23 92 58 45 27 71 10 77 80 98 11 56 14 91 13 67 22 84 86 59 82 48 37 15 2 64 97 78 53 18 41 25 66 6 63 47 79 94 90 81 36 26 61 43 38 31 99 88 12 54 76 
1 3 6 7 9 12 13 18 17 19 2 4 16 5 8 11 14 10 15 20 
79 32 19 56 78 14 90 87 80 33 60 74 17 44 51 48 68 71 50 18 53 20 2 30 24 84 13 21 57 23 72 98 65 43 82 45 35 10 92 29 6 31 83 76 70 67 15 55 36 93 28 85 38 37 63 81 62 46 41 73 89 58 61 54 39 96 77 69 64 40 75 8 3 5 11 34 22 47 94 59 25 16 86 49 1 26 52 7 4 88 9 97 12 95 27 42 91 66 
7 14 20 19 10 4 1 5 17 18 2 16 6 3 13 15 9 12 8 21 11 
50 1 3 4 6 7 8 9 11 12 13 14 15 16 17 18 19 20 21 22 23 24 25 26 27 28 29 30 31 32 33 35 36 38 39 40 41 43 44 45 46 47 48 49 5 10 34 37 2 42 
78 62 18 27 9 90 29 25 94 59 8 5 86 44 15 100 76 63 39 92 11 49 19 66 43 24 32 3 38 96 74 61 37 98 7 46 47 55 60 13 89 10 67 22 21 1 12 79 2 71 53 23 95 91 42 87 81 20 65 69 35 14 73 64 34 31 93 58 97 4 45 99 36 41 68 82 77 84 16 50 80 48 57 17 51 88 30 72 33 28 40 56 6 85 26 52 54 75 83 70 
100 1 21 74 2 43 25 3 29 6 8 89 17 38 20 4 73 53 50 65 94 31 27 96 39 28 98 58 64 23 24 87 26 88 36 84 77 33 68 7 35 78 9 48 92 99 16 40 62 47 56 30 95 19 13 14 49 57 66 91 69 71 70 18 83 46 81 51 80 72 37 76 59 22 75 11 93 44 97 85 10 54 5 41 55 61 34 60 12 45 15 32 52 90 67 42 82 63 79 86 
64 55 69 41 71 10 31 75 92 45 19 25 89 84 74 7 57 3 54 1 61 96 72 24 6 67 33 91 78 53 16 20 34 8 94 28 2 43 22 35 46 65 44 29 18 39 13 87 73 88 11 97 59 100 79 51 82 36 56 32 77 42 81 98 9 47 93 60 37 70 48 95 76 26 68 17 99 52 27 50 83 90 15 66 85 58 12 30 5 49 21 38 63 40 62 86 23 4 80 14 
8 6 11 33 24 98 86 80 70 4 45 82 91 13 44 9 32 87 50 97 84 95 14 47 10 75 38 31 48 42 78 65 26 28 30 100 96 89 68 79 58 16 99 55 94 92 77 57 69 73 25 46 60 23 40 88 39 54 59 29 2 61 81 53 27 21 52 49 71 18 64 43 62 12 5 1 36 20 76 35 85 74 90 41 37 83 3 72 66 22 93 67 63 56 51 34 17 19 15 7 
32 41 44 36 53 3 22 84 71 10 55 56 59 87 43 88 4 12 33 52 65 76 83 95 40 45 66 74 7 9 18 31 34 54 98 6 51 20 25 2 86 93 29 37 63 70 92 35 42 97 1 85 5 8 15 80 99 11 13 57 24 26 27 19 21 46 28 30 69 38 39 68 23 94 49 50 14 58 64 67 47 60 16 62 72 73 75 77 78 79 17 81 82 89 90 91 48 96 61 100 
6 25 23 29 17 74 78 53 24 56 85 68 28 26 76 87 96 46 63 49 39 79 7 21 52 31 55 69 81 40 16 18 91 94 44 92 54 67 62 35 82 99 4 15 60 83 33 8 51 43 80 86 95 97 77 57 19 32 10 34 3 75 100 38 61 30 27 12 47 45 42 48 59 73 72 98 71 37 88 22 2 90 41 64 36 89 20 1 70 93 13 66 65 84 11 5 9 14 58 50 
62 73 52 19 95 98 4 42 29 15 48 92 1 18 93 76 22 57 85 31 9 63 39 75 87 77 28 80 5 20 56 36 21 13 43 45 53 44 41 60 47 32 67 37 58 91 46 6 26 96 25 79 72 34 70 74 65 16 33 49 61 12 83 8 84 50 90 82 94 7 86 3 2 81 10 51 89 100 88 99 24 30 54 55 97 64 11 27 71 68 35 69 17 38 78 40 23 66 14 59 
17 80 20 42 45 66 65 48 71 68 72 91 15 3 27 49 34 12 36 28 14 57 53 2 56 8 58 82 92 24 60 81 40 52 73 38 97 1 74 63 13 70 4 35 59 95 76 19 43 54 67 47 46 93 11 31 55 84 85 6 22 23 33 16 90 44 29 96 98 5 75 89 77 79 87 94 62 61 25 30 37 39 64 41 83 9 10 32 69 86 88 99 100 7 18 21 26 50 51 78 
1 2 3 4 5 6 7 8 9 10 11 12 13 14 15 16 17 18 19 20 21 22 23 24 25 26 27 28 29 30 31 32 33 34 35 36 37 38 39 40 41 42 43 44 45 46 47 48 49 50 51 52 53 54 55 56 57 58 59 60 61 62 63 64 65 66 67 68 69 70 71 72 73 74 75 76 77 78 79 80 81 82 83 84 85 86 87 88 89 90 91 92 93 94 95 96 97 98 99 100 
63 95 89 11 10 25 1 4 33 31 3 13 8 42 35 74 77 40 72 65 60 7 9 2 15 16 19 21 87 36 29 30 28 44 45 39 41 43 47 48 51 57 71 61 62 46 68 66 6 76 75 79 80 83 85 93 94 17 14 5 38 55 53 37 58 59 12 56 26 32 78 70 90 88 92 18 20 23 67 69 34 73 82 86 27 49 50 52 54 24 64 81 84 22 91 96 
86 9 12 65 28 85 4 98 68 64 10 82 59 60 35 49 51 42 45 63 23 83 50 6 41 56 18 73 39 89 31 44 20 92 1 58 2 24 67 96 53 71 37 46 21 38 81 29 26 94 25 34 90 99 30 61 40 97 32 80 88 77 8 47 19 93 84 36 11 70 62 22 75 87 27 15 72 43 52 55 48 69 79 78 7 74 100 91 57 76 3 33 16 66 54 14 17 95 13 5 
14 18 20 24 26 30 32 36 38 40 42 44 46 48 50 52 54 56 57 58 60 62 63 64 66 68 69 70 72 74 75 76 78 79 80 81 82 83 84 85 86 87 88 89 90 1 2 3 4 5 6 7 8 9 10 11 12 13 15 16 17 19 21 22 23 25 27 28 29 31 33 34 35 37 39 41 43 45 47 49 51 53 55 59 61 65 67 71 73 77 
18 99 66 93 87 88 70 12 92 23 79 98 68 67 3 37 64 96 43 85 56 11 62 36 26 14 42 10 95 100 40 35 72 30 47 53 5 28 2 80 91 97 20 7 86 9 1 71 52 4 49 16 65 77 31 41 34 76 39 60 46 63 51 82 83 81 89 33 25 17 55 50 58 8 24 15 73 6 84 45 27 78 19 75 61 13 54 38 90 48 21 57 32 69 94 44 29 22 59 74 
64 88 66 40 63 79 37 46 38 81 41 97 7 20 99 78 47 18 90 87 57 29 80 70 35 83 21 4 100 12 94 44 91 56 28 49 6 74 10 24 58 48 23 89 52 16 9 26 98 72 17 77 60 96 33 11 82 31 32 8 36 95 14 43 85 1 53 67 84 51 15 25 73 65 59 68 93 76 86 50 22 55 13 30 75 71 92 61 27 54 5 42 45 19 62 34 39 2 3 69 
56 37 24 21 10 2 87 62 23 57 45 58 95 31 13 90 30 65 5 80 4 83 63 20 44 60 46 75 14 15 25 94 69 93 34 100 38 48 22 61 29 81 32 19 79 54 18 39 64 16 71 50 26 89 42 49 52 66 7 73 68 51 85 91 33 67 1 12 11 98 74 17 41 27 86 43 99 6 76 35 55 9 53 8 78 40 88 59 84 72 82 3 47 77 92 36 28 70 96 97 
28 40 36 76 5 77 19 74 6 52 86 75 50 72 88 9 93 10 38 41 89 67 92 73 90 21 61 3 12 81 47 24 18 100 45 32 62 54 91 84 4 27 87 11 26 95 79 48 96 16 34 71 13 43 1 39 65 58 22 68 66 23 30 49 78 83 20 8 44 97 57 94 51 99 60 7 69 53 14 15 35 29 85 56 80 70 33 98 82 37 25 2 59 31 42 55 46 64 17 63 
22 35 37 30 1 4 9 7 39 12 13 14 18 15 19 23 24 27 28 26 31 33 16 40 41 2 3 5 6 8 17 21 25 29 10 32 38 11 34 20 36 
14 67 64 86 19 8 39 100 75 66 45 71 49 11 69 58 33 47 85 55 51 4 93 18 89 72 23 79 82 59 30 97 60 5 28 17 16 76 65 9 27 24 52 80 48 2 46 81 25 3 57 15 99 34 42 7 95 61 56 74 63 20 41 35 31 70 21 44 54 77 53 50 91 6 29 73 62 22 40 36 38 96 94 43 10 92 83 1 12 84 90 88 26 68 37 78 98 32 87 13 
1 2 3 4 5 6 7 8 9 10 11 12 13 14 15 16 17 18 19 20 21 22 23 24 25 26 27 28 29 30 31 32 33 34 35 36 37 38 39 40 41 42 43 44 45 46 47 48 49 50 51 
1 2 5 8 3 4 6 7 9 
1 100 99 98 97 96 95 94 93 92 91 90 89 88 87 86 85 84 83 82 81 80 79 78 77 76 75 74 73 72 71 70 69 68 67 66 65 64 63 62 61 60 59 58 57 56 55 54 53 52 51 50 49 48 47 46 45 44 43 42 41 40 39 38 37 36 35 34 33 32 31 30 29 28 27 26 25 24 23 22 21 20 19 18 17 16 15 14 13 12 11 10 9 8 7 6 5 4 3 2 
1 2 3 4 5 6 7 8 9 11 10 12 13 14 15 16 17 18 19 59 21 22 23 24 37 38 39 40 20 42 43 44 45 46 47 31 25 26 27 28 29 30 48 32 33 34 35 36 49 91 51 52 53 54 55 56 57 58 41 61 60 62 63 64 65 66 67 68 69 50 71 72 85 86 87 88 89 90 70 92 93 94 95 96 73 74 75 76 77 78 79 81 80 82 83 84 97 98 99 100 
82 100 9 98 8 23 36 73 15 29 5 80 72 84 32 19 6 85 62 70 4 42 50 83 63 81 97 88 17 31 48 41 92 1 91 34 96 39 52 22 51 40 47 95 12 7 14 78 49 43 94 33 54 11 69 68 30 66 16 56 67 18 65 35 60 3 2 59 99 26 89 74 86 38 76 64 13 75 55 25 87 71 28 24 21 46 37 44 20 79 61 27 58 45 90 10 53 57 77 93 
1 2 3 4 5 6 7 8 9 10 11 12 13 14 15 16 17 18 19 20 21 22 23 24 25 26 27 28 29 30 31 32 33 34 35 36 37 38 39 40 41 42 43 44 45 46 47 48 49 50 51 52 53 54 55 56 57 58 59 60 61 62 63 64 65 66 67 68 69 70 71 72 73 74 75 76 77 78 79 80 81 82 83 84 85 86 87 88 89 90 91 92 93 94 95 96 97 98 99 100 
90 83 4 42 79 82 29 71 78 66 9 49 61 39 54 100 97 92 10 55 64 37 1 30 33 6 14 28 40 88 56 86 85 77 13 23 63 18 94 98 38 46 91 20 96 68 58 26 59 44 11 51 73 19 70 34 69 89 52 3 31 16 48 80 62 47 45 35 8 74 2 95 41 27 5 21 81 22 93 24 17 12 75 53 50 76 36 43 15 72 57 87 99 25 84 7 65 67 32 60 
1 2 3 4 5 6 7 8 9 10 11 12 13 14 15 16 17 18 19 20 21 22 23 24 25 26 27 28 29 30 31 32 33 34 35 36 37 38 39 40 41 42 43 44 45 46 47 48 49 50 51 52 53 54 55 56 57 58 59 60 61 62 63 64 65 66 67 68 69 70 71 72 73 74 75 76 77 78 79 80 81 82 83 84 85 86 87 88 89 90 91 92 93 94 95 96 97 98 99 100 
1 3 5 7 9 11 13 15 17 19 21 23 25 27 29 31 33 35 37 39 41 43 45 47 49 51 53 55 57 59 61 63 65 67 69 71 73 75 77 79 81 83 85 87 89 91 93 95 97 99 2 4 6 8 10 12 14 16 18 20 22 24 26 28 30 32 34 36 38 40 42 44 46 48 50 52 54 56 58 60 62 64 66 68 70 72 74 76 78 80 82 84 86 88 90 92 94 96 98 100 
4 5 6 10 11 12 16 17 7 1 2 8 13 14 3 9 19 18 15 
36 40 20 24 56 50 79 58 92 87 81 45 34 37 39 90 82 15 68 85 76 97 25 74 42 64 2 83 22 32 55 91 27 59 21 94 88 10 12 38 49 4 89 72 69 71 67 70 78 98 75 8 29 66 18 5 84 9 52 93 57 61 28 26 53 17 54 63 19 73 65 43 100 99 51 47 41 6 44 80 3 31 95 30 16 86 14 46 60 7 48 77 33 13 23 11 62 1 35 96 
18 64 85 2 74 62 43 11 56 36 57 58 33 50 28 95 98 92 81 26 17 99 24 19 6 20 23 83 86 1 9 90 93 46 88 70 27 10 35 53 7 14 66 78 60 65 75 77 8 87 91 52 32 61 29 4 49 13 12 97 84 82 80 42 76 94 45 38 96 30 37 31 51 3 68 71 100 73 25 69 67 55 21 15 22 5 72 89 59 47 63 54 48 16 39 79 40 34 41 44 
5 4 10 1 2 6 7 9 8 3 
63 70 23 29 35 99 32 21 78 74 55 86 52 40 33 56 95 17 58 57 90 59 97 16 94 37 68 28 67 73 61 80 69 38 64 20 45 75 34 62 27 81 87 43 12 8 18 53 39 98 84 100 51 96 79 88 89 4 26 36 54 47 91 11 7 5 71 82 48 2 14 46 6 24 93 72 85 50 49 30 3 31 92 25 76 83 1 10 15 66 65 42 22 9 44 60 41 77 19 13 
21 1 26 92 79 42 70 83 22 75 66 71 89 74 57 73 51 46 14 43 7 65 91 88 27 30 98 47 34 78 63 69 28 23 41 17 15 62 20 19 58 59 93 13 16 12 37 25 85 96 2 24 31 84 100 53 32 64 40 10 97 49 36 94 99 3 61 87 95 18 76 48 45 38 50 86 55 52 81 11 29 54 77 80 82 44 8 35 4 5 39 33 56 72 90 67 6 9 68 60 
72 16 39 74 96 98 99 91 4 3 23 53 54 58 59 13 32 43 51 31 66 41 69 12 44 6 22 27 25 95 24 48 52 75 67 63 78 82 94 45 11 62 15 64 87 29 26 65 5 20 57 34 37 14 7 19 47 21 73 46 30 8 90 1 89 80 35 55 85 10 2 86 79 9 81 28 71 17 33 97 84 100 60 76 61 56 50 49 77 93 40 18 38 92 68 36 70 42 88 83 
19 25 4 95 36 2 59 90 31 39 35 78 41 17 46 63 79 69 51 66 3 61 62 14 94 82 40 60 21 37 93 56 44 7 26 70 64 12 43 57 33 85 58 42 16 52 87 6 5 54 49 91 28 38 13 48 83 18 72 88 34 23 89 67 53 20 75 65 30 27 76 86 71 29 8 97 55 45 15 68 77 1 32 98 22 99 80 100 10 84 96 47 73 50 9 11 92 24 74 81 
71 46 98 87 31 89 72 86 74 70 2 8 92 23 40 67 36 42 68 56 63 79 37 60 29 84 50 90 62 48 35 17 32 19 27 39 18 38 53 15 20 55 3 7 64 44 81 65 73 69 1 22 11 93 96 97 45 61 33 25 5 57 66 9 24 88 34 6 100 21 85 77 58 47 4 59 78 94 99 91 95 28 80 76 49 30 83 26 75 51 12 10 13 41 43 54 52 82 16 14 
1 2 3 4 5 6 7 8 9 10 11 12 13 14 15 16 17 18 19 20 21 22 23 24 25 26 27 28 29 30 31 32 33 34 35 36 37 38 39 40 41 42 43 44 45 46 47 48 49 50 51 52 53 54 55 56 57 58 59 60 61 62 63 64 65 66 67 68 69 70 71 72 73 74 75 76 77 78 79 80 81 82 83 84 85 86 87 88 89 90 91 92 93 94 95 96 97 98 99 100 
83 99 95 25 51 70 17 90 6 33 45 3 22 16 91 5 67 61 88 18 79 76 21 41 54 58 44 29 39 40 32 1 19 96 42 75 92 30 80 4 97 73 12 9 86 100 7 27 36 24 66 47 78 59 62 81 71 63 2 43 98 26 87 72 53 15 13 84 56 50 34 64 46 11 55 14 68 37 38 94 65 89 20 23 69 10 57 74 52 48 93 60 49 8 77 82 31 28 85 35 
100 98 99 96 97 94 95 92 93 90 91 88 89 86 87 84 85 82 83 80 81 78 79 76 77 74 75 72 73 70 71 68 69 66 67 64 65 62 63 60 61 58 59 56 57 54 55 52 53 50 51 48 49 46 47 44 45 42 43 40 41 38 39 36 37 34 35 32 33 30 31 28 29 26 27 24 25 22 23 20 21 18 19 16 17 14 15 12 13 10 11 8 9 6 7 4 5 2 3 1 
1 2 3 4 5 6 7 8 9 10 11 12 13 14 15 16 17 18 19 20 21 22 23 24 25 26 27 28 29 30 31 32 33 34 35 36 37 38 39 40 41 42 43 44 45 46 47 48 49 50 100 99 98 97 96 95 94 93 92 91 90 89 88 87 86 85 84 83 82 81 80 79 78 77 76 75 74 73 72 71 70 69 68 67 66 65 64 63 62 61 60 59 58 57 56 55 54 53 52 51 
7 6 1 5 4 3 2 
25 56 19 21 52 26 50 57 55 28 24 15 37 46 14 38 45 59 4 61 53 58 27 7 39 29 22 44 20 60 35 8 5 13 40 9 41 10 32 18 51 11 36 1 42 3 34 43 49 33 47 23 31 54 2 12 62 30 16 6 17 48 
1 2 3 4 5 6 7 8 9 10 11 12 13 14 15 16 17 18 19 20 21 22 23 24 25 26 27 28 29 30 31 32 33 34 35 36 37 38 39 40 41 42 43 44 45 46 47 48 49 50 51 52 53 54 55 56 57 58 59 60 61 62 63 64 65 66 67 68 69 70 71 72 73 74 75 76 77 78 79 80 81 82 83 84 85 86 87 88 89 90 91 92 93 94 95 96 97 98 99 100 
16 22 30 71 10 52 72 29 97 84 31 43 83 82 60 13 35 66 39 23 38 2 17 47 53 70 77 3 87 93 96 8 79 56 74 50 65 88 100 25 81 5 62 44 48 14 20 32 63 89 73 27 55 78 40 24 92 36 59 61 41 75 21 15 68 64 85 46 49 67 42 11 54 45 94 7 4 51 80 91 98 58 33 6 12 76 69 86 1 26 37 99 57 90 95 18 19 9 28 34 
1 2 3 4 5 6 7 8 9 10 11 12 13 14 15 16 17 18 19 20 21 22 23 24 25 26 27 28 29 30 31 32 33 34 35 36 37 38 39 40 41 42 43 44 45 46 47 48 49 50 51 52 53 54 55 56 57 58 59 60 61 62 63 64 65 66 67 68 69 70 71 72 73 74 75 76 77 78 79 80 81 82 83 84 85 86 87 88 89 90 91 92 93 94 95 96 97 98 99 100 
98 23 9 61 60 99 44 26 96 48 59 28 7 14 88 51 50 91 57 64 93 56 1 16 70 21 55 69 33 3 45 68 63 46 66 83 34 32 13 72 75 6 92 87 100 4 49 76 90 20 22 65 74 94 52 25 41 38 81 5 15 43 8 73 11 77 97 2 79 78 89 86 67 40 58 36 62 42 19 31 30 53 84 18 47 17 24 10 80 71 37 54 82 12 85 35 29 27 95 39 
35 64 77 52 36 71 83 96 67 93 1 30 2 11 53 32 88 61 45 99 60 41 34 13 3 54 82 27 4 62 56 46 49 65 58 73 87 9 7 92 39 57 79 81 8 72 18 51 15 76 85 48 86 55 40 70 69 24 50 31 6 37 84 5 33 66 38 74 20 14 42 10 97 16 94 100 89 22 59 28 23 17 80 26 78 63 91 44 95 75 90 25 12 19 68 29 98 43 47 21 
1 2 3 4 15 6 7 8 9 10 11 12 13 14 5 16 17 18 19 20 21 22 32 24 25 26 27 28 29 70 31 33 23 34 35 36 37 38 39 30 41 40 43 44 45 46 47 48 58 50 56 79 53 49 97 51 57 52 54 63 59 66 60 61 65 55 67 42 69 71 80 72 73 87 74 75 77 78 62 68 64 82 83 84 85 76 86 88 89 90 91 92 93 94 95 96 81 98 99 100 
12 22 33 89 75 99 78 5 10 88 37 86 9 76 79 35 56 6 14 58 100 19 26 30 90 16 95 15 91 20 65 61 8 1 49 3 64 43 31 60 67 32 40 41 39 28 38 71 34 45 83 84 74 29 24 27 81 36 73 93 63 54 17 68 44 48 96 46 23 47 85 7 50 13 98 21 53 51 92 80 4 82 94 70 62 42 87 11 18 59 52 69 25 57 77 55 72 66 2 97 
91 37 15 40 22 20 65 45 29 27 99 97 8 90 39 28 51 42 1 19 95 59 87 54 5 93 32 84 64 76 43 66 83 2 78 33 13 31 12 73 14 61 16 80 18 11 35 6 30 71 69 67 68 56 26 10 50 81 41 88 70 86 55 77 94 38 47 63 21 85 9 44 92 3 25 89 60 82 100 34 62 48 52 36 17 74 57 72 53 98 79 58 49 23 24 7 46 96 4 75 
55 56 58 22 66 64 37 38 43 63 49 51 14 18 27 70 32 36 34 3 7 8 12 11 6 25 69 71 77 75 78 82 83 85 86 88 89 94 100 1 2 4 5 9 10 13 21 44 23 24 74 26 31 33 41 42 45 46 47 48 50 53 59 61 62 65 81 84 87 28 79 80 30 35 39 40 54 57 73 99 76 90 93 96 92 91 95 97 98 67 19 20 29 15 16 17 68 52 60 72 
58 10 37 13 69 60 97 26 12 33 34 86 78 3 72 88 70 29 23 81 100 77 11 20 5 87 27 18 31 96 32 4 54 83 8 64 61 16 40 36 66 92 62 39 7 1 94 2 14 50 79 15 17 74 67 68 55 24 51 53 19 45 80 91 82 76 84 6 98 95 48 59 41 49 43 75 9 89 21 28 85 71 46 30 22 99 52 56 57 44 65 73 93 42 47 25 63 35 90 38 
4 5 10 2 1 8 6 3 9 7 
40 6 31 52 27 14 35 84 24 56 23 43 60 17 33 95 57 32 74 58 51 21 78 30 67 8 96 93 16 20 25 44 63 36 66 42 88 80 1 99 15 46 69 68 65 76 81 92 98 39 12 71 7 77 89 82 26 37 50 49 29 83 4 10 94 47 91 75 41 48 5 59 11 38 55 97 22 86 3 100 28 79 62 85 61 34 9 73 64 53 19 70 18 72 87 2 54 13 45 90 
94 27 58 11 34 2 45 49 82 6 13 66 89 19 98 14 60 33 80 39 28 91 22 12 21 59 100 15 69 57 52 20 37 4 42 8 40 29 16 78 96 44 90 88 75 10 74 79 35 67 77 51 64 31 36 50 48 3 54 9 63 83 99 43 46 5 1 73 30 18 86 17 61 7 71 70 53 55 25 65 76 85 81 72 84 41 92 68 87 95 38 93 47 23 24 62 32 97 56 26 
30 77 56 53 34 40 38 92 60 5 59 65 48 28 86 54 64 6 73 4 15 36 46 88 98 13 23 39 25 18 50 42 10 58 68 93 9 2 76 29 97 78 70 75 89 49 22 71 100 24 85 14 80 45 3 7 74 52 21 90 96 44 1 62 81 8 31 84 83 94 35 41 17 55 72 69 19 26 32 82 27 99 95 63 16 57 43 91 11 67 37 33 79 87 47 61 66 51 20 12 
56 12 99 62 68 43 71 64 25 65 21 31 3 37 18 36 9 41 84 93 59 97 80 8 13 48 45 27 28 49 5 73 14 53 67 22 86 88 90 50 20 85 100 78 89 11 38 26 66 19 2 69 47 4 82 16 94 35 83 30 39 72 76 15 24 40 58 87 51 42 32 70 98 17 95 81 74 1 33 7 23 96 55 92 63 34 77 10 46 29 75 91 60 6 44 61 57 79 54 52 
14 6 7 11 30 13 15 8 24 26 28 29 12 23 2 10 4 22 19 20 21 3 17 18 25 16 27 9 1 5 
3 4 8 7 6 10 5 9 1 2 
35 1 82 56 69 28 100 4 60 92 78 66 87 19 43 62 40 17 91 54 36 11 74 68 25 8 72 41 32 30 42 53 7 14 80 86 16 77 6 12 23 73 81 59 65 99 45 27 26 61 97 34 48 49 29 84 70 57 50 71 52 2 90 22 79 83 46 88 15 75 63 96 58 51 31 55 38 67 89 33 98 5 76 39 37 21 13 64 44 47 95 20 18 9 85 3 10 24 94 93 
25 24 23 22 21 20 19 18 17 16 15 14 13 12 11 10 8 9 7 6 5 2 4 3 1 
20 10 11 14 17 23 24 27 30 49 50 52 56 61 64 79 83 86 89 1 2 3 4 5 6 7 8 9 12 13 15 16 18 19 21 22 25 26 28 29 31 32 33 34 35 36 37 38 39 40 41 42 43 44 45 46 47 48 51 53 54 55 57 58 59 60 62 63 65 66 67 68 69 70 71 72 73 74 75 76 77 78 80 81 82 84 85 87 88 90 91 92 93 94 95 96 97 98 99 100 
95 2 3 4 5 6 7 8 9 10 11 12 13 14 15 16 17 18 19 20 21 22 23 24 25 26 27 28 29 30 31 32 33 34 35 36 37 38 39 40 41 42 43 44 45 46 47 48 49 50 51 52 53 54 55 56 57 58 59 60 61 62 63 64 65 66 67 68 69 70 71 72 73 74 75 76 77 78 79 80 81 82 83 84 85 86 87 88 89 90 91 92 93 94 1 96 97 98 99 100 
7 32 13 10 63 29 62 51 42 28 19 71 26 72 77 78 18 6 24 91 30 92 48 23 55 69 98 14 11 54 1 21 36 3 22 58 84 93 34 59 37 75 12 73 88 76 41 25 67 33 64 39 35 49 89 86 47 56 90 16 45 99 46 2 100 40 70 61 83 53 82 60 66 68 5 20 9 81 38 74 80 44 96 87 43 4 85 65 15 17 57 95 52 8 94 27 97 79 50 31 
41 2 6 10 26 53 19 69 100 50 17 32 70 92 87 22 11 56 23 48 30 57 52 38 7 54 59 75 5 20 84 55 72 18 96 78 80 74 67 82 65 27 3 94 51 9 85 98 58 13 46 99 86 43 90 37 47 60 31 42 62 33 29 45 97 1 77 49 16 35 93 63 44 88 21 12 73 76 24 81 39 89 68 79 28 71 4 15 95 91 64 36 66 40 61 25 14 34 83 8 
23 19 81 12 54 90 57 21 92 68 2 88 72 30 64 8 55 49 91 53 4 50 60 18 48 70 33 51 74 3 1 87 20 98 99 83 22 32 59 85 44 13 14 78 66 16 82 96 5 27 38 84 95 42 29 31 94 10 28 75 46 40 11 41 39 47 37 35 93 43 7 80 77 79 15 24 71 6 26 67 73 62 25 17 56 9 89 45 52 97 36 69 86 63 61 65 100 34 76 58 
9 88 82 93 4 18 42 75 39 56 6 69 68 3 95 90 15 62 16 51 22 100 86 63 13 92 1 5 44 12 32 98 77 71 10 31 25 52 78 28 30 61 20 74 66 94 83 54 45 34 19 37 96 81 48 49 67 65 38 17 80 85 21 53 46 99 41 14 2 26 64 35 84 55 47 76 60 11 33 72 57 43 27 50 58 29 73 23 91 40 36 7 79 97 59 87 70 89 24 8 
1 5 7 17 3 9 11 13 15 19 6 18 16 14 2 10 12 4 20 8 
68 8 25 16 29 50 89 80 57 55 39 7 96 99 100 54 3 44 91 22 12 1 81 74 28 5 69 66 71 48 33 32 53 72 45 93 84 18 79 47 20 76 78 59 15 2 38 94 67 92 9 73 23 90 60 17 65 43 52 27 85 98 83 75 82 58 30 77 11 51 97 62 35 56 86 10 95 42 31 26 24 19 49 40 14 88 36 13 37 61 4 41 63 6 87 46 34 21 64 70 
66 16 55 96 28 71 42 50 25 12 33 91 32 63 76 5 45 4 31 48 23 59 14 52 39 29 34 46 98 15 44 86 40 61 43 74 83 68 92 89 95 18 11 100 30 49 41 9 3 97 72 81 27 26 19 57 84 53 47 70 35 78 64 80 62 58 88 21 22 37 51 56 67 69 94 7 60 8 10 54 77 85 36 82 99 24 6 20 2 90 79 73 1 87 17 13 65 75 93 38 
86 74 6 66 5 14 1 4 91 22 53 92 29 48 20 82 50 80 46 24 7 87 94 77 18 31 36 19 51 70 28 64 97 8 26 68 44 15 32 39 90 35 30 75 65 23 27 37 71 81 76 89 59 84 16 41 98 95 45 60 12 40 17 13 63 69 2 79 73 25 10 34 42 93 54 3 21 11 72 38 9 43 57 78 47 52 83 61 85 96 99 55 58 100 62 67 56 49 33 88 
79 26 76 5 16 88 70 49 84 62 99 10 42 53 46 48 44 57 59 77 41 14 20 23 78 69 86 1 95 3 8 11 13 15 6 89 25 27 29 30 33 36 38 47 43 45 50 17 35 39 68 60 97 72 90 91 92 85 98 2 37 87 55 58 63 67 4 31 12 54 22 28 24 73 74 21 80 81 96 64 7 82 93 94 40 51 52 56 65 66 61 32 34 9 19 71 100 75 83 18 
16 52 42 67 25 44 71 21 55 81 95 89 60 30 57 39 6 87 20 84 74 19 41 48 90 40 97 93 36 51 69 4 79 8 9 32 64 5 15 3 13 22 92 14 1 33 50 12 17 62 70 18 99 43 56 49 88 31 46 82 2 37 27 47 10 85 94 96 58 7 59 11 28 100 68 66 29 86 54 76 63 34 45 77 80 38 23 73 72 24 26 35 61 78 53 98 83 75 65 91 
100 43 65 88 4 12 21 36 22 32 3 27 39 68 64 17 48 58 62 23 44 28 41 35 18 80 76 95 8 40 66 79 67 91 72 5 29 33 51 94 92 59 30 86 38 99 45 47 37 31 42 74 73 71 70 6 97 19 24 56 77 7 82 54 55 9 25 11 60 57 90 14 89 84 10 34 46 16 83 75 78 52 15 26 1 13 69 50 61 98 53 20 49 81 2 96 85 93 63 87 
20 25 55 29 35 95 53 14 37 6 78 94 86 19 15 79 60 46 31 49 7 61 64 38 5 4 30 36 58 24 52 39 54 33 98 73 50 71 97 85 90 40 67 100 41 99 93 59 28 72 22 1 18 81 51 21 43 10 42 83 11 12 69 96 77 45 48 32 66 26 63 65 70 56 47 82 13 92 84 68 3 44 23 8 80 89 62 87 34 16 76 9 27 2 88 74 17 75 91 57 
3 4 6 1 2 5 
95 2 40 92 86 69 9 23 73 74 22 1 4 62 28 49 68 11 5 88 8 67 13 29 30 6 41 31 16 19 63 3 53 57 93 66 97 91 52 42 45 44 14 72 77 24 15 70 81 46 35 54 47 99 75 37 61 48 84 79 34 12 100 26 80 58 50 18 36 83 96 89 60 43 27 7 94 10 59 90 78 33 55 38 25 64 82 85 39 71 56 51 87 76 98 21 17 65 32 20 
1 2 5 8 10 11 14 17 3 4 6 7 9 12 13 15 16 18 
16 15 5 17 2 6 3 1 9 14 7 13 8 12 10 11 4 
5 9 3 4 7 2 6 8 1 10 13 11 14 12 15 
26 60 86 29 62 81 77 17 3 87 76 8 94 21 51 37 41 48 95 40 65 43 36 6 32 14 35 1 7 52 67 90 42 69 10 72 78 98 16 80 5 20 13 38 2 27 92 88 15 64 23 75 89 56 83 50 96 47 99 66 74 71 59 53 79 49 9 4 18 33 68 63 91 22 73 25 12 54 70 11 19 57 82 61 30 31 84 28 97 44 55 58 46 34 39 100 93 45 85 24 
7 8 9 10 11 12 1 2 3 4 5 6 
33 39 28 44 18 8 14 43 49 24 45 50 29 20 25 30 31 32 34 35 36 40 41 37 42 1 2 3 4 5 6 7 9 10 11 12 15 16 17 21 22 26 27 23 46 38 47 13 19 48 
52 6 12 38 49 51 13 31 34 36 41 29 56 1 2 37 43 55 3 4 5 45 28 46 27 26 50 53 7 8 9 10 44 14 15 48 20 21 25 16 18 19 24 23 22 17 47 40 30 39 32 33 35 42 11 54 57 
46 16 70 5 95 10 88 52 37 12 93 59 6 96 24 8 39 68 92 84 100 27 77 64 67 9 50 15 62 29 19 48 99 25 79 45 2 83 30 14 7 75 22 20 65 23 42 3 97 4 28 78 17 18 69 66 44 26 89 74 51 31 98 33 36 34 63 76 60 81 91 11 47 57 87 82 54 41 90 86 61 21 73 72 71 94 38 40 58 49 1 13 56 35 85 43 53 55 32 80 
1 4 6 10 8 11 17 7 14 9 12 3 13 16 20 19 18 5 15 2 
10 54 1 26 74 63 67 73 34 4 16 47 69 38 39 62 9 28 71 93 79 78 55 29 48 44 58 36 7 18 90 100 22 32 5 41 11 51 95 98 66 19 72 24 50 60 12 99 61 64 96 8 53 30 70 91 76 85 52 49 15 6 25 59 68 3 46 17 87 84 31 35 37 14 20 56 89 43 33 83 27 65 82 88 45 92 23 42 13 77 86 21 57 97 40 94 80 81 2 75 
5 15 17 2 9 6 13 16 3 18 7 12 14 10 19 1 8 4 11 20 
2 30 46 42 7 76 50 65 67 49 62 61 60 34 66 93 40 6 20 99 80 31 58 90 77 79 55 96 59 54 26 1 38 84 85 98 10 41 72 13 16 75 22 51 64 45 53 35 57 37 48 9 78 25 28 32 23 68 33 44 8 71 63 69 89 36 5 70 47 81 56 29 52 91 17 4 14 87 88 19 83 86 95 24 3 39 27 100 94 11 74 21 43 12 97 73 15 92 18 82 
51 72 3 57 6 16 38 32 56 69 10 13 11 83 90 20 89 34 44 96 31 22 19 87 28 88 50 47 77 41 85 95 1 37 78 48 4 2 100 15 42 54 43 45 71 12 46 75 18 9 29 35 24 65 55 7 94 99 59 60 62 23 81 70 92 64 66 68 61 82 17 33 76 5 53 79 49 93 67 14 36 25 63 84 86 27 80 73 98 91 21 8 39 58 74 26 52 40 97 30 
2 27 77 49 69 58 100 76 39 15 90 37 78 33 62 8 89 18 38 41 9 50 34 52 35 71 92 44 16 91 97 6 88 87 7 60 63 72 1 51 29 26 20 3 48 5 54 70 43 81 30 85 13 40 73 21 95 10 57 79 22 99 23 66 94 19 96 28 42 53 98 14 80 24 83 59 68 74 82 25 84 64 86 47 93 61 45 56 55 17 31 11 36 4 32 65 67 12 46 75 
55 23 2 67 98 92 65 51 24 15 32 34 86 22 31 38 87 83 56 20 68 76 69 60 18 73 61 19 16 40 78 85 26 71 39 46 89 42 50 28 74 53 48 12 9 72 27 36 63 64 81 95 82 96 49 6 57 29 54 17 77 11 90 88 35 79 93 44 14 25 3 37 58 100 70 75 21 99 94 84 33 41 91 7 45 59 97 1 5 8 10 52 30 62 66 13 80 43 47 4 
5 9 7 1 3 8 10 4 6 2 
99 100 97 98 95 96 93 94 91 92 89 90 87 88 85 86 83 84 81 82 79 80 77 78 75 76 73 74 71 72 69 70 67 68 65 66 63 64 61 62 59 60 57 58 55 56 53 54 51 52 49 50 47 48 45 46 43 44 41 42 39 40 37 38 35 36 33 34 31 32 29 30 27 28 25 26 23 24 21 22 19 20 17 18 15 16 13 14 11 12 9 10 7 8 5 6 3 4 1 2 
1 2 3 4 5 6 7 8 9 10 11 12 13 14 15 16 17 18 19 20 21 22 23 24 25 26 27 28 29 30 31 32 33 34 35 36 37 38 39 40 41 42 43 44 45 46 47 48 49 50 51 52 53 54 55 56 57 58 59 60 61 62 63 64 65 66 67 68 69 70 71 72 73 74 75 76 77 78 79 80 81 82 83 84 85 86 87 88 89 90 91 92 93 94 95 96 97 98 99 100 
4 2 3 1 5 6 7 8 9 14 11 12 10 13 15 16 17 18 19 20 21 22 23 24 25 26 27 28 29 30 31 32 33 34 35 36 37 38 39 40 41 42 43 44 45 46 47 48 49 50 51 52 53 54 55 56 57 58 59 60 61 62 63 64 65 66 67 68 69 70 71 72 73 74 75 76 77 78 79 80 81 82 83 84 85 86 87 88 89 90 91 92 93 94 95 96 97 98 99 100 
81 47 29 38 72 14 7 53 34 22 39 26 93 99 94 89 82 80 66 33 41 59 5 48 78 15 11 50 74 32 31 43 54 20 46 88 91 67 40 51 25 45 56 92 97 79 77 70 90 60 58 76 12 8 52 44 83 64 9 73 69 24 37 42 19 6 30 10 1 18 65 75 27 2 68 96 35 63 86 62 23 17 98 36 49 71 57 95 87 13 21 84 100 3 55 28 61 85 4 16 
34 77 73 81 37 97 44 32 46 20 94 75 41 85 28 45 50 6 17 31 84 16 57 91 19 18 80 67 11 52 49 24 87 22 42 56 13 62 70 92 59 8 51 69 54 48 30 68 15 78 23 3 9 71 36 29 10 65 2 60 38 86 14 95 64 93 5 25 35 66 61 39 76 79 74 27 63 21 89 7 1 82 53 83 58 43 47 72 26 55 96 88 4 90 12 33 40 
43 55 10 59 17 82 51 53 49 8 70 61 1 74 50 71 24 65 16 18 3 35 78 9 66 26 45 32 13 52 48 31 69 38 67 68 47 12 22 4 76 21 60 85 73 86 72 56 80 83 14 2 27 5 25 7 46 34 44 30 33 62 81 37 20 75 64 40 63 87 15 54 28 57 79 84 6 23 39 41 11 29 36 77 58 19 42 
4 8 14 16 31 99 51 64 54 41 59 69 92 81 98 1 5 88 7 9 25 27 29 36 38 89 35 45 46 50 60 53 68 71 74 57 94 97 3 10 6 15 86 87 75 80 82 67 61 62 66 72 34 32 76 79 85 91 70 93 19 20 40 22 26 39 33 78 37 17 49 83 96 73 100 2 12 56 24 28 48 43 44 13 77 23 95 55 47 42 90 18 21 30 52 84 58 63 65 11 
1 2 3 4 5 6 7 8 9 10 11 12 13 14 15 16 17 18 19 20 21 22 23 24 25 26 27 28 29 30 31 32 33 34 35 36 37 38 39 40 41 42 43 44 45 46 47 48 49 50 51 52 53 54 55 56 57 58 59 60 61 62 63 64 65 66 67 68 69 70 71 72 73 74 75 76 77 78 79 80 81 82 83 84 85 86 87 88 89 90 91 92 
74 22 17 6 50 92 85 32 9 29 51 60 84 90 77 61 54 33 46 96 100 62 58 53 16 59 63 79 87 88 91 83 93 97 98 80 72 70 68 1 2 5 15 25 12 13 20 26 27 28 37 73 10 66 52 40 31 43 44 71 69 42 64 45 38 55 78 56 57 36 34 35 3 67 81 82 7 99 18 4 8 11 14 19 21 23 30 39 41 47 48 49 24 65 75 76 86 89 94 95 
16 25 24 34 71 39 41 42 54 66 76 28 1 52 35 7 27 12 15 14 86 4 84 8 30 32 17 63 20 21 29 51 64 50 5 43 44 82 67 26 47 58 18 19 13 33 55 40 62 48 23 10 49 56 60 36 77 75 22 74 85 65 38 61 11 45 78 87 2 3 72 73 83 81 68 46 88 70 9 31 53 57 69 80 6 59 37 79 
31 11 23 95 6 86 10 39 61 80 87 9 75 34 93 45 47 36 82 46 24 15 3 5 74 56 18 97 22 62 27 21 40 53 73 85 30 14 43 42 83 32 50 94 99 58 71 69 72 25 81 52 57 78 70 26 88 91 96 35 98 68 77 59 33 89 51 12 7 55 44 49 38 16 54 48 28 65 29 66 13 8 90 19 37 17 64 79 20 76 41 63 1 4 92 84 2 60 67 
4 10 16 22 28 34 40 46 52 58 64 70 6 7 1 30 18 36 24 19 12 42 13 72 66 31 25 48 54 33 37 27 15 43 9 45 3 55 49 51 67 39 21 63 69 57 61 53 5 47 11 59 17 29 23 41 65 35 71 14 8 60 50 20 2 26 56 32 62 38 68 44 
92 58 79 21 99 59 29 94 90 80 67 62 87 48 83 100 45 38 15 2 84 31 50 64 55 39 25 68 65 41 71 97 17 8 36 72 7 5 19 49 30 20 32 23 56 46 76 70 95 81 27 91 57 13 12 51 61 34 33 73 26 52 75 4 44 89 35 6 53 82 96 77 42 16 74 3 14 78 10 85 24 37 88 40 18 93 69 28 60 9 43 98 54 11 66 47 63 22 86 1 
56 31 78 49 13 38 45 2 62 53 71 70 99 42 97 8 87 60 39 18 24 36 33 90 20 6 61 23 76 15 96 4 14 74 82 59 44 22 34 69 30 57 43 9 37 35 16 50 81 1 40 10 68 7 88 94 77 83 95 67 17 51 79 19 26 25 86 64 75 21 28 55 92 63 84 85 80 93 48 72 66 58 52 98 65 32 12 73 91 5 89 41 27 46 11 100 47 54 3 29 
28 2 5 7 8 40 41 59 31 52 3 26 11 42 36 10 63 81 23 43 50 20 73 61 30 13 82 16 70 57 22 38 24 19 1 74 17 47 34 69 67 64 51 9 14 79 12 45 44 18 33 4 35 29 72 46 71 62 65 58 68 77 15 55 48 66 37 25 27 21 54 32 39 60 80 83 6 49 78 56 75 84 85 53 76 
40 81 17 79 93 76 88 15 90 60 21 62 27 41 35 51 56 98 92 39 57 33 31 3 85 48 58 30 29 84 34 99 66 77 32 87 64 13 1 100 73 55 82 42 52 18 20 89 36 37 95 71 24 22 68 70 78 54 80 10 91 38 19 67 49 53 25 94 65 83 6 4 96 69 23 7 43 86 12 75 72 45 50 46 59 47 5 74 16 14 28 26 97 44 9 2 63 11 8 61 
99 50 71 7 86 84 61 72 51 18 78 80 82 76 30 26 63 41 54 91 8 6 77 95 28 17 29 1 49 12 58 59 48 4 47 96 55 53 62 64 92 32 100 66 39 38 13 42 75 15 31 97 35 98 45 57 74 19 25 46 65 85 3 90 88 44 69 79 23 37 9 73 56 67 93 33 34 40 83 2 5 10 52 22 81 36 14 24 27 87 11 70 21 68 20 43 16 94 89 60 
85 79 44 17 19 54 95 45 23 27 7 28 70 74 22 34 66 84 80 55 57 21 87 59 58 30 48 49 36 90 71 93 68 88 47 5 41 96 9 60 77 97 78 76 39 12 94 14 53 8 65 75 16 6 3 72 10 89 92 31 64 46 26 18 35 32 37 91 29 81 86 83 73 62 50 61 43 33 51 4 52 24 20 67 42 25 40 63 1 56 15 38 11 69 82 13 2 
97 80 42 78 82 31 76 58 14 91 48 88 37 44 15 38 12 77 66 92 20 86 63 39 98 50 53 24 96 33 30 16 25 54 75 1 95 65 19 13 28 46 11 7 79 59 6 34 84 74 36 100 55 17 21 83 93 22 90 52 49 60 62 43 9 94 27 32 45 10 23 5 26 35 3 69 81 41 87 18 73 68 4 72 99 89 57 8 70 51 71 85 47 40 56 64 67 29 61 2 
1 2 3 4 5 6 7 8 9 10 11 12 13 14 15 16 17 18 19 20 21 22 23 24 25 26 27 28 29 30 31 32 33 34 35 36 37 38 39 40 41 42 43 44 45 46 47 48 49 50 51 52 53 54 55 56 57 58 59 60 61 62 63 64 65 66 67 68 69 70 71 72 73 74 75 76 77 78 79 80 81 82 83 84 85 86 87 88 89 90 91 92 93 94 95 96 97 98 99 100 
17 84 26 44 69 10 30 18 1 20 39 40 82 15 16 55 27 25 72 61 73 11 43 8 23 79 94 5 74 35 100 68 91 83 46 59 96 93 86 24 19 41 51 48 37 42 6 92 99 3 67 87 7 78 13 54 57 58 53 56 64 71 4 97 49 9 22 47 95 14 31 88 66 90 77 80 29 70 60 36 62 85 21 38 65 89 76 75 45 81 32 12 63 33 52 34 2 50 98 28 
50 51 1 2 3 4 5 6 7 8 9 10 11 12 13 14 15 16 17 18 19 20 21 22 23 24 25 26 27 28 29 30 31 32 33 34 35 36 37 38 39 40 41 42 43 44 45 46 47 48 49 52 53 54 55 56 57 58 59 60 61 62 63 64 65 66 67 68 69 70 71 72 73 74 75 76 77 78 79 80 81 82 83 84 85 86 87 88 89 90 91 92 93 94 95 96 97 98 99 
56 6 14 7 73 28 15 92 88 26 52 70 32 20 3 11 30 2 43 60 13 17 63 94 86 64 38 22 10 45 61 19 49 79 95 18 55 9 21 24 27 4 87 93 35 42 80 62 39 12 40 41 54 25 84 36 51 78 58 1 81 44 89 29 72 74 65 53 37 47 48 69 50 71 16 90 68 33 31 76 57 77 91 96 85 23 34 66 67 5 83 8 59 82 97 46 75 
14 81 98 93 51 71 2 86 46 65 40 38 16 89 20 85 54 95 88 47 49 39 92 8 19 84 83 42 3 12 17 30 5 78 7 91 67 72 21 80 36 61 76 62 43 9 55 18 11 94 74 33 27 37 1 75 99 63 66 25 52 15 70 82 50 59 22 45 69 87 24 100 41 28 60 77 23 32 48 34 58 26 56 10 31 97 73 53 68 13 79 90 96 44 29 35 4 64 6 57 
19 54 91 59 13 93 55 44 73 62 22 92 69 94 14 36 80 26 17 45 87 50 34 77 61 56 48 97 42 100 70 6 32 74 81 79 86 46 18 98 30 8 51 38 76 10 21 16 96 64 75 78 71 40 84 24 99 1 20 27 29 23 39 33 3 49 60 28 89 35 43 47 52 83 37 67 90 65 72 12 68 88 11 41 25 57 31 58 85 4 53 7 5 95 15 82 63 2 9 66 
1 11 2 12 3 13 4 14 5 15 6 16 7 17 8 18 9 19 10 20 
1 80 79 78 77 76 75 74 73 72 71 70 69 68 67 66 65 64 63 62 61 60 59 58 57 56 55 54 53 52 51 50 49 48 47 46 45 44 43 42 41 40 39 38 37 36 35 34 33 32 31 30 29 28 27 26 25 24 23 22 21 20 19 18 17 16 15 14 13 12 11 10 9 8 7 6 5 4 3 2 
29 68 8 64 45 2 78 7 19 36 62 82 1 39 47 93 94 10 70 79 33 27 73 55 90 66 18 58 88 69 26 48 59 23 65 49 54 80 95 21 53 42 57 92 5 32 12 14 38 44 6 76 89 67 37 16 35 41 97 61 25 43 13 91 20 15 63 30 84 71 74 77 31 22 28 40 52 56 51 60 83 46 24 34 4 11 3 81 86 17 9 72 85 96 87 75 50 
33 34 35 36 37 38 39 40 41 42 43 44 45 46 47 48 49 50 51 52 53 54 55 56 57 58 59 60 61 62 32 63 17 18 19 20 21 22 23 24 25 26 27 28 29 30 16 31 5 15 9 10 11 12 13 14 6 3 4 7 8 2 1 
12 1 2 4 11 28 91 83 25 9 23 6 7 40 80 3 10 88 51 20 31 30 33 38 26 55 29 92 81 63 22 24 72 16 17 14 39 13 36 56 100 79 57 58 35 42 32 47 34 49 18 19 67 48 60 52 87 93 68 8 71 54 59 76 15 62 95 96 61 74 41 65 77 66 37 44 46 43 98 75 64 82 85 89 70 78 84 86 90 99 73 5 50 97 21 27 69 94 45 53 
44 15 83 37 92 45 12 20 74 4 21 79 77 72 62 52 82 5 67 60 69 22 41 75 38 24 55 33 54 95 93 6 18 51 16 13 63 80 86 27 42 94 8 32 71 23 78 53 36 91 66 19 26 25 100 73 49 9 76 46 11 81 65 48 97 14 89 34 31 96 87 90 64 70 30 2 58 57 85 88 1 29 28 68 35 39 50 40 99 84 98 47 7 17 43 61 56 10 3 59 
16 66 50 10 30 27 57 97 99 19 83 93 33 79 21 34 35 22 2 39 24 80 43 92 41 20 53 25 7 18 82 91 45 56 65 77 3 17 37 62 11 51 94 63 95 52 29 71 74 72 96 84 12 58 38 28 46 54 36 70 4 90 23 47 75 15 100 59 44 98 14 8 88 69 60 76 26 86 5 40 13 32 1 64 68 89 31 48 87 42 81 85 6 67 78 9 49 61 55 73 
4 3 1 2 
26 30 27 31 37 36 19 33 17 28 29 34 38 40 24 15 18 14 9 22 16 12 1 25 6 7 32 20 4 21 3 35 23 11 39 13 8 2 10 5 
7 8 9 17 12 15 4 6 1 2 3 5 10 11 13 14 16 
98 69 32 96 30 26 49 90 74 39 7 3 17 99 67 2 89 84 50 73 55 24 9 54 76 53 27 41 94 38 59 34 82 70 68 19 4 100 60 51 48 44 10 85 11 80 21 77 47 71 31 36 92 97 58 86 65 88 46 95 78 22 37 14 20 1 66 29 93 35 33 5 45 79 52 13 64 8 23 12 42 28 91 63 61 87 83 25 56 57 6 81 75 18 16 43 72 62 40 15 
8 38 89 37 39 82 58 35 25 61 88 33 81 93 12 41 32 91 86 59 46 76 63 90 49 18 7 60 6 3 53 54 24 79 85 92 99 62 74 17 16 21 83 65 44 52 30 11 51 50 1 78 15 96 68 67 84 87 75 40 22 56 98 28 29 9 72 13 34 55 80 70 36 71 100 77 69 66 26 97 2 10 31 94 4 14 43 95 27 19 42 20 48 23 45 57 64 47 73 5 
80 87 89 44 85 68 78 60 7 79 66 65 6 47 49 27 92 1 45 38 54 8 100 39 10 98 84 97 11 90 72 34 5 69 33 70 31 42 20 62 76 21 29 41 28 14 40 3 35 82 52 17 2 50 73 61 23 91 96 93 56 18 22 55 48 30 24 74 37 75 25 46 88 36 51 64 99 19 26 4 58 9 15 16 43 95 32 81 13 94 57 63 77 67 59 86 71 83 12 53 
