9 5 1 3 19 15 21 11 13 27 7 41 39 61 31 53 65 43 55 29 63 60 17 23 49 33 66 25 59 37 51 47 35 57 45 64 54 62 48 58 40 56 52 42 16 38 28 24 20 30 32 46 44 18 22 50 36 12 26 4 34 8 10 2 14 6 
51 82 84 61 88 86 100 58 43 45 47 49 63 59 65 80 67 74 78 92 19 90 21 23 25 27 29 96 33 35 70 98 76 37 39 94 3 72 7 41 64 57 68 5 9 11 13 15 31 38 1 62 55 66 2 4 6 8 10 12 14 16 18 20 17 24 26 28 30 32 34 36 22 40 42 44 46 48 50 52 54 56 53 60 69 71 73 75 77 79 81 83 85 87 89 91 93 95 97 99 
25 13 16 5 11 20 18 12 15 4 8 10 7 14 2 22 23 1 3 21 6 9 17 24 19 
9 1 25 3 7 17 5 11 15 19 13 35 39 31 29 37 23 21 33 51 27 43 49 41 57 87 89 83 45 99 55 91 79 75 71 63 77 65 85 61 73 53 93 95 69 97 59 81 67 96 98 100 47 90 92 94 88 82 76 86 78 66 72 80 84 74 62 68 70 60 64 56 58 50 52 54 46 48 38 40 44 36 42 34 24 26 30 32 28 18 22 16 20 14 10 12 8 6 4 2 
5 9 10 1 2 3 4 6 7 8 
9 90 26 25 71 65 7 52 28 50 55 10 16 8 37 35 56 89 60 21 47 15 64 22 86 85 76 81 63 44 5 19 23 99 27 38 91 41 46 82 30 20 43 87 13 97 49 39 1 88 40 61 34 62 33 42 93 70 45 83 4 6 96 51 48 77 75 14 36 54 57 2 92 67 80 53 12 31 3 24 94 100 17 95 84 78 72 98 11 59 69 73 32 29 18 66 58 74 68 79 
51 52 53 54 55 56 57 58 59 60 61 62 63 64 65 66 67 68 69 70 71 72 73 74 75 76 77 78 79 80 81 82 83 84 85 86 87 88 89 90 91 92 93 94 95 96 97 98 99 49 1 2 3 4 5 6 7 8 9 10 11 12 13 14 15 16 17 18 19 20 21 22 23 24 25 26 27 28 29 30 31 32 33 34 35 36 37 38 39 40 41 42 43 44 45 46 47 48 50 
1 3 7 5 13 9 11 15 17 19 21 23 37 39 41 43 45 47 25 27 31 33 29 35 73 75 77 79 81 85 83 95 67 91 93 97 51 49 53 55 57 59 61 63 65 89 69 71 87 99 100 98 96 92 86 82 88 94 78 80 84 90 76 72 68 74 70 64 62 66 58 60 56 54 50 48 52 46 42 44 40 38 34 36 32 30 28 26 24 22 20 18 16 14 12 10 8 6 4 2 
11 12 96 32 40 69 76 88 100 56 62 1 79 92 80 38 53 65 48 42 30 91 68 3 71 84 23 87 67 19 10 50 35 95 33 17 37 45 59 97 25 26 70 61 41 20 31 60 2 73 13 16 54 78 82 72 93 89 5 77 58 51 44 39 28 18 14 8 7 9 27 43 55 57 6 74 98 99 94 90 86 81 83 34 49 75 63 52 4 15 21 85 46 36 22 24 29 47 64 66 
63 97 34 41 11 57 68 38 58 47 67 74 4 87 96 43 69 23 61 10 100 95 89 59 25 75 42 16 22 19 64 24 48 88 18 8 77 76 1 27 53 3 6 28 55 79 35 54 37 93 65 82 17 40 71 91 99 33 20 39 80 32 73 78 90 60 21 7 13 12 26 92 51 29 56 31 5 49 9 62 94 46 30 84 70 66 85 44 45 14 86 36 2 15 72 52 50 83 81 98 
51 52 53 54 55 56 57 58 59 60 61 62 63 64 65 66 67 68 69 70 71 72 73 74 75 76 77 78 79 80 81 82 83 84 85 86 87 88 89 90 91 92 93 94 95 96 97 98 99 100 1 2 3 4 5 6 7 8 9 10 11 12 13 14 15 16 17 18 19 20 21 22 23 24 25 26 27 28 29 30 31 32 33 34 35 36 37 38 39 40 41 42 43 44 45 46 47 48 49 50 
3 12 20 23 24 2 5 6 19 16 11 13 14 15 10 7 18 4 1 9 17 8 21 22 
18 53 11 46 33 59 77 91 58 7 67 2 99 16 15 55 28 22 44 87 96 10 31 74 12 8 51 26 32 6 73 40 66 24 23 94 34 42 39 69 64 48 20 57 21 50 75 35 93 84 86 37 63 80 81 41 92 78 89 43 85 70 19 88 4 30 52 100 98 17 45 95 14 56 47 60 61 82 36 72 79 76 65 29 9 90 97 71 62 3 49 5 83 27 1 13 54 38 25 68 
7 1 5 9 17 3 11 23 15 19 13 21 27 25 57 43 29 33 93 73 41 53 51 55 47 35 59 31 67 63 89 45 71 97 91 39 99 85 37 77 69 83 49 95 87 75 61 79 65 81 90 94 88 84 86 98 78 50 80 60 46 66 70 64 56 62 96 100 48 52 54 82 74 68 72 38 34 44 76 92 58 18 32 28 42 20 26 40 14 16 30 24 36 6 22 12 10 4 8 2 
1 2 3 4 5 6 7 8 9 10 11 12 13 14 15 16 17 18 19 20 21 22 23 24 25 26 27 28 29 30 31 32 33 34 35 36 37 38 39 40 41 42 43 44 45 46 47 48 49 50 51 52 53 54 55 56 57 58 59 60 61 62 63 64 65 66 67 68 69 70 71 72 73 74 75 76 77 78 79 80 81 82 83 84 85 86 87 88 89 90 91 92 93 94 95 96 97 98 99 100 
5 3 13 29 39 31 11 21 33 17 23 25 9 69 15 37 93 85 19 75 53 49 89 59 51 45 41 54 81 35 47 61 97 72 64 43 87 55 67 98 77 90 76 58 27 88 79 96 86 52 42 78 94 34 46 65 62 56 82 68 70 60 50 44 80 48 28 38 84 24 32 66 40 14 30 22 1 26 71 36 12 16 18 20 7 92 8 10 57 73 95 83 6 63 74 91 2 4 99 100 
30 40 72 82 86 91 44 57 18 90 13 94 12 33 36 56 8 49 65 67 68 47 53 31 69 1 61 4 7 19 55 52 34 38 54 41 59 97 70 45 46 50 89 93 21 77 10 84 22 24 39 29 35 51 48 63 73 9 81 27 20 26 71 11 42 100 99 2 5 83 15 17 32 58 60 62 66 80 75 74 85 92 98 3 6 37 14 16 23 25 28 43 64 76 78 79 87 88 95 96 
1 3 4 10 11 12 13 14 15 16 19 20 21 22 24 27 17 18 23 25 26 2 5 6 7 8 9 
87 51 86 81 60 62 17 94 77 6 26 70 29 36 76 37 41 48 95 40 65 80 7 8 67 32 20 99 78 1 89 90 52 42 72 38 3 59 2 21 83 66 98 64 31 46 92 56 69 5 33 14 50 71 97 79 11 35 43 47 74 53 73 15 10 49 27 18 54 44 68 13 63 22 25 58 34 12 24 9 19 57 4 82 39 75 61 96 84 30 16 100 91 55 88 85 23 28 93 45 
21 8 14 18 20 2 23 25 1 4 10 5 6 32 29 3 7 9 11 12 13 15 16 17 19 22 24 26 27 28 30 31 33 
9 1 7 5 19 17 51 3 49 29 21 35 33 39 11 23 93 13 85 57 27 95 89 87 83 65 55 75 71 73 69 88 59 90 77 94 91 41 67 96 84 45 37 70 63 81 74 46 86 72 98 76 34 53 56 52 58 15 25 92 50 78 43 40 97 47 60 66 24 79 62 99 61 54 68 36 48 22 80 38 42 64 30 44 26 31 20 18 82 16 28 100 6 8 12 10 32 14 2 4 
1 13 12 19 9 5 8 7 11 4 3 15 18 2 10 17 14 16 6 20 
79 32 19 56 78 14 90 87 80 33 60 74 17 44 51 48 68 71 50 18 53 20 2 30 24 84 13 21 57 23 72 98 65 43 82 45 35 10 92 29 6 31 83 76 70 67 15 55 36 93 28 85 38 37 63 81 62 46 41 73 89 58 61 54 39 96 77 69 64 40 75 8 3 5 11 34 22 47 94 59 25 16 86 49 1 26 52 7 4 88 9 97 12 95 27 42 91 66 
20 1 7 5 21 10 15 9 13 17 16 3 18 8 11 14 19 2 4 6 12 
50 1 3 4 6 7 8 9 11 12 13 14 15 16 17 18 19 20 21 22 23 24 25 26 27 28 29 30 31 32 33 35 36 38 39 40 41 43 44 45 46 47 48 49 5 10 34 37 2 42 
1 2 3 4 5 6 7 8 9 10 11 12 13 14 15 16 17 18 19 20 21 22 23 24 25 26 27 28 29 30 31 32 33 34 35 36 37 38 39 40 41 42 43 44 45 46 47 48 49 50 51 52 53 54 55 56 57 58 59 60 61 62 63 64 65 66 67 68 69 70 71 72 73 74 75 76 77 78 79 80 81 82 83 84 85 86 87 88 89 90 91 92 93 94 95 96 97 98 99 100 
100 74 21 2 43 3 8 36 13 17 25 6 75 29 89 20 73 53 26 4 28 68 77 31 27 9 23 69 83 96 39 76 64 16 24 1 88 85 7 56 93 15 78 92 62 70 38 40 14 30 44 98 97 48 94 95 99 57 66 51 91 84 18 46 19 72 54 22 58 81 55 61 5 52 33 80 37 50 71 10 45 90 59 34 60 42 41 12 86 65 35 32 11 47 67 79 82 63 87 49 
45 84 54 16 55 70 69 10 72 28 92 71 7 78 31 43 73 3 6 61 36 41 75 20 88 11 96 93 25 34 91 67 19 49 76 46 2 13 22 32 44 37 53 33 97 39 51 59 100 74 18 8 35 26 77 90 42 56 95 81 9 57 17 87 60 52 48 27 50 47 89 1 83 98 15 64 68 24 21 29 58 12 66 30 40 5 86 79 82 85 65 38 63 94 99 62 23 4 80 14 
8 11 98 6 33 45 95 4 24 86 32 82 44 13 91 97 10 87 84 38 47 69 100 31 70 80 48 9 68 50 14 55 42 96 79 61 75 78 65 26 39 16 99 30 54 28 73 60 53 52 23 92 58 21 89 88 74 25 57 94 77 19 46 18 81 71 59 35 49 29 43 40 64 1 12 27 76 62 5 83 2 85 90 41 15 36 20 63 66 3 72 7 67 37 34 56 51 22 93 17 
9 53 46 10 70 56 85 59 41 44 54 4 12 76 65 83 33 92 52 29 7 84 32 88 98 34 35 40 3 95 87 6 18 63 66 74 31 22 51 71 55 45 36 93 20 25 43 86 23 96 99 50 97 94 17 90 26 82 77 13 80 38 81 39 69 67 64 61 57 62 27 58 48 28 24 14 47 21 15 68 72 79 73 91 60 100 42 75 37 49 78 16 30 19 89 11 5 1 2 8 
6 17 68 26 29 74 78 53 96 87 85 76 49 23 56 28 21 46 25 31 39 7 79 55 24 52 63 40 81 18 16 94 69 54 60 67 33 35 62 10 82 22 92 44 99 19 8 51 86 4 59 91 95 3 77 57 32 15 43 34 83 75 97 38 61 30 27 12 47 73 42 48 100 80 72 98 71 37 88 2 41 64 90 45 36 89 20 11 70 1 93 13 66 84 65 5 9 14 58 50 
10 57 4 43 19 46 24 1 15 62 39 33 42 63 73 56 18 34 22 85 77 52 20 95 6 9 44 65 13 96 80 84 26 21 45 32 49 61 48 93 53 28 41 8 60 51 79 29 16 98 92 5 91 94 90 35 2 7 36 100 47 67 72 83 25 74 37 3 88 76 11 12 64 31 50 75 99 70 58 82 68 30 55 89 97 54 17 71 78 27 69 23 87 66 81 40 38 14 59 86 
45 80 20 42 65 66 91 48 71 68 72 27 15 49 34 3 17 12 36 8 28 73 53 57 14 81 2 82 92 95 60 38 58 24 35 13 97 1 16 98 70 4 40 43 63 19 76 52 96 54 67 74 59 93 11 31 46 84 85 6 22 23 47 33 29 56 90 44 5 30 62 89 77 79 87 61 75 64 99 41 37 39 83 55 88 9 10 32 69 86 94 25 100 7 18 21 26 50 51 78 
1 2 3 4 5 6 7 8 9 10 11 12 13 14 15 16 17 18 19 20 21 22 23 24 25 26 27 28 29 30 31 32 33 34 35 36 37 38 39 40 41 42 43 44 45 46 47 48 49 50 51 52 53 54 55 56 57 58 59 60 61 62 63 64 65 66 67 68 69 70 71 72 73 74 75 76 77 78 79 80 81 82 83 84 85 86 87 88 89 90 91 92 93 94 95 96 97 98 99 100 
1 3 7 8 10 15 16 17 20 24 25 26 27 29 31 32 35 38 41 43 44 45 46 48 49 51 55 56 58 59 61 63 64 65 68 72 73 74 75 77 79 80 83 86 89 90 91 33 93 94 95 13 42 47 50 40 57 66 67 69 70 71 78 9 21 87 88 2 11 12 96 14 5 6 76 28 36 92 54 62 82 81 84 4 18 19 85 22 23 30 34 37 39 60 52 53 
1 3 5 29 13 11 9 15 7 19 23 55 21 31 65 47 39 25 17 37 49 33 51 83 75 35 91 27 87 77 89 53 59 45 69 71 61 85 63 57 81 73 97 79 93 67 43 88 95 99 94 41 98 84 100 90 96 64 66 72 86 56 82 60 70 78 92 80 74 76 62 54 42 52 58 68 38 50 32 34 48 30 40 46 22 28 36 10 20 24 44 16 26 12 14 18 6 8 2 4 
43 14 18 20 24 26 30 32 36 38 40 44 46 48 50 52 54 56 57 58 62 63 64 66 68 69 70 72 74 75 76 78 79 80 81 82 83 84 85 86 87 88 89 90 1 2 3 4 5 6 7 8 9 10 11 12 15 16 21 22 27 28 33 34 41 42 59 60 13 17 19 23 25 29 31 35 37 39 45 47 49 51 53 55 61 65 67 71 73 77 
18 88 92 70 99 12 23 37 35 66 79 98 64 3 14 68 72 42 43 53 85 67 62 26 91 100 93 40 47 7 10 96 5 20 56 87 9 11 95 2 60 80 36 86 28 89 1 71 97 52 49 16 65 30 31 41 34 4 63 77 76 46 51 82 83 39 33 50 25 17 55 58 81 8 15 73 84 27 78 45 24 75 19 54 61 90 48 38 21 32 59 13 69 57 94 44 29 22 74 6 
41 49 64 25 100 79 37 46 47 10 67 90 81 32 88 63 21 27 66 29 56 40 91 38 35 4 97 20 70 24 99 58 94 51 28 12 83 5 48 18 52 26 6 36 74 89 54 98 72 95 9 19 86 77 87 96 31 85 65 59 78 17 69 82 53 84 57 60 93 34 55 68 33 14 15 7 73 76 45 44 22 50 23 13 1 11 80 71 43 16 30 92 8 61 2 42 62 39 3 75 
1 7 3 5 15 17 13 9 11 31 19 21 35 33 37 39 23 27 25 41 47 43 29 77 59 45 79 91 93 69 89 57 55 65 95 85 71 61 81 67 83 51 73 63 99 87 49 53 75 97 58 66 92 94 100 98 96 86 84 80 78 76 70 82 74 90 64 72 60 88 62 68 38 54 48 50 52 56 46 44 40 42 30 36 34 26 32 28 14 22 24 18 20 16 12 10 8 6 2 4 
16 36 76 74 5 88 6 77 18 43 19 75 9 81 50 86 38 4 61 93 89 34 28 100 52 10 41 79 68 40 47 90 67 92 72 32 1 3 12 95 48 73 27 21 26 87 39 8 58 71 45 20 22 24 65 11 14 85 97 62 66 57 78 54 91 23 15 25 83 44 94 49 98 99 96 56 51 13 60 84 80 42 30 37 35 29 7 33 63 70 69 82 2 31 59 55 46 64 53 17 
1 5 13 16 19 21 22 24 26 27 29 31 32 30 34 36 38 40 41 3 4 7 9 10 11 14 15 17 18 20 23 25 28 33 35 37 39 2 6 8 12 
66 4 67 55 14 39 64 45 8 75 11 82 71 72 69 30 89 47 85 86 16 51 100 19 33 28 23 65 80 93 79 46 49 18 97 52 48 81 25 17 3 31 60 59 5 9 24 58 15 95 27 57 2 7 42 41 35 99 70 74 63 76 34 61 20 88 56 44 54 38 21 62 92 6 77 29 50 22 53 36 40 83 84 91 32 73 96 94 13 43 90 1 26 12 37 78 98 10 87 68 
1 2 3 4 5 6 7 8 9 10 11 12 13 14 15 16 17 18 19 20 21 22 23 24 25 26 27 28 29 30 31 32 33 34 35 36 37 38 39 40 41 42 43 44 45 46 47 48 49 50 51 
1 4 7 8 3 5 6 9 2 
1 4 7 10 13 16 19 22 25 28 31 34 37 40 43 46 49 50 52 53 55 56 58 59 61 62 64 65 67 68 70 71 73 74 76 77 79 80 82 83 85 86 88 89 91 92 94 72 97 98 2 3 5 6 8 9 11 12 96 15 17 18 20 21 23 24 26 27 29 30 38 33 35 36 100 39 41 42 44 45 47 48 51 54 57 60 63 66 69 95 75 78 81 84 87 90 93 32 99 14 
45 53 68 55 57 61 70 69 92 94 96 12 72 76 78 80 7 84 51 88 90 1 3 5 100 11 13 15 19 17 21 23 25 27 29 31 33 35 37 39 41 43 65 47 49 86 63 82 9 59 62 74 66 67 64 73 2 4 6 8 10 98 14 16 18 20 22 24 26 28 30 32 34 36 38 40 42 44 46 48 50 52 54 56 58 60 71 75 77 79 81 83 85 87 89 91 93 95 97 99 
82 78 9 100 8 81 23 15 72 29 98 85 5 80 32 83 63 84 19 96 88 62 94 99 66 46 39 1 6 36 42 51 70 97 91 41 52 17 22 95 14 4 3 40 12 7 43 89 37 31 68 74 92 11 50 61 47 30 67 65 16 18 34 35 60 56 73 38 2 49 13 75 25 54 57 87 71 55 24 59 64 10 28 93 26 69 21 27 48 76 79 86 58 44 20 33 45 90 53 77 
1 3 7 5 9 11 19 21 23 13 15 17 37 39 41 43 45 47 25 27 29 31 33 35 73 75 77 79 81 83 85 87 89 91 97 95 49 51 53 55 57 59 61 63 65 67 69 71 93 99 100 98 96 94 92 90 88 86 84 82 80 78 76 74 72 68 70 66 64 62 60 58 56 54 52 50 48 46 44 42 40 38 36 34 32 30 28 26 24 22 20 18 16 14 12 10 8 6 4 2 
11 5 1 23 19 7 33 13 39 25 9 21 3 59 31 29 49 47 77 63 61 51 27 89 41 97 17 35 37 15 91 67 45 73 55 75 57 43 85 95 93 79 99 87 53 65 78 71 46 90 64 94 69 70 88 81 54 83 100 60 62 76 48 80 86 72 96 98 42 44 52 56 92 28 30 40 50 58 84 38 22 68 32 34 26 36 20 82 2 4 66 24 74 10 14 18 6 8 12 16 
1 2 3 4 5 6 7 8 9 10 11 12 13 14 15 16 17 18 19 20 21 22 23 24 25 26 27 28 29 30 31 32 33 34 35 36 37 38 39 40 41 42 43 44 45 46 47 48 49 50 51 52 53 54 55 56 57 58 59 60 61 62 63 64 65 66 67 68 69 70 71 72 73 74 75 76 77 78 79 80 81 82 83 84 85 86 87 88 89 90 91 92 93 94 95 96 97 98 99 100 
1 2 3 4 5 6 7 8 9 10 11 12 13 14 15 16 17 18 19 20 21 22 23 24 25 26 27 28 29 30 31 32 33 34 35 36 37 38 39 40 41 42 43 44 45 46 47 48 49 50 51 52 53 54 55 56 57 58 59 60 61 62 63 64 65 66 67 68 69 70 71 72 73 74 75 76 77 78 79 80 81 82 83 84 85 86 87 88 89 90 91 92 93 94 95 96 97 98 99 100 
1 8 9 11 12 18 2 3 7 14 13 15 17 19 10 6 5 16 4 
1 2 3 4 5 6 7 8 9 10 11 12 13 14 15 16 17 18 19 20 21 22 23 24 25 26 27 28 29 30 31 32 33 34 35 36 37 38 39 40 41 42 43 44 45 46 47 48 49 50 51 52 53 54 55 56 57 58 59 60 61 62 63 64 65 66 67 68 69 70 71 72 73 74 75 76 77 78 79 80 81 82 83 84 85 86 87 88 89 90 91 92 93 94 95 96 97 98 99 100 
18 64 85 2 74 62 43 11 56 36 57 58 33 50 28 95 98 92 81 26 17 99 24 19 6 20 23 83 86 1 9 90 93 46 88 70 27 10 35 53 7 14 66 78 60 65 75 77 8 87 91 52 32 61 29 4 49 13 12 97 84 82 80 42 76 94 45 38 96 30 37 31 51 3 68 71 100 73 25 69 67 55 21 15 22 5 72 89 59 47 63 54 48 16 39 79 40 34 41 44 
5 7 9 1 2 4 10 6 3 8 
1 2 3 4 5 6 7 8 9 10 11 12 13 14 15 16 17 18 19 20 21 22 23 24 25 26 27 28 29 30 31 32 33 34 35 36 37 38 39 40 41 42 43 44 45 46 47 48 49 50 51 52 53 54 55 56 57 58 59 60 61 62 63 64 65 66 67 68 69 70 71 72 73 74 75 76 77 78 79 80 81 82 83 84 85 86 87 88 89 90 91 92 93 94 95 96 97 98 99 100 
1 3 7 9 5 27 11 23 21 15 17 19 37 13 41 25 43 53 31 39 65 33 35 29 85 63 81 45 47 83 69 89 51 55 57 87 59 77 71 73 79 67 61 75 49 93 95 91 97 78 99 90 92 96 98 88 100 80 84 86 70 94 76 68 82 72 62 58 66 74 56 60 64 50 52 54 42 46 48 38 36 44 40 32 26 34 30 20 24 18 22 28 12 14 16 8 10 6 2 4 
69 23 32 6 96 72 74 58 91 44 15 45 31 71 3 46 2 25 66 100 95 78 63 53 16 34 43 17 41 13 4 48 18 24 51 68 98 82 47 60 21 12 52 55 8 99 50 36 22 28 59 54 26 39 67 89 40 75 11 87 30 62 29 70 37 56 64 80 90 94 27 20 86 10 79 19 9 65 93 73 1 14 83 7 97 61 81 49 33 57 92 84 76 5 77 42 88 85 35 38 
1 2 3 4 5 6 7 8 9 10 11 12 13 14 15 16 17 18 19 20 21 22 23 24 25 26 27 28 29 30 31 32 33 34 35 36 37 38 39 40 41 42 43 44 45 46 47 48 49 50 51 52 53 54 55 56 57 58 59 60 61 62 63 64 65 66 67 68 69 70 71 72 73 74 75 76 77 78 79 80 81 82 83 84 85 86 87 88 89 90 91 92 93 94 95 96 97 98 99 100 
1 2 3 4 5 6 7 8 9 10 11 12 13 14 15 16 17 18 19 20 21 22 23 24 25 26 27 28 29 30 31 32 33 34 35 36 37 38 39 40 41 42 43 44 45 46 47 48 49 50 51 52 53 54 55 56 57 58 59 60 61 62 63 64 65 66 67 68 69 70 71 72 73 74 75 76 77 78 79 80 81 82 83 84 85 86 87 88 89 90 91 92 93 94 95 96 97 98 99 100 
72 16 11 13 61 69 7 9 15 17 19 21 23 25 27 29 31 33 35 37 39 41 43 45 47 49 51 53 55 57 59 62 64 66 68 70 2 4 6 8 10 12 14 5 18 20 22 24 26 28 30 32 34 36 38 40 42 44 46 48 50 52 54 56 58 60 1 63 65 67 3 71 73 74 75 76 77 78 79 80 81 82 83 84 85 86 87 88 89 90 91 92 93 94 95 96 97 98 99 100 
3 22 84 78 99 95 67 83 86 80 85 18 87 32 56 16 5 6 61 62 79 58 35 42 75 53 76 44 29 52 20 70 11 1 45 91 25 41 27 90 88 64 74 51 89 12 23 17 21 30 93 73 2 19 37 96 49 38 43 36 40 72 54 55 4 9 33 13 60 59 7 97 24 98 63 8 50 69 66 14 68 39 48 81 71 26 47 10 100 82 34 92 57 28 77 46 94 65 15 31 
100 98 99 96 97 94 95 92 93 90 91 88 89 86 87 84 85 82 83 80 81 78 79 76 77 74 75 72 73 70 71 68 69 66 67 64 65 62 63 60 61 58 59 56 57 54 55 52 53 50 51 48 49 46 47 44 45 42 43 40 41 38 39 36 37 34 35 32 33 30 31 28 29 26 27 24 25 22 23 20 21 18 19 16 17 14 15 12 13 10 11 8 9 6 7 4 5 2 3 1 
1 2 3 4 5 6 7 8 9 10 11 12 13 14 15 16 17 18 19 20 21 22 23 24 25 26 27 28 29 30 31 32 33 34 35 36 37 38 39 40 41 42 43 44 45 46 47 48 49 50 100 99 98 97 96 95 94 93 92 91 90 89 88 87 86 85 84 83 82 81 80 79 78 77 76 75 74 73 72 71 70 69 68 67 66 65 64 63 62 61 60 59 58 57 56 55 54 53 52 51 
1 5 7 3 4 6 2 
25 56 19 21 52 26 50 57 55 28 24 15 37 46 14 38 45 59 4 61 53 58 27 7 39 29 22 44 20 60 35 8 5 13 40 9 41 10 32 18 51 11 36 1 42 3 34 43 49 33 47 23 31 54 2 12 62 30 16 6 17 48 
1 2 3 4 5 6 7 8 9 10 11 12 13 14 15 16 17 18 19 20 21 22 23 24 25 26 27 28 29 30 31 32 33 34 35 36 37 38 39 40 41 42 43 44 45 46 47 48 49 50 51 52 53 54 55 56 57 58 59 60 61 62 63 64 65 66 67 68 69