test30.in
Initial, with score 1562: [1, 2, 3, 4, 5, 6, 7, 8, 9, 10, 11, 12, 13, 14, 15, 16, 17, 18, 19, 20, 21, 22, 23, 24, 25, 26, 27, 28, 29, 30, 31, 32, 33, 34, 35, 36, 37, 38, 39, 40, 41, 42, 43, 44, 45, 46, 47, 48, 49, 50, 51, 52, 53, 54, 55, 56, 57, 58, 59, 60, 61, 62, 63, 64, 65, 66, 67, 68, 69, 70, 71, 72, 73, 74, 75, 76, 77, 78, 79, 80, 81, 82, 83, 84, 85, 86, 87, 88, 89, 90, 91, 92, 93, 94, 95, 96, 97, 98, 99, 100]
------ Sorting by degree ------
Choosing outdegree ordering
------ Swapping ------
Keeping swap version
Keeping swap version
Keeping swap version
Keeping swap version
Keeping swap version
Keeping swap version
Keeping swap version
Keeping swap version
Keeping swap version
Keeping swap version
Keeping swap version
Keeping swap version
Keeping swap version
Keeping swap version
Keeping swap version
------ Brute Force on Subgroups ------
Brute force timing out after 20 seconds.
------ Swapping ------
Keeping swap version
------ Shuffling ------
Shuffling timing out after 20 seconds.
------ Swapping ------
------ Greedy ------
Greedy timing out after 20 seconds.
------ Swapping ------
Final, with score 1720: [21, 70, 26, 37, 68, 24, 88, 83, 89, 36, 64, 7, 11, 41, 78, 79, 85, 6, 30, 38, 40, 76, 84, 91, 63, 93, 97, 9, 52, 86, 18, 28, 54, 94, 10, 16, 33, 62, 47, 31, 13, 46, 82, 1, 2, 69, 72, 75, 95, 99, 19, 23, 27, 32, 5, 3, 29, 50, 92, 87, 39, 43, 44, 49, 57, 51, 59, 71, 73, 74, 96, 12, 67, 77, 81, 98, 17, 34, 20, 22, 35, 48, 65, 60, 58, 45, 61, 90, 14, 4, 25, 56, 100, 8, 42, 55, 53, 80, 66, 15]
Improved by 158 points, which is 10%

Starting solver_matt
Naive score is: 1588
GreedyIncoming score is: 1752
GreedyOutgoing score is: 1763
pairSwapForward #1 score is: 1847
pairSwapBackward #1 score is: 1865
pairSwapForward #2 score is: 1879
pairSwapBackward #2 score is: 1887
Improved by 299 points, which is 18.8287 percent
Optimal rank for given instance: 
[89, 64, 10, 68, 21, 79, 83, 84, 70, 28, 6, 36, 11, 26, 94, 62, 1, 43, 37, 16, 46, 24, 86, 12, 69, 88, 58, 76, 30, 7, 93, 47, 2, 38, 59, 8, 75, 54, 41, 67, 42, 50, 74, 31, 57, 49, 27, 9, 13, 29, 85, 91, 78, 40, 53, 19, 95, 17, 14, 99, 20, 51, 92, 18, 45, 77, 23, 65, 82, 35, 71, 22, 73, 60, 63, 34, 32, 80, 98, 5, 72, 4, 52, 87, 3, 81, 100, 15, 48, 90, 96, 56, 44, 39, 61, 55, 97, 33, 66, 25, ]
test50.in
Initial, with score 2445: [1, 2, 3, 4, 5, 6, 7, 8, 9, 10, 11, 12, 13, 14, 15, 16, 17, 18, 19, 20, 21, 22, 23, 24, 25, 26, 27, 28, 29, 30, 31, 32, 33, 34, 35, 36, 37, 38, 39, 40, 41, 42, 43, 44, 45, 46, 47, 48, 49, 50, 51, 52, 53, 54, 55, 56, 57, 58, 59, 60, 61, 62, 63, 64, 65, 66, 67, 68, 69, 70, 71, 72, 73, 74, 75, 76, 77, 78, 79, 80, 81, 82, 83, 84, 85, 86, 87, 88, 89, 90, 91, 92, 93, 94, 95, 96, 97, 98, 99, 100]
------ Sorting by degree ------
Choosing outdegree ordering
------ Swapping ------
Keeping swap version
Keeping swap version
Keeping swap version
Keeping swap version
Keeping swap version
Keeping swap version
Keeping swap version
Keeping swap version
Keeping swap version
Keeping swap version
Keeping swap version
Keeping swap version
Keeping swap version
Keeping swap version
Keeping swap version
Keeping swap version
Keeping swap version
------ Brute Force on Subgroups ------
Brute force timing out after 20 seconds.
------ Swapping ------
------ Shuffling ------
Shuffling timing out after 20 seconds.
------ Swapping ------
------ Greedy ------
Greedy timing out after 20 seconds.
------ Swapping ------
Final, with score 2684: [58, 27, 99, 13, 40, 45, 23, 37, 57, 78, 93, 100, 82, 86, 22, 33, 81, 75, 3, 55, 61, 94, 96, 17, 74, 85, 11, 21, 76, 79, 30, 41, 43, 63, 71, 70, 9, 12, 39, 89, 91, 98, 51, 56, 62, 47, 67, 19, 52, 83, 20, 44, 46, 49, 73, 88, 90, 66, 48, 28, 92, 50, 24, 1, 5, 38, 31, 35, 36, 59, 65, 42, 60, 72, 95, 25, 32, 53, 7, 15, 18, 6, 87, 4, 10, 16, 26, 34, 64, 69, 77, 80, 84, 97, 8, 14, 54, 29, 68, 2]
Improved by 239 points, which is 9%

Starting solver_matt
Naive score is: 2562
GreedyIncoming score is: 2693
GreedyOutgoing score is: 2735
pairSwapForward #1 score is: 2787
pairSwapBackward #1 score is: 2819
pairSwapForward #2 score is: 2829
pairSwapBackward #2 score is: 2829
Improved by 267 points, which is 10.4215 percent
Optimal rank for given instance: 
[38, 63, 91, 93, 96, 86, 23, 58, 40, 57, 22, 100, 1, 10, 3, 74, 43, 82, 81, 9, 30, 70, 89, 79, 37, 94, 33, 56, 67, 32, 17, 51, 29, 19, 18, 45, 80, 47, 41, 11, 97, 62, 12, 98, 60, 21, 99, 85, 53, 48, 95, 52, 49, 92, 13, 69, 6, 65, 36, 16, 72, 73, 75, 39, 68, 46, 5, 83, 8, 76, 84, 90, 44, 71, 88, 55, 26, 61, 64, 2, 31, 34, 7, 50, 77, 27, 59, 54, 15, 4, 42, 28, 14, 24, 20, 25, 66, 78, 35, 87, ]
test70.in
Initial, with score 3536: [1, 2, 3, 4, 5, 6, 7, 8, 9, 10, 11, 12, 13, 14, 15, 16, 17, 18, 19, 20, 21, 22, 23, 24, 25, 26, 27, 28, 29, 30, 31, 32, 33, 34, 35, 36, 37, 38, 39, 40, 41, 42, 43, 44, 45, 46, 47, 48, 49, 50, 51, 52, 53, 54, 55, 56, 57, 58, 59, 60, 61, 62, 63, 64, 65, 66, 67, 68, 69, 70, 71, 72, 73, 74, 75, 76, 77, 78, 79, 80, 81, 82, 83, 84, 85, 86, 87, 88, 89, 90, 91, 92, 93, 94, 95, 96, 97, 98, 99, 100]
------ Sorting by degree ------
Choosing indegree ordering
------ Swapping ------
Keeping swap version
Keeping swap version
Keeping swap version
Keeping swap version
Keeping swap version
Keeping swap version
Keeping swap version
Keeping swap version
Keeping swap version
Keeping swap version
Keeping swap version
Keeping swap version
Keeping swap version
Keeping swap version
------ Brute Force on Subgroups ------
Brute force timing out after 20 seconds.
------ Swapping ------
Keeping swap version
------ Shuffling ------
Shuffling timing out after 20 seconds.
------ Swapping ------
------ Greedy ------
Greedy timing out after 20 seconds.
------ Swapping ------
Final, with score 3655: [80, 19, 36, 13, 29, 44, 10, 39, 61, 64, 87, 4, 3, 46, 93, 38, 40, 1, 14, 18, 24, 45, 47, 49, 82, 62, 7, 17, 28, 54, 27, 56, 59, 94, 6, 12, 60, 51, 81, 98, 30, 32, 48, 50, 55, 68, 70, 79, 66, 63, 67, 72, 77, 8, 99, 52, 58, 84, 91, 43, 5, 16, 35, 41, 97, 22, 11, 15, 76, 86, 89, 92, 21, 25, 26, 34, 69, 73, 23, 42, 57, 83, 96, 100, 2, 75, 78, 85, 88, 95, 20, 31, 90, 37, 53, 71, 33, 65, 74, 9]
Improved by 119 points, which is 3%

Starting solver_matt
Naive score is: 3487
GreedyIncoming score is: 3674
GreedyOutgoing score is: 3657
pairSwapForward #1 score is: 3744
pairSwapBackward #1 score is: 3772
pairSwapForward #2 score is: 3780
pairSwapBackward #2 score is: 3782
Improved by 295 points, which is 8.45999 percent
Optimal rank for given instance: 
[39, 18, 47, 27, 49, 98, 14, 45, 10, 56, 81, 95, 19, 44, 76, 93, 72, 8, 5, 75, 87, 66, 100, 2, 29, 58, 55, 77, 43, 12, 24, 54, 4, 22, 40, 71, 64, 32, 88, 7, 42, 63, 99, 68, 17, 78, 6, 35, 60, 46, 51, 92, 38, 1, 89, 48, 86, 91, 30, 33, 97, 20, 26, 57, 90, 70, 82, 3, 41, 36, 28, 94, 74, 69, 13, 62, 52, 16, 21, 65, 23, 96, 79, 50, 80, 34, 61, 15, 9, 84, 73, 83, 31, 53, 37, 11, 59, 67, 25, 85, ]
