1 2 3 4 5 6 7 8 9 10 11 12 13 14 15 16 17 18 19 20 21 22 23 24 25 26 27 28 29 30 31 32 33 34 35 36 37 38 39 40 41 42 43 44 45 46 47 48 49 50 51 52 53 54 55 56 57 58 59 60 61 62 63 64 65 66 67 68 69 70 71 72 73 74 75 76 77 78 79 80 
20 21 56 72 3 22 30 76 70 54 5 92 51 57 50 71 79 91 17 15 24 25 9 13 43 89 2 87 10 49 85 94 82 38 80 12 84 63 69 1 99 75 66 73 88 68 29 34 86 33 48 36 77 97 6 16 59 26 31 55 53 47 28 4 45 58 19 62 23 64 100 27 98 7 11 52 18 42 60 96 41 74 14 83 65 35 40 39 46 8 44 78 95 90 37 67 81 32 93 61 
50 89 6 63 32 56 40 70 43 49 84 71 88 61 51 18 82 12 23 92 20 100 25 34 46 48 31 37 45 99 35 83 27 54 69 10 91 3 79 7 22 9 90 15 4 78 29 36 74 16 21 1 59 72 11 39 13 5 17 42 38 19 53 2 67 93 47 28 8 60 57 33 14 26 52 68 77 86 44 85 30 98 58 87 55 64 97 41 73 94 80 62 76 81 75 24 65 95 96 66 
23 54 51 34 97 61 21 1 79 94 9 55 75 99 89 66 53 6 41 72 45 93 63 2 38 17 98 81 14 83 37 44 5 43 25 73 15 30 11 22 18 92 36 76 7 74 49 56 48 80 88 4 68 10 20 69 46 19 39 77 86 78 12 31 26 87 8 29 59 47 33 50 70 96 82 71 85 62 32 3 42 40 60 84 95 67 16 28 57 58 24 35 52 90 64 91 100 65 13 27 
70 10 62 4 84 98 96 30 94 43 52 97 72 29 57 46 24 25 54 51 41 89 61 90 8 56 78 63 47 88 1 50 59 64 100 34 60 31 39 66 55 87 48 28 99 91 73 14 2 20 79 42 71 80 13 82 16 12 69 19 37 7 32 22 77 35 67 27 83 95 11 15 3 9 21 49 85 44 58 23 40 93 33 76 86 26 45 75 6 17 81 92 5 68 18 74 38 53 65 36 
19 12 38 50 56 9 79 87 91 92 95 14 4 73 66 37 61 96 94 77 83 54 32 64 18 23 58 28 88 63 78 59 44 1 67 98 13 2 93 80 48 72 76 74 3 5 62 8 86 99 71 34 84 42 57 46 45 47 29 11 97 100 20 49 69 81 43 52 7 22 27 65 89 60 17 75 40 82 41 51 85 21 26 39 15 31 33 25 55 90 68 30 53 35 36 16 6 24 10 70 
1 2 3 4 5 6 7 8 9 10 11 12 13 14 15 16 17 18 19 20 21 22 23 24 25 26 27 28 29 30 31 32 33 34 35 36 37 38 39 40 41 42 43 44 45 46 47 48 49 50 51 52 53 54 55 56 57 58 59 60 61 62 63 64 65 66 67 68 69 70 71 72 73 74 75 76 77 78 79 80 81 82 83 84 85 86 87 88 89 
80 60 57 17 73 88 24 15 40 14 32 5 71 100 55 52 49 36 11 26 51 21 87 58 38 48 7 85 13 77 33 29 76 74 83 23 20 89 75 82 56 67 68 35 70 2 44 4 41 43 63 6 28 66 99 47 39 79 9 81 25 64 65 98 84 54 34 90 8 62 97 10 95 94 22 53 46 69 59 3 27 86 31 92 96 91 93 18 42 50 30 45 12 61 1 19 78 16 37 72 
80 33 27 54 6 13 3 53 76 57 18 71 38 35 96 85 16 41 24 29 19 26 86 92 72 82 84 7 8 49 5 11 59 60 73 89 2 37 40 1 64 23 46 34 55 69 52 63 87 74 81 77 98 51 78 94 43 14 66 70 48 56 10 42 47 32 75 62 39 88 61 44 21 97 68 91 50 100 83 15 58 25 93 9 65 95 4 30 22 90 12 99 28 45 79 67 17 36 20 31 
12 13 19 24 34 27 32 64 36 38 39 47 49 56 58 60 81 85 21 87 90 41 93 4 5 91 35 11 15 17 23 29 40 16 45 48 63 1 65 50 52 77 67 70 76 84 89 25 88 10 6 18 22 59 30 33 57 53 54 55 73 37 7 83 9 95 20 28 62 51 68 82 78 79 8 42 94 96 97 3 14 86 46 61 71 72 31 92 26 75 66 44 69 74 2 80 43 
59 16 26 62 56 13 95 55 10 49 76 64 15 80 20 34 3 52 36 14 27 91 44 51 88 83 53 58 99 38 67 17 60 90 43 19 65 71 45 96 24 84 28 1 66 2 4 87 86 85 18 46 30 40 82 73 37 25 70 93 100 7 75 39 29 50 21 32 77 63 94 92 89 54 72 81 35 12 22 79 31 41 5 78 97 6 57 68 61 47 42 98 9 48 33 11 74 8 69 23 
1 2 3 4 5 6 7 8 9 10 11 12 13 14 15 16 17 18 19 20 21 22 23 24 25 26 27 28 29 30 31 32 33 34 35 36 37 38 39 40 41 42 43 44 45 46 47 48 49 50 51 52 53 54 55 56 57 58 59 60 61 62 63 64 65 66 67 68 69 70 71 72 73 74 75 76 77 78 79 80 81 82 83 84 85 86 87 88 89 90 91 92 93 94 95 96 97 98 99 100 
2 4 3 1 
31 1 89 99 32 35 71 48 50 29 28 96 2 24 37 27 75 80 34 79 55 70 81 94 62 84 63 78 49 11 67 9 23 64 85 30 83 46 87 17 5 95 38 41 53 10 58 61 73 19 12 100 76 8 93 59 18 52 60 66 26 90 22 3 44 21 4 92 13 42 77 65 15 33 45 57 97 56 72 98 51 82 7 91 40 68 69 86 20 39 54 47 14 25 36 88 74 43 16 6 
74 93 56 21 73 32 67 59 61 64 58 7 91 66 15 24 29 72 2 36 22 38 8 23 82 84 100 86 42 45 89 99 52 49 79 20 53 35 34 51 4 80 54 27 92 77 37 85 55 50 78 60 62 41 1 39 30 65 83 90 14 96 76 68 94 97 71 81 57 75 16 25 95 9 33 98 44 88 31 48 40 69 13 63 26 46 10 12 17 28 19 3 18 70 11 87 43 47 5 6 
97 98 100 93 94 99 95 96 92 90 87 91 89 88 85 81 83 86 84 78 82 80 79 77 74 76 71 75 73 72 68 70 69 67 66 65 64 61 62 59 63 57 60 55 58 56 54 52 53 49 51 47 50 48 46 43 45 41 44 42 40 38 39 36 37 33 35 31 34 32 30 29 27 28 24 26 25 23 22 21 18 19 20 17 16 15 14 13 10 7 12 11 5 9 8 6 4 1 2 3 
6 2 7 3 1 4 5 
6 13 15 27 33 39 43 46 50 56 57 66 67 71 59 83 85 86 89 75 3 4 9 10 14 17 76 80 18 26 11 31 32 97 37 40 92 62 64 2 78 81 42 47 60 49 34 54 88 24 22 35 70 52 84 96 5 7 29 16 48 63 65 69 20 79 91 28 95 1 8 25 87 21 93 51 72 77 41 45 68 74 12 36 55 30 94 58 38 44 53 98 99 23 19 61 90 73 82 
4 6 11 14 17 20 25 36 38 43 45 49 23 54 37 59 61 62 71 76 77 78 86 87 95 98 99 3 13 16 18 22 52 24 27 32 34 39 40 47 51 57 63 66 67 69 72 73 82 88 89 90 92 96 28 2 35 1 80 10 60 64 65 55 44 46 7 83 94 84 15 26 79 81 93 68 70 75 31 5 8 21 29 53 41 56 58 74 9 30 91 42 48 50 97 85 12 19 33 
3 30 43 47 12 26 48 49 7 36 17 33 41 31 14 9 22 37 50 38 39 10 34 27 35 28 23 24 25 18 15 1 4 19 44 45 8 20 40 46 5 16 13 6 11 42 2 29 32 21 
95 100 77 90 63 31 98 73 82 85 93 13 97 87 54 71 91 81 9 96 52 62 60 55 72 75 57 79 34 48 70 83 99 40 78 89 64 67 66 46 84 65 74 50 86 43 44 69 88 37 51 38 68 12 20 32 56 53 2 59 92 21 80 42 18 94 25 30 45 22 24 17 16 39 58 4 61 6 23 27 35 7 19 14 8 47 15 29 36 28 49 10 26 33 5 1 11 41 76 3 
15 1 4 7 10 13 16 19 22 25 28 31 34 37 40 43 46 49 52 55 58 61 64 67 70 73 76 79 82 85 88 91 94 2 5 8 11 14 17 20 23 26 29 32 35 38 41 44 47 50 53 56 59 62 65 68 71 74 77 80 83 86 89 92 95 3 6 9 12 18 21 24 27 30 33 36 39 42 45 48 51 54 57 60 63 66 69 72 75 78 81 84 87 90 93 96 
9 2 10 3 6 1 5 7 8 4 
11 12 13 14 15 18 19 20 21 22 24 25 26 28 30 31 32 33 34 35 36 37 38 39 40 42 43 44 46 49 50 51 52 53 54 55 57 58 59 60 61 62 63 66 68 69 70 1 4 75 76 77 79 80 81 82 84 85 86 87 88 91 93 94 95 96 97 98 99 2 3 5 47 48 56 64 65 67 10 16 17 29 41 45 74 7 8 9 23 27 71 72 78 83 89 92 90 100 6 73 
74 87 93 95 99 12 51 100 39 58 54 48 55 59 75 63 67 53 79 6 85 43 52 68 56 46 4 34 42 97 29 18 25 8 36 41 69 70 35 94 77 81 50 11 3 10 14 92 44 16 1 26 33 22 2 20 13 76 64 38 83 90 60 32 17 24 47 19 21 89 31 96 9 49 78 27 71 45 37 82 57 61 40 66 28 23 84 62 91 86 72 65 88 80 30 98 7 73 5 15 
55 65 99 30 28 7 67 14 24 44 27 64 22 75 91 32 35 41 45 13 6 40 83 95 50 97 18 26 84 70 15 37 10 43 39 49 29 5 54 63 1 4 11 20 23 82 86 71 47 12 90 98 46 77 52 17 76 88 100 61 33 21 73 19 96 48 68 58 31 53 16 42 81 57 72 93 92 87 85 51 9 80 59 94 36 8 34 89 78 74 25 56 66 60 69 38 79 3 2 62 
99 47 82 6 72 29 7 54 50 20 33 31 74 4 44 76 83 35 64 93 8 79 95 68 92 71 73 14 28 62 66 10 16 58 25 55 77 61 59 85 32 26 86 53 91 98 57 18 13 67 90 24 69 96 1 43 60 27 38 89 36 94 75 17 51 23 22 9 56 19 84 87 88 81 45 97 41 21 34 52 78 5 30 48 63 39 12 15 37 2 42 11 49 46 3 70 80 40 65 100 
13 37 61 2 4 6 10 9 18 20 22 21 12 14 15 17 24 26 28 30 34 33 36 38 42 44 39 41 46 45 48 50 52 54 58 57 5 68 63 67 66 62 65 69 72 19 23 43 47 8 71 3 56 11 1 31 59 7 70 29 32 55 60 16 27 25 35 40 51 53 49 64 
55 6 47 8 44 41 63 49 93 38 12 29 9 73 45 37 1 76 96 75 19 53 16 3 39 27 83 100 69 22 15 99 57 85 7 34 66 74 46 31 61 92 67 5 25 17 24 98 79 21 48 30 64 71 86 59 58 60 11 28 88 77 95 14 72 87 65 35 13 40 81 20 26 70 36 50 97 32 82 84 62 56 90 80 42 10 23 2 89 33 94 43 54 68 78 18 91 51 4 52 
5 15 17 76 35 43 45 50 53 61 72 75 19 31 34 36 25 42 80 86 99 94 8 11 39 57 52 100 87 88 89 90 93 4 95 77 46 47 49 51 32 55 56 70 63 64 66 68 21 22 23 24 40 28 29 30 33 37 38 69 6 9 1 54 3 7 16 10 98 12 13 14 71 73 74 78 83 84 41 44 2 58 59 60 92 96 18 20 26 27 48 62 65 67 79 81 82 85 91 97 
14 100 82 85 90 31 40 18 46 4 64 75 91 22 60 8 61 95 56 34 72 68 19 12 84 6 54 49 53 55 52 89 2 86 63 7 96 43 11 5 20 83 38 88 51 71 30 39 29 45 50 10 98 87 25 73 13 97 66 78 24 44 3 65 33 59 48 28 41 67 26 93 1 62 74 35 16 92 37 76 17 23 27 58 77 57 94 99 21 15 70 9 69 79 32 80 36 42 47 81 
22 67 85 39 23 42 4 89 60 21 28 9 12 46 34 77 80 65 83 31 7 3 66 61 13 58 99 59 30 10 73 92 41 52 48 53 82 63 40 79 26 47 15 91 8 55 43 24 44 1 2 90 75 14 6 35 96 64 25 95 97 68 72 20 81 33 84 27 78 19 56 18 17 98 49 70 94 74 16 32 57 54 88 51 5 76 37 69 29 71 87 45 93 50 36 38 62 11 100 86 
1 78 77 76 72 75 8 71 74 70 73 61 69 60 68 67 66 54 65 64 59 58 57 56 53 55 63 52 39 38 62 51 50 37 49 48 45 44 43 42 41 47 36 35 40 34 27 33 46 32 31 26 30 25 29 28 24 23 18 22 21 17 9 16 15 14 20 13 12 11 7 6 19 81 10 80 5 4 3 2 79 
69 89 6 4 93 73 70 74 7 27 47 30 88 13 85 52 44 57 5 17 55 39 71 64 48 60 99 72 65 51 92 14 24 43 97 91 28 40 25 3 22 98 16 82 78 80 50 21 49 33 94 63 11 8 9 76 41 1 81 31 59 26 77 15 34 95 79 86 42 62 2 66 68 53 20 45 37 61 83 23 36 90 10 56 29 19 84 46 96 38 75 35 18 54 32 67 58 87 100 12 
93 1 2 3 4 5 6 7 8 9 10 11 12 13 14 15 16 17 18 19 20 21 22 23 24 25 26 27 28 29 30 31 32 33 34 35 36 37 38 39 40 41 42 43 44 45 46 47 48 49 50 51 52 53 54 55 56 57 58 59 60 61 62 63 64 65 66 67 68 69 70 71 72 73 74 75 76 77 78 79 80 81 82 83 84 85 86 87 88 89 90 91 92 
2 3 6 9 10 11 13 14 16 19 21 22 24 25 36 45 46 49 53 58 59 62 64 66 68 69 71 72 73 76 80 81 82 83 85 15 89 90 91 94 95 96 97 1 4 55 7 8 32 33 34 35 37 38 39 40 41 42 43 44 12 86 17 18 20 23 26 27 28 29 30 31 51 5 56 47 48 50 57 60 61 65 67 74 75 77 78 79 84 88 92 93 98 99 100 52 54 63 70 87 
52 34 93 41 67 97 80 7 35 62 48 54 58 74 36 10 20 16 83 21 33 60 61 12 18 45 90 77 32 4 86 2 63 9 73 71 76 64 44 43 78 69 24 88 53 96 28 17 68 25 11 40 46 26 51 42 27 75 50 23 37 55 3 19 6 14 57 59 30 31 29 1 95 89 38 100 81 22 87 70 47 79 39 84 91 99 49 94 92 85 82 8 65 66 98 72 56 15 5 13 
23 59 81 64 100 90 74 50 38 42 67 31 68 77 73 63 40 53 39 46 80 2 22 56 87 30 41 13 3 36 20 45 4 66 60 99 49 8 98 32 27 96 70 92 55 24 97 11 17 57 47 44 16 33 95 62 52 1 84 69 19 34 61 37 43 29 71 18 28 94 75 65 21 10 58 48 12 15 82 54 35 6 78 14 7 72 89 86 93 9 83 25 5 26 91 85 51 79 76 88 
84 81 13 71 22 65 55 52 73 92 19 23 51 57 15 97 32 49 29 45 54 2 21 88 67 74 78 82 33 98 18 83 6 10 7 35 95 99 26 3 48 58 61 39 69 9 86 93 24 89 62 11 75 31 43 94 40 27 68 30 50 87 16 90 91 12 56 41 20 96 1 17 85 8 72 38 5 63 42 25 79 100 14 4 60 53 59 66 64 37 34 36 47 70 76 28 46 80 44 77 
3 6 1 5 2 4 
2 1 3 4 5 6 7 8 9 10 16 12 13 14 17 11 15 18 19 20 21 22 23 24 25 26 27 28 29 30 31 32 33 34 35 36 37 38 39 40 41 42 43 44 45 46 47 48 49 50 51 52 53 54 55 56 57 58 59 60 61 62 63 64 65 66 67 68 69 70 71 72 73 74 75 76 77 78 79 80 81 82 83 84 85 86 87 88 89 90 91 92 93 94 95 96 97 98 99 100 
1 14 17 12 25 8 27 2 6 24 7 4 21 5 16 3 22 15 18 10 13 23 11 9 20 19 26 
72 76 26 27 38 97 50 57 35 22 68 84 39 79 37 7 32 29 17 58 16 4 31 44 82 87 48 78 59 95 81 13 80 5 62 1 56 61 66 46 49 63 11 20 71 85 69 10 33 25 23 15 18 64 28 99 6 51 92 74 70 2 83 100 8 34 3 89 75 73 12 47 30 65 21 41 94 19 91 9 40 52 54 36 77 14 67 98 88 43 90 93 96 60 55 86 53 42 24 45 
17 84 92 41 96 56 93 72 53 69 25 65 68 23 74 12 29 24 83 3 57 45 73 31 14 78 91 20 28 46 62 81 71 49 40 59 88 95 22 67 32 7 55 18 27 35 79 11 21 48 1 80 100 64 4 77 50 66 43 38 58 75 15 90 85 2 8 9 87 89 16 36 70 44 51 33 13 86 37 54 97 6 47 34 63 61 26 42 98 19 94 82 52 10 5 39 60 76 99 30 
1 2 3 4 5 6 7 9 10 11 12 13 14 16 17 18 19 20 22 23 24 25 26 27 28 30 31 32 33 34 35 36 38 39 40 41 42 44 45 46 47 49 50 51 52 53 54 55 58 60 61 62 63 65 66 67 69 70 71 72 73 74 75 76 77 78 79 80 81 83 85 87 88 89 91 92 93 94 95 97 98 99 21 29 64 68 82 84 86 90 37 43 48 56 57 59 96 15 100 8 
4 3 5 6 7 8 9 10 11 12 13 14 15 16 17 18 19 20 21 22 23 24 25 26 27 28 29 30 31 32 33 34 35 36 37 38 39 40 41 42 43 44 45 46 47 48 49 50 51 52 53 54 55 56 57 58 59 60 61 62 63 64 65 66 67 68 69 70 71 72 73 74 75 76 77 78 79 80 81 82 83 84 85 86 87 88 89 90 91 92 93 94 95 96 97 98 99 100 1 2 
71 37 44 38 39 91 49 25 75 60 4 1 51 77 23 74 53 14 9 85 99 90 40 88 82 55 84 22 78 81 58 65 8 42 69 46 68 80 95 36 5 45 97 30 16 13 87 86 7 89 32 52 48 54 27 10 47 20 24 19 12 73 98 28 2 83 63 59 18 70 62 6 15 67 17 34 94 79 64 57 92 43 26 21 76 31 93 33 3 100 50 29 66 41 96 35 72 61 56 11 
51 96 97 31 2 4 91 7 63 11 76 48 52 74 66 87 94 13 14 10 28 41 83 57 75 34 44 49 50 95 60 27 33 55 26 92 86 47 37 71 85 18 32 36 42 43 5 65 89 29 59 24 61 25 35 84 20 68 45 88 77 73 70 79 56 6 16 67 38 8 12 1 23 22 53 40 64 69 81 19 15 46 82 80 30 58 78 39 9 54 62 3 21 90 93 17 72 
1 2 3 4 5 6 7 8 9 10 11 12 13 14 15 16 17 18 19 20 
58 50 19 64 10 69 34 12 99 65 57 43 1 5 38 4 84 97 83 61 41 13 92 51 32 6 54 9 7 16 18 71 47 73 96 78 63 49 44 29 60 91 27 55 74 77 46 72 23 45 75 42 40 15 21 68 37 35 88 100 89 36 86 80 39 25 62 20 17 30 52 48 22 76 70 2 59 66 24 93 14 87 79 98 3 95 53 82 26 94 33 81 11 8 31 28 56 67 85 90 
12 13 15 14 16 18 17 19 21 20 22 24 23 25 27 26 29 28 31 30 32 34 33 35 37 36 38 40 39 41 43 42 44 46 45 47 49 48 50 52 51 54 53 56 55 57 59 58 60 62 61 63 65 64 66 68 67 69 71 70 72 74 73 75 77 76 79 78 81 80 82 84 83 85 87 86 88 90 89 91 93 92 94 96 95 97 99 98 100 1 2 4 3 6 5 7 9 8 10 11 
30 32 1 68 69 65 87 8 17 27 84 40 45 47 49 61 81 77 100 35 3 9 78 15 46 50 44 60 28 58 66 41 13 76 57 93 26 64 25 12 10 33 5 85 48 36 16 82 88 91 80 99 79 70 74 21 23 73 34 53 86 6 18 54 67 55 31 96 19 89 37 43 92 59 71 20 95 98 38 62 24 90 83 97 4 56 72 94 14 11 51 42 2 22 63 75 52 7 29 39 
3 9 10 30 31 50 63 72 78 79 87 90 44 49 51 60 69 82 7 19 65 67 28 36 85 88 91 6 58 21 70 39 62 27 29 26 24 66 71 74 94 92 42 54 55 59 76 33 16 89 1 23 5 12 25 32 37 15 17 18 86 80 98 73 2 4 45 46 68 35 53 95 99 47 38 56 20 34 8 14 40 93 57 75 43 97 48 83 52 41 61 77 81 84 11 13 22 64 96 
1 2 3 4 5 6 7 8 9 10 11 12 13 14 15 16 17 18 19 20 21 22 23 24 25 26 27 28 29 30 31 32 33 34 35 36 37 38 39 40 41 42 43 44 45 46 47 48 49 50 51 52 53 54 55 56 57 58 59 60 61 62 63 64 65 66 67 68 69 70 71 72 73 74 75 76 77 78 79 80 81 82 83 84 85 86 87 88 89 90 91 92 93 94 95 96 97 98 99 100 
17 18 7 41 12 5 76 19 10 6 34 91 13 50 49 78 39 11 33 40 26 71 31 37 38 9 8 89 21 25 24 22 3 59 80 74 20 86 23 70 58 1 53 82 52 36 72 54 32 51 77 55 73 75 69 63 64 62 61 60 67 68 56 46 57 65 16 87 44 45 47 4 85 29 28 66 83 48 30 88 15 99 97 96 42 81 27 14 95 98 94 93 92 35 79 2 90 84 43 100 
53 23 46 44 3 69 58 47 12 22 86 38 99 20 60 28 26 48 13 52 92 31 40 95 6 64 9 100 17 70 96 85 29 83 16 36 35 89 65 61 72 66 1 80 42 82 62 30 10 18 94 81 77 24 98 2 33 25 78 93 5 84 8 59 56 19 79 34 7 43 45 27 54 15 63 50 76 41 14 32 37 39 73 67 74 75 71 88 51 90 49 91 97 87 11 57 55 4 21 68 
49 21 64 91 95 86 57 81 39 26 9 47 35 27 20 83 2 11 13 19 96 100 59 55 90 15 70 73 32 38 87 88 8 18 23 6 89 4 14 51 76 80 53 56 5 45 36 31 22 71 16 74 42 75 78 41 68 69 29 24 54 52 63 46 1 17 62 65 61 97 43 50 48 34 77 93 3 94 30 7 10 25 84 28 98 85 92 82 37 12 44 60 72 67 33 58 40 79 66 99 
60 87 80 82 26 67 74 58 44 93 100 49 90 92 18 9 78 11 71 34 31 20 5 48 97 62 53 29 70 89 22 43 25 6 19 79 98 83 64 10 55 84 8 66 41 69 2 33 28 59 15 94 56 12 27 3 4 45 1 38 35 17 72 47 51 81 13 40 65 32 7 39 91 14 23 16 24 50 63 57 21 37 73 30 36 75 85 46 76 42 99 86 54 52 95 88 68 77 96 61 
26 77 71 72 35 7 14 21 28 20 42 22 95 94 1 8 15 49 29 36 43 23 6 9 10 11 13 12 16 17 18 19 85 93 56 63 70 84 64 92 2 3 4 5 50 24 25 55 27 30 31 32 34 33 37 38 41 44 39 40 45 46 48 47 51 52 53 54 57 58 59 60 62 61 65 66 69 78 67 83 73 74 76 75 79 80 81 82 68 86 87 88 89 90 91 
72 83 9 16 32 39 62 71 77 48 58 49 70 66 100 1 14 15 20 22 28 90 41 42 43 50 89 60 61 88 54 69 53 92 82 11 96 99 3 45 35 17 46 36 38 18 26 27 29 34 86 25 12 52 75 76 79 56 64 65 97 68 80 78 81 51 95 7 23 5 63 4 84 24 94 2 13 19 91 31 87 44 47 55 59 98 33 21 6 30 10 57 74 93 73 8 37 85 40 67 
56 76 38 87 2 49 7 1 5 9 24 60 62 43 85 71 6 79 22 8 70 15 75 67 98 65 36 73 35 16 54 45 59 95 25 33 86 44 32 29 84 10 18 28 82 42 66 53 96 57 46 63 17 48 39 81 27 11 58 52 26 51 100 89 91 37 93 21 90 72 94 74 13 14 68 34 77 61 12 92 69 83 3 55 47 30 20 50 64 41 99 40 23 19 31 80 88 78 97 4 
1 2 3 4 5 6 7 
95 16 59 50 91 22 42 34 30 17 7 47 71 79 76 6 33 5 25 87 89 3 73 82 15 20 62 32 43 36 97 14 90 41 1 92 49 58 8 100 51 98 29 31 65 88 52 2 70 63 11 46 35 84 66 40 68 13 93 48 28 26 45 37 64 77 96 83 38 61 23 54 27 4 72 57 53 21 67 24 56 10 81 19 94 60 12 86 69 75 55 78 85 80 39 99 44 9 74 18 
22 20 47 97 67 98 56 62 25 10 79 72 14 39 9 3 78 77 57 99 52 70 64 80 17 19 60 73 81 37 15 51 34 89 74 38 87 66 46 21 2 55 96 18 42 85 32 76 23 27 41 90 50 13 7 36 95 82 8 54 44 40 88 16 69 26 5 94 12 68 58 92 28 45 1 35 83 43 6 30 53 61 71 65 31 91 48 29 24 75 84 100 33 4 49 86 63 93 11 59 
80 23 59 21 73 77 47 90 58 78 46 57 65 22 51 74 50 61 66 20 72 2 75 49 67 91 71 48 52 76 17 64 42 60 53 62 18 79 31 68 19 63 30 4 54 69 86 29 93 32 41 55 28 16 3 70 85 43 33 92 56 39 81 27 94 98 34 100 5 99 35 15 26 84 7 82 36 40 6 44 96 25 14 1 9 95 83 10 45 8 89 37 87 12 38 13 88 24 97 11 
59 90 31 55 62 56 82 38 41 15 64 13 88 63 27 91 73 37 42 98 4 93 92 45 51 9 99 69 5 16 100 20 78 75 39 50 32 8 34 11 89 30 10 97 33 44 83 24 46 76 77 19 49 68 84 74 40 80 95 17 67 52 87 66 70 6 35 48 81 47 23 86 58 65 21 28 18 85 94 2 7 22 36 96 25 29 54 26 3 79 43 72 60 14 12 71 53 57 1 61 
78 80 18 86 88 20 100 98 48 40 12 96 52 54 56 58 60 62 64 66 4 44 74 76 24 26 28 30 32 34 36 38 72 42 92 46 10 94 14 16 82 90 68 6 8 70 2 85 67 1 9 11 55 75 41 39 57 59 61 63 77 79 81 83 84 87 89 91 93 95 97 69 31 33 35 25 27 29 37 50 3 43 45 47 7 71 5 99 22 65 13 15 17 19 21 23 49 51 53 73 
1 81 95 60 63 62 77 89 45 26 29 51 40 65 42 80 19 10 17 47 36 20 71 37 13 8 86 78 3 87 32 7 6 67 39 72 52 94 59 76 79 75 31 99 74 48 35 90 2 21 92 49 88 15 96 12 41 56 43 83 18 50 73 9 14 70 84 11 97 25 66 38 22 30 98 91 100 57 69 61 5 23 54 27 53 4 82 28 68 44 85 16 55 33 58 64 34 93 46 24 
46 64 25 44 75 42 60 94 43 84 79 8 14 11 55 51 1 41 83 10 100 62 67 18 15 63 22 82 95 81 61 40 37 32 9 69 70 47 19 77 38 2 97 5 4 99 6 78 28 74 80 39 13 24 54 98 53 89 73 21 65 26 23 76 16 85 71 50 72 7 17 92 66 27 29 48 56 31 33 36 96 30 49 20 93 59 86 34 87 58 88 35 12 3 91 57 52 68 90 45 
86 90 94 77 42 13 1 72 3 66 68 76 71 8 11 55 46 49 9 62 6 53 73 56 22 44 84 58 39 5 30 7 85 20 34 40 70 87 33 35 63 69 36 45 74 16 81 26 37 12 61 80 18 29 28 50 88 95 96 51 47 67 82 14 19 27 25 4 99 93 59 23 41 91 83 60 52 57 38 98 17 48 21 10 92 65 54 32 75 24 97 31 2 43 78 89 64 15 79 
21 43 50 62 61 74 2 3 13 14 27 83 26 53 57 60 71 69 76 36 86 95 96 65 7 6 31 37 39 28 78 73 63 67 80 40 94 5 59 58 38 12 41 35 34 15 18 98 9 48 72 44 16 23 51 4 54 52 45 56 1 10 64 85 30 25 87 93 97 8 99 24 46 75 77 33 55 29 82 90 92 20 47 49 17 19 22 88 32 91 81 100 11 84 66 79 42 89 68 70 
46 17 90 69 9 68 97 72 92 95 63 8 1 75 41 98 32 54 94 56 59 40 67 89 33 20 87 27 30 21 2 52 28 62 99 45 77 11 71 24 81 14 100 80 7 79 42 39 31 78 83 88 25 74 86 34 53 6 61 85 3 15 73 13 22 18 38 4 57 44 50 51 64 82 55 5 29 76 70 58 47 10 84 36 43 12 96 35 26 60 65 93 48 23 16 49 37 91 19 66 
58 67 2 24 99 100 6 45 32 52 66 43 19 21 46 98 75 44 93 31 42 82 38 51 62 9 13 34 26 81 57 28 29 60 84 74 83 11 7 14 27 49 95 69 48 22 37 1 10 20 30 36 40 68 35 23 87 16 39 70 15 61 8 91 12 64 55 59 4 77 73 76 53 80 89 86 92 94 41 5 18 3 50 25 47 90 71 78 88 85 17 33 54 56 63 72 79 97 96 65 
1 2 3 4 5 6 7 8 9 10 11 12 13 14 15 16 17 18 19 20 21 22 23 24 25 26 27 28 29 30 31 32 33 34 35 36 37 38 39 40 41 42 43 44 45 46 47 48 49 50 51 52 53 54 55 56 57 58 59 60 61 62 63 64 65 66 67 68 69 70 71 72 73 74 75 76 77 78 79 80 81 82 83 84 85 86 87 88 89 90 91 92 93 94 95 96 97 98 99 100 
60 66 41 79 37 74 28 29 4 71 85 2 46 39 40 22 12 70 13 76 81 14 1 78 77 16 35 62 52 7 54 87 17 82 3 11 42 6 68 73 72 63 80 61 15 36 57 50 64 10 86 47 67 20 8 26 53 9 51 23 24 56 27 32 30 55 65 33 25 21 49 45 18 69 75 43 5 84 83 58 19 59 44 38 34 31 48 
19 49 1 57 60 67 65 30 75 70 8 14 90 93 100 73 10 28 29 36 37 38 40 61 62 74 64 27 66 68 72 58 84 85 87 95 2 3 6 7 11 12 13 15 16 17 26 34 41 42 43 44 51 53 54 55 56 5 59 69 71 78 63 77 81 82 88 76 91 92 96 99 4 9 18 20 21 22 23 24 25 31 32 33 35 39 45 46 47 48 50 52 79 80 83 86 89 94 97 98 
45 42 15 65 1 26 20 13 6 32 38 50 27 41 39 9 3 17 56 47 43 18 5 7 59 25 28 2 33 55 14 37 36 64 12 21 58 40 23 22 35 51 34 63 30 24 44 53 60 57 10 29 31 19 49 54 11 52 4 16 48 46 62 61 8 
9 24 35 27 29 67 90 93 85 86 72 18 70 69 51 55 39 76 78 16 65 99 71 20 38 83 84 44 5 40 52 30 36 66 89 79 74 95 10 17 7 14 43 100 63 15 12 60 64 19 57 26 8 77 50 4 94 58 45 92 97 98 3 25 56 62 68 13 21 1 46 54 47 73 22 6 48 53 88 23 41 80 59 75 2 42 33 91 82 37 81 49 32 11 31 34 28 61 96 87 
9 41 37 43 66 2 54 16 80 50 62 97 12 28 38 45 36 46 92 94 14 79 88 11 93 24 85 17 64 42 72 5 70 65 3 32 83 13 56 53 63 84 61 86 77 87 95 98 7 18 8 22 21 39 55 49 31 81 30 51 59 91 89 26 90 82 19 74 27 58 10 15 76 71 33 35 78 75 60 23 52 69 25 99 47 29 68 6 96 73 20 67 44 4 1 40 57 34 48 
69 8 94 71 96 7 44 38 25 33 32 18 47 59 62 58 92 55 85 64 20 17 23 95 42 89 31 97 27 86 34 63 15 52 46 76 79 54 75 74 57 67 82 65 84 10 66 49 100 93 50 78 81 22 21 61 72 36 60 30 51 35 2 70 68 19 11 90 16 13 77 14 91 87 43 73 98 80 24 56 37 12 3 4 53 88 83 28 9 40 1 41 29 39 45 48 5 99 6 26 
8 10 12 15 25 31 33 36 54 73 74 85 83 94 99 2 4 82 28 26 35 80 44 47 49 45 62 68 56 84 93 92 1 78 42 41 97 60 64 3 34 13 32 70 59 48 55 50 66 30 18 22 72 67 21 53 86 81 57 100 40 29 52 63 14 77 87 91 6 17 19 65 76 61 98 58 75 27 88 96 79 11 90 16 9 46 69 23 20 39 24 89 38 43 7 37 51 95 5 71 
2 4 22 44 66 68 71 80 85 92 100 20 90 86 58 65 74 76 18 23 32 34 31 42 54 55 56 49 50 8 40 37 38 39 43 17 9 10 12 96 93 26 78 87 98 67 6 3 83 75 21 60 62 63 88 57 16 97 99 52 94 14 51 24 25 27 33 53 61 72 82 79 84 91 95 89 19 28 45 59 29 36 41 13 47 35 48 15 11 30 69 70 81 1 7 73 64 77 5 46 
86 5 87 35 76 63 100 14 23 31 32 34 2 62 94 74 77 8 56 59 49 54 7 42 92 69 19 29 30 51 52 36 66 40 47 43 9 11 12 13 6 16 18 57 83 17 75 24 1 81 21 82 84 44 4 45 46 26 48 15 38 68 71 72 73 50 65 78 67 60 61 64 88 89 28 91 96 79 95 20 97 98 99 58 22 3 41 90 93 80 37 55 25 33 85 10 53 39 70 27 
1 2 3 4 5 6 7 8 9 10 11 12 13 14 15 16 17 18 19 20 21 22 23 24 25 
1 2 19 4 5 6 7 8 9 10 11 12 13 14 15 16 17 18 20 95 96 97 98 99 100 94 92 23 3 28 29 30 93 27 31 26 33 25 24 32 34 35 36 50 42 37 45 22 48 54 39 38 44 47 41 21 40 43 46 88 91 49 87 85 89 90 60 63 61 62 59 86 84 65 56 64 53 55 83 78 79 67 66 74 70 57 72 52 76 58 51 77 81 82 73 75 71 80 68 69 
25 1 6 11 18 24 20 13 4 9 12 19 22 7 16 2 8 26 10 15 3 14 23 5 17 21 
68 1 85 10 9 70 16 62 56 77 6 7 22 26 41 92 78 74 95 58 63 20 82 39 3 2 55 43 34 76 50 57 8 72 27 96 49 15 21 31 19 53 66 36 75 23 54 64 17 40 88 52 87 37 28 83 60 90 45 94 29 13 12 86 47 89 81 80 65 42 11 24 93 51 67 97 14 35 30 79 46 71 4 84 59 32 48 18 91 25 61 44 73 38 5 33 69 
2 3 4 5 6 8 9 10 11 12 14 15 16 17 18 20 21 22 23 24 26 27 28 29 30 32 33 34 35 36 38 39 40 41 42 44 45 46 47 48 50 51 52 53 54 56 57 58 59 60 62 63 64 65 66 68 69 70 71 72 7 13 19 25 31 43 49 55 61 67 1 37 
75 89 53 65 35 34 60 25 2 42 64 37 69 47 74 88 32 56 45 41 90 26 61 24 28 50 87 70 4 46 44 29 49 62 17 1 12 54 66 78 84 20 59 11 81 85 67 5 21 23 55 10 79 73 38 14 16 8 58 18 39 77 86 36 48 22 9 82 40 52 72 7 43 63 83 71 68 3 33 80 15 31 57 13 27 19 51 76 6 30 
26 40 31 78 60 67 30 83 49 4 8 2 65 70 72 7 5 87 24 85 68 18 27 98 43 95 53 61 56 96 36 91 63 39 73 52 89 16 77 10 12 45 6 51 93 97 86 75 100 80 48 19 17 21 20 11 62 9 50 81 22 57 55 76 58 82 94 23 37 92 88 64 69 1 25 47 33 99 29 44 32 90 35 59 84 41 71 38 34 28 74 13 15 14 42 66 79 54 46 3 
62 92 36 31 4 66 25 24 71 44 29 74 35 100 32 56 64 80 97 7 50 65 59 12 82 87 49 78 86 9 51 26 30 73 8 77 14 45 5 67 85 70 91 6 89 69 11 63 76 90 83 33 37 41 21 93 19 68 58 17 18 28 34 42 10 95 15 13 53 2 98 88 94 55 46 20 48 81 79 39 61 99 3 1 57 84 72 22 38 43 52 16 75 27 40 96 23 47 60 54 
23 80 71 6 74 73 72 18 41 91 39 27 38 67 58 15 81 90 96 28 85 62 24 56 61 32 79 40 63 17 86 4 25 100 37 42 59 1 51 53 75 2 46 8 34 21 98 68 93 97 60 50 3 14 43 57 12 66 95 89 7 70 49 76 54 83 77 33 69 52 36 44 55 29 84 92 94 31 11 26 22 19 47 9 48 45 20 30 78 82 88 10 64 35 5 65 16 87 99 13 
51 29 64 31 69 92 95 9 88 83 48 32 10 17 1 16 66 19 98 14 91 55 27 84 86 54 80 42 6 11 76 40 26 49 56 36 41 100 18 3 23 35 43 67 85 8 21 38 96 7 70 97 20 72 87 13 39 47 37 63 57 45 78 52 81 68 50 33 73 46 77 82 61 59 79 15 99 24 12 2 94 65 44 71 22 90 28 60 89 25 58 4 74 53 34 30 5 93 75 62 
59 90 63 82 31 6 5 11 42 21 52 26 44 34 100 32 49 16 75 50 54 9 19 22 39 57 37 23 14 62 40 46 15 17 66 84 88 48 93 95 64 91 24 92 30 97 60 79 43 1 67 38 65 20 25 83 18 96 71 2 51 87 89 69 12 28 8 77 99 81 29 7 3 47 74 10 73 13 35 33 61 56 72 53 36 76 85 94 68 80 41 58 98 86 4 45 78 55 70 27 
46 61 35 64 6 98 89 73 26 28 33 60 87 71 43 65 9 99 19 68 45 16 31 17 80 10 62 39 3 83 32 12 72 59 29 76 25 36 40 82 47 57 11 67 51 86 90 41 69 85 100 92 75 54 93 44 20 1 23 8 94 22 24 88 21 30 91 74 96 15 52 95 63 97 27 18 66 53 38 50 49 2 70 78 55 48 5 13 84 4 58 37 34 77 79 7 14 81 42 56 
7 97 14 62 64 88 1 45 6 82 66 85 19 77 31 30 32 78 35 22 63 16 41 50 53 47 39 98 95 55 42 90 58 60 36 87 33 40 26 96 2 89 92 10 81 3 75 9 15 91 72 54 65 80 37 25 27 56 8 84 79 59 57 13 52 24 21 18 17 43 34 5 68 100 38 46 20 83 94 86 71 70 44 67 29 49 76 74 4 93 69 28 12 73 48 51 11 99 23 61 
37 86 46 65 84 61 73 53 99 69 68 55 67 63 40 54 79 93 92 77 89 75 50 51 49 81 8 94 59 62 57 52 56 72 5 70 29 22 34 15 100 91 64 97 6 4 19 2 66 80 14 24 90 60 87 74 78 20 28 27 32 42 21 1 43 31 85 33 44 23 36 16 88 38 26 13 95 45 35 12 41 76 71 96 11 48 3 9 10 7 17 18 25 30 39 47 58 82 83 98 
33 82 61 56 98 31 45 67 85 30 15 26 55 32 37 99 68 8 84 74 86 94 97 54 100 77 48 59 75 60 2 83 7 25 51 72 14 1 69 19 3 41 52 47 71 46 9 50 73 22 96 89 64 53 90 39 91 21 5 18 93 23 36 6 13 38 20 95 66 12 80 87 29 65 70 62 76 42 17 28 40 92 58 24 57 78 63 16 44 11 35 27 4 10 43 88 79 34 81 49 
46 34 4 83 51 37 92 32 54 6 21 64 98 72 61 24 26 13 18 28 85 44 45 99 62 79 50 97 93 76 47 96 43 78 65 7 3 57 63 31 19 67 71 73 16 88 75 86 27 36 22 94 20 12 70 39 1 5 100 81 41 8 56 77 38 68 10 17 23 90 74 66 53 15 2 55 87 82 9 25 11 14 91 84 60 40 59 30 89 58 29 52 42 48 49 33 80 35 95 69 
86 48 22 83 31 33 28 95 67 30 74 45 76 5 16 70 85 24 55 32 15 21 41 97 18 12 65 72 77 13 54 82 42 81 56 7 79 14 51 92 38 29 46 1 36 63 34 87 59 69 23 60 2 19 78 99 71 6 89 11 35 73 17 39 88 62 96 61 52 8 20 3 25 75 90 98 93 94 91 37 50 26 64 53 4 47 9 66 68 10 43 49 27 44 58 40 80 57 84 
2 7 1 3 4 5 6 
43 74 62 12 20 84 82 64 38 15 65 25 48 100 19 83 42 72 90 70 50 97 35 73 96 11 13 22 1 9 33 34 44 76 32 53 63 69 59 16 18 29 87 39 89 4 23 7 99 98 47 17 54 94 51 36 24 30 57 61 92 5 86 28 52 3 56 88 41 78 77 68 10 26 21 79 8 46 66 95 71 91 55 80 58 31 37 2 60 67 85 75 93 6 45 40 49 14 27 81 
10 19 24 28 33 41 43 69 82 93 66 5 80 9 12 13 94 15 16 18 20 22 30 47 67 68 71 74 76 79 56 81 70 84 86 88 37 39 42 44 35 53 55 57 58 59 62 3 89 92 14 100 1 2 6 98 73 17 83 25 26 78 29 32 4 90 48 50 51 40 45 27 52 54 8 60 64 63 23 72 11 75 46 85 38 91 7 99 36 21 31 34 49 61 65 77 87 95 96 97 
6 8 9 10 11 12 18 20 22 23 24 25 28 29 34 35 36 37 40 1 26 27 19 21 30 31 32 33 38 39 2 3 4 5 7 13 14 15 16 17 
9 15 17 21 23 27 29 30 31 33 35 36 37 39 41 42 43 45 46 47 48 49 50 51 52 53 54 1 2 3 4 5 6 7 8 10 11 12 13 14 16 18 19 20 22 24 25 26 28 32 34 38 40 44 
50 71 13 82 27 33 93 21 87 37 28 2 86 72 98 75 43 67 14 3 96 84 36 11 23 8 18 94 41 60 97 42 47 61 76 66 53 59 57 70 29 19 1 65 51 80 56 77 54 81 45 4 31 91 69 39 100 78 7 38 58 26 15 44 95 5 63 24 89 79 48 52 17 32 90 55 68 49 83 74 10 16 34 73 40 46 12 85 22 20 62 88 35 6 99 92 25 9 64 30 
22 40 51 54 63 64 89 33 13 16 47 19 49 26 29 17 52 68 53 65 46 85 90 98 2 9 10 12 74 48 37 58 62 76 91 96 14 32 23 28 7 8 61 77 71 84 93 4 3 57 18 70 78 1 67 100 41 45 15 6 82 75 97 30 31 55 87 56 73 92 50 79 59 66 72 99 86 95 80 11 38 94 34 69 5 27 60 88 21 81 42 25 20 35 39 83 43 36 24 44 
82 49 25 29 24 2 44 68 10 17 57 98 52 94 39 3 56 88 54 86 70 75 60 64 79 80 95 16 87 78 32 83 90 41 14 18 96 51 100 81 36 92 31 13 47 15 23 12 30 35 50 66 19 65 74 27 91 6 97 42 85 37 72 43 73 69 5 76 33 28 63 99 53 20 46 71 22 38 45 61 26 40 48 9 8 67 34 55 84 1 93 11 59 4 7 77 89 21 58 62 
76 29 31 9 50 42 90 44 62 61 71 10 25 45 92 82 93 8 94 12 47 87 23 38 1 84 64 18 81 96 27 88 78 70 20 73 33 51 53 41 5 63 34 68 54 65 36 98 55 85 43 30 52 58 16 100 95 24 6 89 86 35 59 32 60 21 99 3 67 13 39 17 22 77 57 26 19 75 15 79 28 46 40 97 74 2 48 14 37 66 72 83 11 56 49 4 69 7 80 91 
99 97 98 96 94 92 93 91 95 100 89 87 88 86 84 82 83 81 85 90 79 77 78 76 74 72 73 71 75 80 69 67 68 66 64 62 63 61 65 70 59 57 58 56 54 52 53 51 55 60 49 47 48 46 44 42 43 41 45 50 39 37 38 36 34 32 33 31 35 40 29 27 28 26 24 22 23 21 25 30 19 17 18 16 14 12 13 11 15 20 9 7 8 6 4 2 3 1 5 10 
46 34 40 5 33 10 37 9 12 47 3 41 1 48 6 19 13 35 16 15 22 23 42 7 8 44 28 29 36 38 43 24 14 32 21 30 39 49 25 17 26 31 50 11 18 27 4 2 20 45 
44 23 79 100 13 26 15 63 58 99 80 34 5 61 77 48 86 8 53 85 96 54 78 92 3 51 6 87 2 45 39 41 43 81 14 10 46 7 75 60 16 93 83 33 89 64 11 74 76 65 57 94 40 50 55 36 67 20 62 98 82 4 9 24 49 27 56 19 52 69 97 22 25 38 30 90 68 88 84 70 37 71 28 95 35 42 72 21 32 66 91 73 18 12 31 1 17 47 59 29 
8 82 51 77 56 73 64 49 35 43 54 62 15 30 86 70 7 9 32 91 38 85 52 34 19 93 75 4 42 47 98 100 78 25 92 17 16 22 83 99 13 48 53 28 58 3 12 84 23 50 24 61 72 68 88 76 44 6 41 36 40 55 96 63 27 65 46 67 39 97 11 31 95 21 45 5 90 81 79 87 14 89 59 2 37 33 80 74 66 71 94 10 26 29 1 60 69 18 20 57 
1 41 5 17 33 14 42 26 44 23 38 18 50 16 48 47 35 8 3 25 6 11 9 43 12 2 37 49 22 39 28 27 30 46 24 21 15 4 10 34 36 7 31 13 19 20 29 32 45 40 
1 2 3 4 5 6 7 8 9 10 11 15 14 13 12 23 18 17 19 20 22 21 16 24 25 27 26 28 29 30 31 32 34 33 35 36 38 37 39 40 42 41 43 44 45 46 47 48 49 50 52 51 55 56 53 54 57 58 59 60 61 62 63 64 
1 5 2 3 4 
56 71 23 75 83 100 68 2 19 58 17 43 16 98 11 33 87 40 41 49 53 8 55 69 48 91 30 20 13 37 99 62 46 74 84 88 52 95 70 24 15 45 97 86 66 5 63 35 90 77 25 59 73 93 29 18 92 27 96 54 72 26 6 57 67 85 38 28 4 50 47 42 32 14 82 61 21 81 34 94 80 10 44 51 39 12 76 64 36 79 3 78 89 9 22 31 7 65 60 1 
58 65 16 25 46 11 51 62 69 8 87 61 41 82 24 20 67 37 73 86 14 9 21 43 100 59 30 35 80 7 10 54 63 81 5 17 90 66 57 47 70 75 97 48 89 84 98 99 68 29 6 4 39 91 12 22 52 53 36 31 44 74 71 38 50 77 15 72 32 23 26 92 34 18 19 3 55 45 28 64 94 88 79 42 40 27 95 96 76 49 85 93 33 13 83 78 60 1 56 2 
16 5 71 86 21 30 45 8 76 39 84 92 97 7 73 17 3 90 4 61 54 74 36 20 75 98 2 57 12 24 53 48 38 72 79 15 9 33 69 1 63 10 66 43 94 87 78 89 60 49 99 29 85 88 37 11 27 22 100 52 47 35 26 83 34 91 56 50 19 58 82 62 55 80 42 31 41 18 28 46 14 32 77 65 81 95 64 6 59 23 44 67 25 93 68 51 96 13 40 70 
73 8 29 28 55 10 5 95 86 19 6 64 27 62 84 39 30 68 58 69 49 1 60 66 2 56 100 3 21 91 44 37 46 7 17 23 12 93 67 54 97 88 74 32 71 82 78 80 89 98 83 81 72 76 26 75 11 45 16 22 53 94 47 51 50 41 48 4 33 9 57 14 13 18 20 40 31 63 38 35 90 65 36 24 96 79 25 92 15 59 85 70 42 87 99 61 77 43 52 34 
35 42 26 97 73 60 68 66 82 32 33 99 10 5 96 9 50 56 54 39 1 13 76 21 51 57 89 85 52 37 16 100 47 34 23 45 70 49 7 92 94 90 31 18 77 30 8 86 55 36 29 43 19 79 22 46 17 65 61 20 93 38 91 88 4 6 74 67 11 14 63 75 98 95 69 3 28 40 81 59 48 53 15 62 58 12 83 78 87 25 72 41 84 71 64 2 44 24 80 27 
1 2 3 4 5 
1 2 3 4 5 6 7 8 9 10 11 12 13 14 15 16 17 18 19 20 21 22 23 
6 4 5 7 1 3 2 
67 68 74 63 73 61 71 66 72 26 62 21 100 95 60 58 96 56 65 55 99 49 15 16 54 90 59 9 53 3 70 87 88 85 64 69 94 22 98 86 93 97 8 83 76 82 20 81 18 91 6 13 25 19 23 57 7 1 45 80 77 24 35 51 89 4 11 92 14 52 47 43 41 42 79 12 39 40 50 36 48 84 31 10 2 34 46 38 5 17 75 44 32 33 29 30 78 28 37 27 
92 6 49 79 100 60 10 3 2 59 99 95 75 52 45 34 40 1 48 32 5 74 65 80 81 84 66 69 33 37 36 87 41 44 76 4 30 55 20 94 86 31 39 61 67 43 11 88 83 53 64 35 27 91 12 96 8 77 89 93 85 50 97 68 58 71 22 17 98 82 63 7 24 46 19 25 57 78 28 47 54 14 26 18 73 23 13 51 21 9 16 38 70 56 62 29 42 72 15 90 
45 83 92 27 47 69 40 70 2 12 76 23 66 43 37 8 57 75 72 41 63 42 52 9 91 24 60 80 10 79 1 88 78 54 82 21 11 97 13 14 94 89 84 38 3 68 98 73 44 50 16 99 71 49 87 51 33 61 30 32 90 85 7 19 48 81 39 36 53 5 18 28 93 25 56 34 95 46 96 26 65 35 67 29 59 22 62 77 86 4 31 17 55 74 100 15 58 64 20 6 
33 7 94 54 98 2 97 11 6 58 77 4 72 26 34 55 21 22 35 61 84 43 96 70 59 69 12 73 100 41 87 92 86 85 5 57 24 74 95 42 40 16 48 29 82 49 66 27 10 93 15 14 1 38 47 45 80 83 63 67 81 65 68 25 79 3 50 8 52 23 76 30 37 75 56 64 91 71 44 90 18 46 53 99 32 62 31 9 13 36 19 20 60 78 17 28 39 89 88 51 
97 94 91 80 78 76 73 62 55 60 50 25 43 39 30 40 34 29 24 21 20 17 14 12 59 11 99 92 72 71 44 23 5 81 26 6 87 84 77 67 56 54 53 52 51 48 10 7 3 1 100 98 89 83 79 69 66 65 64 61 37 36 31 28 16 15 4 13 2 8 22 18 9 35 27 19 32 33 41 42 46 38 45 47 49 57 74 68 58 63 85 82 75 70 90 86 88 93 95 96 
39 52 8 19 30 81 14 41 6 87 56 69 83 18 26 85 66 93 5 94 46 23 61 25 44 78 21 48 28 68 20 49 79 95 77 63 24 34 37 90 15 59 1 65 13 3 35 54 11 42 57 67 55 38 10 96 100 86 74 32 84 60 27 50 71 91 80 76 31 4 82 33 22 40 2 43 47 17 9 58 73 75 16 99 72 98 97 70 53 62 45 36 51 64 92 29 89 12 7 88 
3 77 44 48 69 32 17 9 70 39 46 60 59 33 23 6 54 21 24 31 25 29 22 2 1 47 30 36 45 49 74 5 72 75 38 34 15 28 19 18 68 42 73 12 16 81 76 58 80 79 57 78 55 63 64 56 14 50 62 53 11 61 52 43 65 40 51 35 67 4 7 66 20 13 71 37 26 27 8 41 10 
2 4 5 6 7 8 11 13 14 17 18 19 20 22 23 24 25 26 28 29 31 32 34 37 38 39 40 41 42 43 46 47 48 49 50 51 53 54 55 56 57 58 59 60 62 66 67 68 69 70 71 72 73 9 74 75 76 78 79 80 81 63 82 83 85 86 87 89 90 91 92 93 94 95 97 98 44 99 88 84 96 77 61 52 36 65 30 27 21 16 33 12 10 3 64 35 100 15 1 45 
4 3 9 1 2 7 10 5 6 8 
6 9 11 41 4 37 7 76 99 24 49 27 39 64 33 87 22 71 16 61 25 47 12 93 18 74 35 56 78 66 67 43 84 10 88 100 68 72 96 19 57 28 90 89 97 50 48 42 82 54 63 30 62 20 51 79 98 55 70 77 60 95 15 14 36 52 8 38 86 40 46 3 45 85 92 29 69 94 65 44 17 75 83 73 80 13 21 5 2 32 53 31 23 59 34 91 26 1 58 81 
19 16 11 8 13 6 7 2 9 5 17 18 4 3 20 10 1 12 14 15 
48 74 6 7 8 9 10 11 12 13 14 15 1 17 18 19 20 21 22 23 24 25 26 27 29 30 31 32 33 34 35 36 37 38 39 40 41 42 43 44 45 46 47 49 50 51 52 53 55 56 57 58 59 60 61 62 63 64 65 66 67 68 69 70 71 72 73 75 76 77 78 79 80 81 82 83 84 85 16 28 3 5 54 2 4 
90 27 73 86 65 2 18 100 64 47 9 59 98 87 3 1 97 31 56 20 37 53 93 79 78 82 35 92 23 54 17 71 40 46 85 94 8 49 66 57 11 62 19 34 5 48 25 16 36 95 89 68 44 67 42 32 12 43 76 69 39 72 21 61 55 6 50 15 45 4 33 7 99 77 14 91 81 88 26 29 30 75 58 60 80 83 70 96 41 10 51 38 63 22 84 24 13 74 52 28 
6 7 8 9 10 11 12 14 15 17 18 19 20 21 22 23 25 26 28 29 30 31 32 34 35 36 37 38 39 40 41 42 44 45 46 1 2 3 13 16 24 27 33 43 47 48 4 5 
3 7 8 9 5 4 6 1 2 
1 60 50 79 45 82 72 6 80 91 16 11 2 51 61 94 42 65 12 34 73 47 37 78 81 49 96 84 33 22 63 62 3 14 40 69 64 15 99 93 7 39 4 5 44 21 36 58 17 55 57 95 90 76 43 25 26 85 54 83 87 35 46 100 32 24 28 71 70 8 20 52 89 53 74 86 48 13 30 29 9 10 23 31 38 56 59 67 77 97 98 18 19 27 41 66 68 75 88 92 
74 65 72 34 31 46 9 13 61 6 62 97 37 27 28 95 85 88 93 77 7 38 70 15 2 87 40 89 73 5 59 24 26 1 8 75 25 35 32 33 43 67 84 17 76 20 52 63 53 78 86 92 98 22 41 100 82 36 99 49 48 51 69 29 91 4 80 47 10 58 14 54 12 39 56 30 44 90 11 18 60 16 68 50 71 19 23 79 94 3 45 42 81 21 57 83 64 96 66 55 
73 27 28 46 26 38 3 63 18 85 90 64 68 6 91 94 1 65 33 17 80 95 56 41 4 25 13 58 53 40 14 2 43 96 84 45 47 35 11 93 61 9 71 76 51 57 48 62 78 39 23 49 52 54 19 89 42 8 70 83 60 79 72 10 55 75 36 86 66 5 12 99 88 29 24 16 50 7 20 77 30 15 44 67 92 97 69 98 22 31 59 34 32 37 87 74 81 82 21 
77 28 11 31 80 32 4 13 45 56 29 62 83 21 3 2 25 90 59 66 69 95 10 74 72 89 5 86 93 67 6 81 26 9 42 64 14 30 23 17 68 99 57 52 54 44 48 12 35 24 15 70 39 53 8 85 7 78 71 51 63 98 50 34 22 84 36 58 19 20 27 75 88 87 79 47 97 49 76 61 16 91 55 46 41 65 100 33 94 1 82 37 38 43 92 60 40 96 18 73 
12 16 18 22 25 36 40 42 46 49 60 64 66 70 73 76 1 67 4 5 6 7 9 10 19 53 26 28 29 30 31 33 34 37 38 43 68 65 75 13 14 20 23 44 47 48 52 24 54 55 57 58 61 62 50 2 71 74 3 8 17 21 72 32 41 45 51 56 69 15 39 63 27 11 35 59 
1 91 95 100 32 96 92 57 67 94 89 63 72 9 75 68 5 48 56 24 53 78 40 88 46 2 42 38 28 15 10 7 12 8 11 14 58 90 34 30 19 36 51 61 69 81 71 77 22 93 82 79 70 31 85 66 64 23 62 43 44 45 65 87 4 52 3 98 37 54 16 97 60 39 41 35 29 26 17 18 21 84 25 27 47 49 55 83 20 80 73 74 59 50 86 13 6 76 33 99 
16 32 36 41 53 54 57 58 76 77 82 86 94 97 98 2 3 20 19 22 24 10 6 14 40 42 43 44 4 48 71 31 33 34 37 38 49 62 63 69 81 83 95 91 93 1 11 5 74 78 66 12 13 15 17 18 29 21 23 25 47 30 39 92 27 28 45 85 50 100 52 55 35 75 96 79 80 8 84 9 87 88 90 89 56 59 60 61 64 65 99 67 68 70 72 73 26 51 7 46 
1 2 3 4 5 
100 2 3 5 6 8 9 11 12 14 15 17 18 20 21 23 24 26 27 29 30 32 33 35 36 38 39 41 42 44 45 47 48 50 51 53 54 56 57 59 60 62 63 65 66 68 69 71 72 74 75 77 78 80 81 83 84 86 87 89 90 92 93 95 96 98 99 1 7 4 13 16 19 10 25 28 31 34 37 40 43 46 49 52 55 58 61 64 67 70 73 76 79 82 85 88 91 94 22 97 
1 2 3 4 5 6 7 8 9 10 11 12 13 14 15 16 17 18 19 20 21 22 23 24 25 26 27 28 29 30 31 32 33 34 35 36 37 38 39 40 
80 94 84 100 52 86 15 73 24 14 46 58 49 10 53 29 8 88 31 64 82 92 95 50 27 81 97 65 78 44 35 60 6 2 21 79 37 63 99 30 19 47 13 66 17 12 69 32 20 42 18 61 90 33 77 59 7 25 71 3 26 16 39 75 1 57 93 83 23 68 70 91 54 34 87 40 22 56 41 28 55 51 72 5 38 36 9 76 85 48 74 89 98 62 43 67 11 96 4 45 
1 2 3 4 5 6 7 8 9 10 11 12 13 14 15 16 17 18 19 20 21 22 23 24 25 26 27 28 29 30 31 32 33 34 35 36 37 38 39 40 41 42 43 44 45 46 47 48 49 50 51 52 53 54 55 56 57 58 59 60 61 62 63 64 65 66 67 68 69 70 71 72 73 74 75 76 77 78 79 80 81 82 83 84 85 86 87 88 89 90 91 92 93 94 95 96 97 98 99 100 
40 53 1 52 26 38 60 44 50 5 6 51 35 15 46 2 3 24 12 17 54 10 58 31 32 9 55 14 20 22 23 29 11 57 59 45 19 41 36 37 21 16 49 43 34 48 33 7 47 28 25 39 18 30 13 4 56 27 8 42 
7 14 16 17 21 30 33 39 49 51 60 66 68 73 85 92 93 2 3 9 10 64 15 94 20 24 97 35 37 40 87 53 88 58 63 75 19 79 4 82 31 5 95 23 18 50 41 74 45 47 48 54 56 72 11 65 67 78 1 76 77 80 84 57 89 90 91 81 8 44 28 32 34 36 38 52 55 61 46 86 83 6 26 12 96 29 13 43 62 42 59 69 70 71 27 22 25 
13 14 17 18 21 22 25 27 29 32 33 34 35 37 38 39 41 42 43 44 45 46 49 50 51 52 53 54 55 56 57 58 59 60 61 62 65 67 69 71 72 73 74 75 77 78 79 83 84 85 86 87 88 89 90 91 92 93 94 95 96 97 98 99 100 2 12 19 1 3 6 15 11 20 4 5 7 16 9 10 8 23 24 26 28 30 31 36 40 47 48 63 64 66 68 70 76 80 81 82 
1 2 3 4 5 6 7 8 9 10 11 12 13 14 15 16 17 18 19 20 21 22 23 24 25 26 27 28 29 30 31 32 33 34 35 36 37 38 39 40 41 42 43 44 45 46 47 48 49 50 51 52 53 54 55 56 57 58 59 60 61 62 63 64 65 66 67 68 69 70 71 72 73 74 75 76 77 78 79 80 81 82 83 84 85 86 87 88 89 90 91 92 93 94 95 96 97 98 99 100 
67 87 28 24 41 14 66 95 78 98 43 72 75 49 90 39 100 83 53 85 69 30 34 5 74 79 71 38 88 92 9 51 76 81 7 12 60 46 3 13 89 1 84 86 82 91 33 17 37 2 96 47 44 73 48 70 8 18 36 32 29 45 19 25 63 6 99 80 52 10 31 94 93 97 16 57 22 4 27 54 55 56 65 40 26 20 15 42 64 23 35 68 59 21 50 61 11 62 58 77 
