26 23 29 20 32 35 17 19 56 22 11 25 8 10 14 13 59 16 100 71 2 31 5 7 62 86 65 92 68 70 53 4 28 89 77 61 44 98 47 83 50 52 34 1 38 74 41 43 80 82 67 85 49 88 55 73 64 76 46 79 58 91 95 94 37 97 40 3 6 9 12 15 18 21 24 27 30 33 36 39 42 45 48 51 54 57 60 63 66 69 72 75 78 81 84 87 90 93 96 99 
7 58 3 8 50 42 85 53 21 31 38 45 25 32 40 59 82 84 72 20 22 52 24 67 77 74 63 79 95 68 90 2 10 70 96 46 78 5 69 14 37 9 61 26 99 13 56 62 23 6 81 97 89 83 91 47 12 51 19 66 4 49 34 54 86 94 27 33 41 29 15 93 17 18 28 65 80 87 76 75 30 100 57 16 71 44 98 11 64 43 39 73 88 60 35 36 55 48 92 1 
12 74 26 7 30 87 91 97 4 15 98 65 79 76 40 41 70 73 71 49 17 96 60 45 53 47 32 20 27 81 38 23 46 72 66 52 78 10 59 28 56 68 5 13 2 93 51 21 67 83 63 37 9 31 69 3 44 6 82 95 84 61 22 89 92 34 39 99 33 77 25 94 57 43 42 29 62 75 58 1 90 50 19 54 14 48 11 80 18 8 24 85 100 36 64 16 35 86 55 88 
14 67 28 55 65 94 74 43 69 23 15 56 75 6 30 92 100 70 3 71 46 80 18 33 54 64 66 42 90 16 48 60 86 39 25 73 11 97 68 19 32 52 72 13 87 40 93 47 83 76 38 29 95 1 78 62 41 89 59 61 9 20 34 7 2 31 35 49 22 63 45 10 8 77 27 5 98 96 17 36 79 81 21 82 26 57 88 85 99 12 24 4 51 91 53 37 58 84 50 44 
4 2 3 1 6 5 7 8 9 10 11 12 13 14 15 16 17 18 19 20 21 22 23 24 25 26 27 28 29 30 31 32 33 34 35 36 37 38 39 40 41 42 43 44 45 46 47 48 49 50 51 52 53 54 55 56 57 58 59 60 61 62 63 64 65 66 67 68 69 70 71 72 73 74 75 76 77 78 79 80 81 82 83 84 85 86 87 88 89 90 91 92 93 94 95 96 97 98 99 100 
27 29 31 33 35 37 39 41 43 45 47 49 51 53 55 57 59 61 63 65 67 69 71 73 75 77 79 81 83 85 87 89 91 93 95 97 99 100 25 26 28 30 32 34 36 38 40 42 44 46 48 50 52 54 56 58 60 62 64 66 68 70 72 74 76 78 80 82 84 86 88 90 17 7 14 11 13 15 92 94 96 98 19 3 6 8 10 12 9 16 18 24 21 23 2 4 22 20 5 1 
1 6 10 2 3 4 5 7 8 9 
84 80 90 3 36 94 66 2 30 99 6 56 81 75 65 14 93 20 27 33 35 54 76 48 38 10 68 72 12 50 22 24 9 29 43 44 46 49 61 62 63 47 32 70 40 5 97 21 39 45 28 23 1 51 52 53 60 64 11 71 26 74 77 79 85 87 91 7 8 69 98 34 37 92 15 89 13 16 17 19 31 100 57 58 88 67 73 82 95 4 18 25 41 42 55 59 78 83 86 96 
46 25 91 50 90 4 3 95 42 53 84 13 71 54 76 74 89 94 85 49 58 55 18 60 14 1 47 52 56 93 75 65 70 82 59 11 2 35 40 19 24 16 67 27 73 99 77 51 8 34 44 31 21 86 26 97 64 32 20 57 100 66 72 61 30 6 69 41 29 92 38 45 17 87 28 37 7 48 22 15 10 39 9 5 83 79 81 63 43 33 12 68 62 78 96 23 36 98 88 80 
14 23 72 75 47 39 43 15 51 62 8 77 78 73 54 21 65 27 55 13 30 33 42 53 64 9 32 1 16 20 59 17 74 29 70 57 56 45 48 71 41 26 4 68 10 67 60 61 12 24 28 6 22 79 5 7 3 63 34 80 31 11 50 44 46 69 19 36 58 52 25 18 37 76 38 35 66 2 40 49 
19 1 23 2 3 4 5 6 7 8 9 10 11 12 13 14 15 16 17 20 22 21 18 
4 5 2 6 1 3 
47 30 18 2 14 22 53 100 93 40 58 21 49 28 42 63 51 71 79 17 78 81 50 26 66 31 88 16 4 48 10 54 60 86 39 90 83 76 24 62 52 56 68 38 73 67 29 82 23 44 19 59 34 36 72 43 91 75 3 20 12 74 11 27 46 32 97 69 35 57 8 6 98 7 87 37 84 89 92 1 77 65 45 61 13 85 9 64 15 96 25 41 33 5 70 94 95 99 80 55 
92 23 12 86 40 78 16 13 97 19 43 54 32 42 21 35 81 46 7 55 11 50 98 58 18 24 74 96 29 61 31 8 48 85 22 93 37 68 70 17 57 60 73 89 4 84 63 91 80 47 15 69 90 51 30 77 87 59 6 94 1 34 66 83 79 53 56 71 9 36 82 44 76 45 25 20 62 100 10 38 99 28 64 2 49 52 41 88 26 67 5 3 33 14 65 27 75 95 72 39 
86 5 69 40 4 14 90 66 73 59 27 24 85 1 97 49 10 47 29 91 57 46 6 22 81 68 9 70 67 32 16 54 55 51 45 52 41 12 78 8 75 65 13 7 93 79 98 21 58 83 37 31 2 34 74 92 20 84 43 44 50 63 61 89 77 82 38 48 28 60 72 94 80 76 71 15 26 25 39 36 11 23 35 96 30 17 42 87 100 99 53 19 95 3 18 64 56 88 62 33 
30 84 20 1 68 83 93 15 21 8 26 92 94 66 31 76 44 71 89 10 46 11 18 67 45 19 39 27 79 73 48 35 34 7 91 88 54 22 37 47 65 33 3 6 50 49 96 57 9 70 55 13 42 32 62 63 28 41 60 4 95 2 36 99 14 100 97 87 82 80 64 78 72 85 25 16 17 69 53 75 40 61 98 51 81 58 5 59 43 29 52 86 74 38 12 56 23 24 90 77 
1 2 3 4 
76 27 46 100 73 92 69 71 75 11 82 89 16 38 78 87 8 42 49 17 39 32 93 45 60 80 70 58 81 13 25 99 9 7 96 1 29 44 33 77 97 90 20 35 4 74 52 34 48 63 36 91 6 86 3 26 40 23 72 2 88 47 55 84 83 98 14 24 37 43 53 79 50 10 56 5 41 19 66 68 85 94 15 21 64 22 95 67 12 18 54 30 57 61 62 65 28 31 59 51 
12 78 55 34 9 27 62 20 87 75 33 60 40 99 18 15 17 5 23 91 30 50 70 41 71 63 48 44 38 32 7 13 45 36 89 85 69 82 52 46 81 19 59 93 8 3 83 11 26 96 61 49 97 90 22 16 10 28 6 79 43 64 54 53 51 37 67 77 74 100 24 42 14 1 31 21 76 65 86 94 73 92 66 29 72 95 80 88 39 57 35 58 56 2 25 84 98 68 4 47 
10 9 5 4 7 2 6 8 3 1 
99 100 18 61 42 75 59 13 19 1 36 58 44 37 73 86 63 65 33 88 22 77 4 20 57 24 62 41 53 2 28 45 16 89 49 25 79 23 21 97 3 93 12 91 10 14 80 66 52 9 47 32 7 82 60 74 30 76 72 39 8 6 38 55 67 71 84 78 69 31 29 35 26 56 90 96 98 46 51 95 17 92 27 81 64 94 50 68 5 15 40 34 87 70 48 11 83 54 43 85 
85 54 11 15 90 48 16 73 55 94 36 77 93 28 31 97 6 78 72 58 30 41 88 9 82 19 80 7 4 69 63 5 76 59 98 65 33 3 74 2 43 86 89 64 57 52 42 60 25 10 21 81 91 50 61 70 8 14 96 84 75 45 1 23 26 38 49 17 37 51 35 29 22 39 71 62 95 47 56 34 66 13 32 92 20 40 79 12 44 24 83 27 67 53 46 68 100 87 18 99 
58 59 65 66 67 69 70 71 72 73 74 75 77 78 80 81 82 91 92 93 94 95 96 97 98 99 100 13 14 15 16 18 19 21 24 26 27 28 79 30 34 35 36 37 38 39 40 41 42 43 33 31 47 45 29 55 57 60 3 46 85 87 88 89 90 11 12 22 23 25 48 32 49 10 86 7 8 9 50 54 83 84 61 64 63 20 76 1 2 62 4 5 6 56 51 52 44 68 17 53 
53 72 4 86 37 81 98 47 26 25 11 13 93 64 48 82 92 14 23 88 34 57 2 50 83 63 100 43 38 6 18 28 22 67 55 8 80 16 45 61 10 5 56 24 35 71 76 90 54 68 74 49 32 70 69 30 62 27 75 77 58 1 12 44 89 96 94 66 52 7 17 99 9 97 59 60 78 41 73 65 19 84 15 31 36 85 95 79 91 46 29 39 21 20 3 33 51 42 40 87 
55 93 33 96 54 88 17 85 19 23 71 74 43 46 95 69 22 7 49 38 51 53 78 4 29 72 32 39 73 97 58 27 16 13 86 87 60 1 47 79 18 35 61 68 59 11 6 62 28 92 42 21 83 67 99 76 44 77 50 25 56 3 34 45 66 2 81 63 24 89 48 36 10 40 75 100 57 14 20 41 90 64 84 65 12 5 80 30 94 8 98 9 82 52 70 37 91 26 31 15 
1 19 13 4 31 7 34 42 44 8 6 29 41 47 17 18 21 22 11 15 35 23 26 27 24 25 9 20 36 38 39 46 5 2 3 10 12 14 16 28 30 32 33 37 40 43 45 48 49 50 
1 2 
71 77 92 3 51 88 64 16 1 75 60 54 94 6 50 86 42 93 25 28 43 48 62 91 22 96 69 10 87 73 76 99 47 37 80 78 98 8 2 53 61 59 52 32 44 9 5 57 56 82 20 14 67 33 12 89 11 21 39 30 100 13 79 72 15 49 24 19 34 38 46 90 18 7 68 23 17 26 27 81 95 4 84 97 83 58 55 65 40 66 85 45 29 31 70 41 36 74 63 35 
29 96 100 17 52 51 74 44 37 85 70 21 1 23 25 93 8 68 36 71 27 24 41 26 34 95 92 79 43 62 58 33 40 28 7 57 65 60 66 16 75 98 78 69 19 56 97 82 87 5 48 15 53 55 63 18 90 72 64 94 47 54 4 76 31 49 14 38 20 46 30 2 86 73 61 89 32 42 81 11 84 22 88 77 91 67 50 80 83 13 45 35 39 99 6 59 10 3 9 12 
57 19 75 14 11 91 31 62 15 81 49 82 44 76 83 86 90 54 100 59 96 71 39 10 24 65 28 33 67 43 9 77 53 42 6 25 56 23 69 79 21 36 85 66 4 92 7 74 48 27 32 68 63 51 50 1 2 55 5 94 40 84 97 88 47 78 58 99 64 95 60 41 3 52 22 45 29 20 18 87 16 35 93 46 17 37 70 89 12 61 8 38 80 73 72 13 98 26 30 34 
42 36 40 30 6 77 63 3 2 1 53 93 59 10 8 74 100 80 35 76 65 14 96 56 75 9 78 7 26 66 88 46 44 17 39 11 23 87 81 94 68 97 22 13 51 18 32 5 92 86 98 61 41 52 38 91 82 33 19 72 37 24 90 48 84 83 71 50 67 64 12 62 54 25 79 34 20 89 21 29 99 27 45 31 58 85 69 55 4 15 49 43 47 73 57 60 16 95 70 28 
21 56 75 15 66 1 50 45 36 3 76 53 11 6 61 72 100 41 23 10 77 8 58 74 92 47 64 22 90 98 91 40 4 27 55 70 71 32 20 44 43 9 83 93 63 85 73 69 28 31 17 68 14 49 94 39 62 29 46 33 42 16 89 13 54 48 34 30 59 52 99 81 86 87 18 97 80 84 24 88 19 67 79 38 95 57 25 2 5 12 37 65 35 51 26 82 96 60 7 78 
74 84 80 1 94 85 79 50 57 77 60 61 5 100 35 48 4 3 20 76 37 55 16 23 51 88 47 27 28 7 40 44 39 26 72 87 59 67 42 25 45 19 30 70 54 58 41 6 93 52 49 14 75 95 78 12 96 66 11 63 32 71 99 15 91 62 73 9 82 21 43 53 56 18 36 31 89 65 90 92 68 69 33 22 10 34 8 97 46 29 81 24 17 98 83 64 13 86 38 2 
1 2 3 4 5 6 7 8 
30 97 90 85 11 99 28 66 45 96 76 89 64 74 100 29 13 36 19 71 47 84 98 15 73 12 2 17 32 59 51 39 72 41 94 34 16 86 56 80 3 53 50 91 57 35 5 23 62 38 68 58 92 81 88 77 75 54 26 78 79 44 83 63 1 55 60 69 42 48 46 40 87 10 22 27 67 6 95 4 20 33 70 65 52 82 14 9 93 49 31 25 37 21 43 61 8 18 24 7 
71 67 35 75 88 38 16 97 80 40 43 32 12 51 39 41 15 59 58 52 72 19 76 91 25 4 99 42 61 95 28 63 1 60 89 65 53 77 45 8 10 81 98 69 83 6 11 50 13 96 22 64 47 24 62 37 86 100 87 68 29 14 5 78 90 33 56 57 2 20 26 34 82 54 49 73 70 23 27 36 18 85 9 7 92 21 74 31 48 84 46 30 66 44 93 3 55 94 79 17 
1 2 3 4 5 6 7 8 9 10 11 12 13 14 15 16 17 18 19 20 21 22 23 24 25 26 27 28 29 30 31 32 33 34 35 36 37 38 39 40 41 42 43 44 45 46 47 48 49 50 51 52 53 54 55 56 57 58 59 60 61 62 63 64 65 66 67 68 69 70 71 72 73 74 75 76 77 78 79 80 81 82 83 84 85 86 87 88 89 90 91 92 93 94 95 96 97 98 99 100 
1 4 6 8 14 2 3 7 10 9 5 11 12 13 15 
66 22 63 65 30 59 44 61 47 78 88 15 46 57 32 53 10 99 75 74 83 96 35 79 86 81 64 48 34 69 91 50 25 5 28 4 51 16 58 85 33 71 90 52 80 21 17 6 77 2 31 97 49 55 23 94 14 95 73 89 92 1 45 29 60 18 11 9 56 43 36 8 7 13 41 20 26 39 40 37 67 68 93 54 100 72 3 24 70 82 87 62 19 84 12 76 38 27 98 42 
58 69 64 92 66 56 85 68 12 77 6 19 18 60 5 47 11 63 16 95 31 80 14 26 61 93 15 57 99 37 43 62 27 75 94 3 84 38 1 51 98 90 28 45 59 40 4 74 81 36 42 22 30 8 79 33 97 35 20 83 91 34 82 7 89 41 24 29 54 49 53 48 78 46 71 96 44 50 87 100 21 55 72 10 52 32 13 17 65 67 70 25 39 23 73 76 9 2 88 86 
1 2 3 4 5 6 7 8 9 10 11 12 13 14 15 16 17 18 19 20 21 22 23 24 25 26 27 28 29 30 31 32 33 34 35 36 37 38 39 40 41 42 43 44 45 46 47 48 49 50 51 52 53 54 55 56 57 58 59 60 61 62 63 64 65 66 67 68 69 70 71 72 73 74 75 76 77 78 79 80 81 82 83 84 85 86 87 88 89 90 91 92 93 94 95 96 97 98 99 100 
99 100 98 95 97 96 93 94 92 90 91 89 86 84 82 88 87 85 83 80 81 74 77 79 78 72 68 76 75 73 70 71 69 67 65 59 66 64 63 61 62 60 58 57 54 55 56 53 52 48 51 50 49 47 46 45 41 42 44 43 39 40 38 35 37 36 34 32 33 28 26 30 31 29 27 25 24 23 21 22 19 20 17 15 18 16 14 13 9 12 10 11 8 7 5 6 2 4 3 1 
82 5 28 77 43 56 29 36 22 99 25 45 39 9 1 7 70 100 14 91 93 71 89 74 79 41 51 86 24 8 85 66 54 31 17 76 92 27 53 98 33 6 13 11 50 61 97 65 87 55 59 34 60 62 75 26 78 10 21 58 80 95 49 44 94 16 83 90 84 15 46 72 4 18 73 57 69 23 42 32 47 37 81 19 67 88 68 12 20 40 30 38 64 63 96 2 52 35 3 48 
1 96 95 94 93 92 91 90 89 88 87 86 85 84 83 82 81 80 79 78 77 76 75 74 73 72 71 70 69 68 67 66 65 64 63 62 61 60 59 58 57 56 55 54 53 52 51 50 49 48 47 46 45 44 43 42 41 40 39 38 37 36 35 34 33 32 31 30 29 28 27 26 25 24 23 22 21 20 19 18 17 16 15 14 13 12 11 10 9 8 7 6 5 4 3 2 97 98 99 100 
3 44 73 93 96 98 87 94 41 49 24 72 27 29 95 74 55 20 2 33 16 75 57 34 62 63 5 54 38 48 81 42 61 10 53 21 77 88 86 52 40 67 43 50 80 22 4 99 71 13 9 46 79 91 92 56 60 11 18 25 8 36 59 14 6 66 26 100 65 7 64 23 32 85 12 30 51 19 39 78 83 47 90 1 82 97 17 45 69 68 37 89 84 70 28 35 58 15 31 76 
6 4 5 1 3 2 
5 67 14 37 36 41 48 86 16 74 78 79 8 17 64 49 11 100 4 27 19 93 22 51 98 10 24 97 31 44 81 20 83 29 13 15 77 9 59 23 45 40 87 43 50 53 62 99 92 21 1 25 39 95 69 75 3 33 32 76 46 88 84 80 47 7 91 94 96 35 89 26 18 57 85 73 38 70 28 61 82 63 12 30 42 34 56 58 54 2 66 90 55 60 71 6 52 68 72 65 
26 35 94 43 48 54 73 68 83 74 15 62 50 13 99 64 41 22 79 63 72 51 85 18 38 45 4 32 34 37 96 16 29 46 82 84 60 17 81 25 66 86 36 77 59 42 75 5 6 3 65 39 78 20 31 2 90 93 40 89 69 87 88 71 24 70 80 44 76 9 92 12 14 52 33 58 47 27 10 98 19 67 23 1 61 97 11 56 95 91 7 30 28 21 8 55 57 49 53 
25 45 56 80 86 48 70 2 35 76 37 69 36 21 41 52 81 47 43 74 58 30 39 26 40 49 29 31 32 54 19 82 51 63 87 7 62 4 90 73 44 15 9 33 59 79 98 60 16 28 22 65 57 77 11 42 97 66 64 5 20 71 93 46 38 3 12 24 83 34 27 18 13 17 10 88 14 61 96 50 84 68 99 67 6 8 23 75 89 55 1 94 100 78 53 91 92 85 95 72 
69 57 61 75 74 52 73 79 84 78 80 99 95 82 67 70 92 94 68 71 77 81 76 83 86 85 43 48 3 44 37 62 38 66 49 90 93 34 56 72 88 55 63 89 59 60 97 98 45 96 4 64 33 36 40 100 31 1 2 7 19 46 41 42 58 50 28 29 54 20 25 87 8 21 91 39 30 65 6 16 12 14 53 24 13 22 15 47 5 35 27 11 18 10 17 32 9 26 23 51 
77 18 2 60 84 55 33 40 88 98 45 89 78 32 73 15 19 65 58 9 12 99 21 80 96 31 74 6 13 97 82 93 61 63 92 69 1 59 91 68 56 20 36 3 75 28 39 8 54 16 30 81 44 27 94 38 79 35 100 46 70 17 25 48 26 71 51 66 83 50 76 95 49 37 42 86 24 47 10 22 67 57 52 4 85 87 7 23 72 5 53 64 34 11 41 62 14 29 90 43 
15 3 9 17 10 14 16 84 7 12 2 90 88 5 95 87 19 4 11 40 13 26 6 8 100 94 83 78 18 20 97 22 1 38 28 99 81 39 32 25 31 92 86 85 29 96 73 35 37 33 45 82 91 98 89 36 77 71 21 61 30 75 63 41 70 27 23 66 50 67 65 64 24 34 69 76 47 74 44 79 62 93 59 80 72 42 46 68 55 54 43 57 49 53 60 48 58 52 56 51 
33 70 72 81 86 60 69 89 38 40 58 54 18 66 10 34 47 16 19 29 55 35 8 77 59 4 14 84 2 5 7 97 41 20 53 25 83 30 46 37 87 43 49 50 52 85 42 56 79 24 95 62 71 76 96 1 27 31 51 11 68 74 75 80 12 26 44 39 15 48 65 67 82 92 93 94 3 6 9 13 17 21 22 23 28 32 36 45 61 63 64 73 78 88 90 91 57 
14 13 55 99 8 86 61 53 34 41 24 29 48 88 75 2 42 52 57 40 68 15 10 67 27 70 35 6 47 95 20 3 4 9 23 58 80 62 63 74 25 81 76 79 91 5 44 11 73 85 82 97 72 83 32 54 87 51 50 31 21 28 96 17 7 12 92 84 33 56 30 89 38 59 46 77 22 1 98 71 26 49 60 93 36 64 43 19 65 66 37 16 45 90 94 18 39 100 78 69 
63 48 39 17 90 12 43 56 96 21 80 22 81 86 68 1 33 42 2 36 89 53 44 70 14 84 55 93 78 38 60 71 3 74 18 27 19 54 34 58 31 79 57 85 76 11 65 41 92 8 91 15 59 5 30 28 40 73 26 95 77 82 52 46 72 94 64 32 16 7 37 67 10 29 51 61 4 9 62 83 24 75 97 23 45 69 47 20 6 87 35 49 50 88 66 13 25 
2 77 53 34 5 4 1 24 25 59 15 12 14 42 8 16 18 46 30 9 17 21 6 19 20 35 27 31 23 29 22 37 33 10 60 56 13 38 26 94 40 32 63 41 48 61 47 45 65 75 44 52 70 64 54 71 89 67 81 69 83 84 49 3 51 74 79 11 28 68 58 57 73 88 82 62 7 78 55 39 87 80 50 66 85 86 76 96 90 99 91 92 93 43 95 72 36 97 98 100 
37 64 79 85 65 80 6 35 82 26 46 75 60 41 83 54 56 70 28 34 33 77 68 21 45 29 81 18 44 50 27 84 23 51 55 57 69 61 73 9 32 4 49 11 14 63 78 52 48 5 3 43 7 25 47 87 72 38 59 39 86 66 20 15 2 24 22 53 74 13 12 10 71 1 8 40 62 17 58 67 42 19 16 76 36 30 31 
89 83 70 36 46 52 5 100 77 75 2 64 90 25 7 33 39 12 62 20 86 87 79 55 97 88 91 81 54 48 43 65 24 4 40 44 49 17 61 50 45 84 58 96 80 95 92 9 51 18 78 31 38 57 53 93 11 85 22 27 6 10 47 23 69 37 34 67 26 28 76 66 59 68 15 94 32 14 98 1 42 19 72 3 71 56 16 74 35 60 73 13 21 29 99 8 30 82 63 41 
64 67 68 98 62 63 97 61 99 100 59 60 1 2 3 4 5 6 7 8 9 10 11 12 13 14 15 16 17 18 19 20 21 22 23 24 25 26 27 28 29 30 31 32 33 34 35 36 37 38 39 40 41 42 43 44 45 46 47 48 49 50 51 52 53 54 55 56 57 58 65 66 69 70 71 72 73 74 75 76 77 78 79 80 81 82 83 84 85 86 87 88 89 90 91 92 93 94 95 96 
60 90 54 13 67 79 7 75 50 64 88 9 38 55 81 29 98 61 42 39 2 19 45 74 62 57 59 93 69 51 89 40 27 78 96 58 25 48 92 86 17 28 76 97 46 12 14 11 23 41 22 35 99 44 47 5 87 80 71 72 32 49 43 34 37 8 95 63 31 24 10 33 65 30 53 4 94 15 91 73 85 100 77 68 18 56 84 3 82 26 20 16 70 66 36 52 83 21 6 1 
49 78 74 54 46 24 61 79 38 56 64 67 53 68 66 95 3 86 6 48 21 20 10 76 65 99 11 23 33 35 37 75 63 47 96 58 8 55 45 25 36 31 62 59 51 93 88 82 50 30 72 71 85 22 60 43 98 69 26 100 39 41 9 83 17 18 13 1 4 32 14 77 94 87 89 40 7 92 29 90 2 73 34 70 5 16 28 57 80 91 44 97 12 52 27 42 84 15 19 81 
1 36 3 4 5 45 7 8 26 10 11 12 13 14 15 16 17 18 19 20 44 22 23 24 40 41 30 48 9 32 43 33 6 42 21 47 46 29 27 28 38 34 39 99 2 49 37 25 31 50 51 66 53 54 69 52 71 61 60 72 67 55 58 65 57 59 74 73 70 64 63 56 62 68 75 76 87 81 79 88 90 82 96 94 100 97 35 86 89 78 80 92 98 85 95 83 91 93 84 77 
85 45 94 33 89 49 30 95 54 71 79 90 28 48 81 46 34 39 11 91 4 59 21 51 19 20 23 26 69 80 82 83 92 52 56 37 12 98 14 22 24 7 41 60 36 9 42 72 86 78 100 31 99 75 6 93 16 25 32 43 47 76 64 70 73 62 87 88 10 1 2 8 53 65 61 55 58 68 18 27 29 13 38 40 77 67 96 97 84 57 63 3 15 17 35 74 5 50 44 66 
31 39 79 16 54 3 17 52 74 56 72 12 22 88 15 90 77 81 42 55 95 70 2 19 78 37 96 73 63 24 33 87 82 80 99 4 58 28 5 34 89 38 62 21 68 43 67 91 10 69 71 64 8 32 59 49 25 29 60 46 86 98 20 6 76 48 94 14 100 84 11 40 61 26 50 57 85 41 51 36 23 1 30 35 93 45 7 65 66 53 13 92 75 18 97 27 47 9 83 44 
57 73 58 86 99 15 68 28 11 12 69 8 24 95 89 25 76 23 82 36 56 88 18 5 48 47 43 32 75 59 38 1 20 44 84 94 21 90 71 60 19 62 70 34 13 26 97 30 74 87 10 40 79 6 91 27 14 77 3 2 78 41 85 81 100 49 65 31 33 92 55 39 64 61 98 22 46 72 52 83 96 67 63 7 51 16 42 4 37 53 54 17 50 66 80 93 35 29 45 9 
100 21 13 46 89 94 57 88 25 12 55 65 35 37 2 22 60 24 23 6 39 27 30 78 36 20 76 11 66 62 50 47 53 98 43 70 40 45 38 90 83 58 51 31 49 18 44 77 15 96 34 52 59 63 69 72 92 74 91 73 9 26 19 64 84 99 85 48 41 32 33 8 7 16 97 17 42 29 56 75 80 4 1 68 28 82 61 95 79 81 93 3 54 87 86 14 5 71 10 67 
1 2 3 4 5 6 7 8 9 10 11 12 13 14 15 16 17 18 19 20 21 22 23 24 25 26 27 28 29 30 31 32 33 34 35 36 37 38 39 40 41 42 43 44 45 46 47 48 49 50 51 52 53 54 55 56 57 58 59 60 61 62 63 64 65 66 67 68 69 70 71 72 73 74 75 76 77 78 79 80 81 82 83 84 85 86 87 88 89 90 91 92 93 94 95 96 97 98 99 100 
51 22 84 96 37 46 53 17 66 76 6 45 47 56 92 7 32 27 70 58 89 44 28 54 87 90 19 49 78 67 74 72 42 30 77 39 69 65 9 52 2 60 75 3 5 36 82 81 57 95 26 68 18 23 59 11 100 91 10 71 64 13 29 8 99 16 4 33 14 41 80 93 25 48 88 50 63 73 55 24 61 38 43 15 98 83 85 40 62 1 94 35 12 86 97 34 21 20 31 79 
6 19 16 12 3 5 1 18 8 14 13 11 2 15 20 9 10 4 7 17 
46 79 14 19 16 31 18 61 70 89 5 60 71 35 78 84 100 40 48 81 3 9 15 28 7 11 20 94 63 26 38 83 88 59 44 6 74 58 77 92 99 8 12 33 2 51 73 43 90 91 4 22 23 76 72 30 39 42 56 62 27 34 13 97 45 10 67 57 87 1 36 24 49 50 47 68 25 86 93 21 41 52 54 55 64 66 85 82 69 96 53 17 29 32 37 65 75 80 95 98 
12 2 6 5 9 14 1 7 11 8 13 3 4 10 
17 20 14 12 13 15 8 7 2 11 5 6 26 27 1 9 19 21 4 3 10 16 18 22 23 24 25 
61 8 69 89 67 93 87 97 51 54 55 72 100 91 65 70 3 68 16 62 86 56 77 53 17 82 73 80 59 32 52 57 35 98 21 76 15 95 96 64 60 75 36 12 92 14 49 4 39 78 25 13 33 58 24 7 43 2 44 9 66 10 31 40 84 38 23 41 30 18 5 83 79 6 29 50 1 27 48 11 46 74 28 88 94 99 81 85 90 71 63 37 45 34 22 26 19 42 47 20 
26 6 10 42 14 65 63 52 40 78 34 37 89 92 9 16 83 59 3 4 25 50 56 74 47 32 73 61 85 64 22 8 96 48 68 86 67 43 36 55 76 11 95 39 17 19 27 44 93 100 71 82 1 70 99 66 33 30 54 60 20 18 97 28 12 35 69 77 87 91 98 15 90 53 29 41 57 45 72 80 7 81 46 51 49 31 23 24 21 62 38 88 2 84 58 13 5 75 79 94 
3 14 15 23 34 16 43 74 55 63 71 94 83 91 93 95 4 2 7 97 11 12 24 27 54 51 64 67 75 72 44 47 52 62 31 42 84 46 33 92 22 32 6 35 26 36 82 56 58 76 60 96 19 39 59 79 99 8 98 45 18 100 85 78 87 48 50 66 86 68 37 38 40 25 89 30 21 29 80 88 90 28 13 81 73 65 17 70 61 69 20 1 53 57 77 5 10 49 41 9 
34 79 55 97 22 44 7 42 1 31 100 86 51 46 37 92 32 14 73 99 60 41 13 20 95 6 64 3 85 49 19 70 24 4 58 10 48 26 30 52 65 38 15 81 84 11 72 33 47 80 71 36 75 8 61 68 78 69 18 82 2 28 54 39 57 96 43 53 17 40 63 25 23 5 91 98 83 76 88 27 93 56 67 66 90 16 77 74 94 12 62 21 29 87 45 59 89 35 50 9 
62 36 74 67 18 96 50 25 86 31 46 92 43 5 58 33 12 91 42 81 54 99 3 45 11 75 14 83 38 1 21 35 65 8 17 19 41 94 64 71 49 9 6 28 32 53 23 87 88 76 80 40 10 47 29 39 56 89 72 27 93 77 82 34 60 26 79 90 70 4 51 61 73 22 37 85 52 59 7 48 84 66 2 16 30 24 44 68 63 95 78 98 97 69 15 55 100 13 20 57 
1 49 2 50 3 51 4 52 5 53 6 54 7 55 8 56 9 57 10 58 11 59 12 60 13 61 14 62 15 63 16 64 17 65 18 66 19 67 20 68 21 69 22 70 23 71 24 72 25 73 26 74 27 75 28 76 29 77 30 78 31 32 80 81 79 33 34 82 35 83 36 84 37 85 38 86 39 87 40 88 41 89 42 92 90 43 91 44 45 48 93 46 99 100 94 47 98 95 96 97 
6 80 18 74 31 27 90 66 67 77 10 12 17 24 55 30 2 39 45 73 89 97 13 19 41 32 43 11 72 57 70 98 42 91 3 88 21 44 61 63 48 8 15 35 52 60 99 29 71 65 68 62 50 33 37 47 92 84 93 75 9 64 78 95 94 7 83 58 69 100 34 4 14 25 54 86 16 46 96 87 22 36 40 56 20 53 81 1 5 23 51 28 76 26 38 49 79 85 59 82 
40 76 68 42 2 16 50 48 65 45 18 92 94 11 22 52 10 75 38 82 90 46 55 54 77 9 23 84 96 30 14 97 60 5 19 83 49 71 81 88 33 47 85 91 27 74 79 62 7 59 31 37 24 86 13 15 32 12 100 69 3 95 66 29 73 4 44 43 72 70 98 41 21 58 64 8 26 87 99 17 51 56 25 6 35 80 36 57 63 20 61 34 67 53 39 93 28 1 78 89 
64 21 16 11 35 80 78 39 67 86 52 5 55 84 77 38 4 72 3 42 93 90 40 95 74 59 75 73 68 31 48 41 96 9 7 62 37 43 44 20 12 17 30 14 22 91 49 63 8 2 83 13 82 61 50 92 34 99 6 28 15 23 53 24 26 79 98 71 88 51 25 66 70 29 46 47 10 65 76 54 33 27 1 57 60 87 100 45 69 94 19 89 58 97 32 18 36 85 56 81 
33 17 27 10 44 50 61 67 78 84 8 16 25 42 59 76 7 9 5 6 24 23 26 30 13 11 28 58 15 22 41 43 56 2 48 31 32 34 39 64 49 51 75 81 14 60 62 63 65 66 68 73 57 74 77 79 80 82 83 85 29 12 47 45 40 1 46 3 4 18 19 20 21 35 36 37 38 52 53 54 55 69 70 71 72 
54 1 6 37 66 56 93 8 70 45 7 30 11 15 47 71 69 36 25 48 83 17 62 84 38 73 87 49 50 22 46 95 65 52 12 90 58 97 28 20 77 55 68 80 74 32 92 3 53 33 4 57 27 98 72 19 100 60 26 43 63 88 82 86 61 59 89 81 76 18 51 2 13 41 64 5 10 23 14 21 24 16 67 40 91 31 39 96 78 42 29 94 99 34 85 75 9 44 35 79 
72 4 5 18 8 11 13 17 95 19 89 23 16 26 27 28 30 31 33 36 37 38 39 42 45 46 48 49 52 54 64 67 69 55 59 63 81 86 87 88 96 22 24 73 74 76 78 80 93 7 90 99 6 10 12 20 47 56 66 71 77 79 84 85 91 92 98 1 2 3 9 14 15 21 25 29 32 34 35 40 41 43 44 50 51 53 57 58 60 61 62 65 68 70 75 82 83 94 97 
1 2 3 4 5 6 
55 89 73 1 86 31 71 67 79 92 32 18 90 10 16 48 65 88 9 63 29 8 30 43 98 22 97 80 59 44 76 33 53 2 91 11 15 26 34 68 52 50 85 64 6 23 3 61 96 81 57 46 84 28 74 21 51 38 20 35 17 12 4 47 25 69 36 56 77 87 70 45 5 95 83 58 62 14 19 37 60 27 41 39 66 24 7 75 94 99 78 100 72 82 49 40 54 93 42 13 
3 19 4 10 7 6 5 9 13 15 18 17 21 20 22 24 33 35 25 31 36 37 2 1 11 14 16 26 27 8 29 30 39 34 38 40 32 28 12 23 
1 2 3 4 5 6 7 8 9 10 11 12 13 14 15 16 17 18 19 20 21 22 23 24 25 26 27 28 29 30 31 32 33 34 35 36 37 38 39 40 41 42 43 44 45 46 47 48 49 50 51 52 53 54 55 56 57 58 59 60 61 62 63 64 65 66 67 68 69 70 71 72 79 89 81 82 83 84 73 74 75 76 77 78 85 86 87 88 80 90 91 92 93 94 95 96 97 98 99 100 
50 26 10 25 13 28 23 36 44 73 61 77 85 47 19 35 54 14 12 24 5 11 72 62 21 22 65 39 90 68 56 96 94 43 8 75 45 20 67 87 27 95 91 33 63 89 17 31 52 38 84 3 37 100 98 29 93 40 49 59 48 7 4 71 83 2 1 51 69 16 46 79 81 53 6 78 70 34 74 97 60 82 42 57 9 18 76 58 55 64 15 88 30 86 41 32 66 92 80 99 
50 51 52 53 54 55 56 57 58 59 60 61 62 63 64 65 66 67 68 69 70 71 72 73 74 75 76 77 78 79 80 81 82 83 84 85 86 87 88 89 90 91 92 93 94 95 96 97 98 99 1 2 3 4 5 6 7 8 9 10 11 12 13 14 15 16 17 18 19 20 21 22 23 24 25 26 27 28 29 30 31 32 33 34 35 36 37 38 39 40 41 42 43 44 45 46 47 48 49 100 
49 77 67 83 69 5 21 19 46 87 88 84 31 60 6 61 95 23 27 48 43 42 79 92 8 68 91 13 82 80 35 96 38 10 12 1 89 32 73 65 44 45 22 56 11 7 90 64 2 50 53 97 57 72 51 9 62 40 20 28 99 71 4 78 54 63 93 29 70 74 94 18 36 59 39 14 37 25 3 33 66 52 41 16 98 17 86 100 55 15 24 58 34 30 81 26 76 85 75 47 
37 49 67 30 71 59 18 8 24 11 66 48 4 21 29 2 55 36 91 93 9 75 70 40 64 73 97 79 22 54 34 14 26 80 65 62 53 90 78 83 81 72 28 85 47 35 31 61 77 6 99 1 19 44 15 96 16 51 68 74 23 76 12 39 20 95 94 32 13 98 3 69 27 33 17 5 88 46 25 84 38 58 86 50 42 63 92 10 45 43 87 57 60 89 82 7 100 41 52 56 
57 15 42 62 41 43 14 84 18 26 47 78 29 69 1 28 90 44 60 59 51 27 22 55 80 77 67 19 7 9 72 74 52 23 24 68 40 58 32 75 63 53 16 13 81 48 8 88 64 35 30 65 46 71 3 70 89 56 86 11 45 76 17 33 34 66 49 54 85 87 83 36 79 4 37 2 73 10 61 50 38 25 82 12 31 5 20 6 21 39 
3 98 36 72 21 63 25 18 30 5 11 14 27 75 73 94 85 91 100 97 7 45 9 6 70 74 15 88 37 47 43 77 46 58 76 53 62 20 57 80 90 84 33 1 49 51 40 31 64 95 39 44 34 13 83 42 41 61 22 87 55 8 19 96 66 52 78 24 23 82 93 99 86 79 59 10 29 28 35 68 2 12 81 60 65 71 17 89 50 4 69 16 26 32 56 38 67 54 92 48 
21 3 39 50 11 14 91 93 34 83 6 58 54 33 90 59 30 26 81 96 42 71 19 78 84 46 9 38 85 87 86 37 45 35 49 57 67 95 27 75 98 25 16 43 53 56 1 72 73 4 80 36 82 31 70 66 5 76 24 22 77 74 32 29 13 51 63 88 47 100 18 40 64 10 2 94 17 12 62 60 68 61 99 69 15 44 65 7 8 23 48 52 79 20 92 97 41 55 89 28 
41 84 70 62 4 69 17 51 59 22 92 91 46 97 5 49 94 21 3 99 26 23 54 95 48 35 100 12 93 56 7 1 89 82 77 67 9 10 44 27 31 19 88 55 40 32 30 98 71 87 66 61 64 11 24 63 45 8 15 34 78 42 52 20 90 37 85 83 75 79 14 74 36 16 38 43 86 58 72 57 2 33 81 60 28 29 39 73 50 68 25 47 76 80 18 13 65 6 96 53 
1 2 3 4 5 6 
49 37 99 66 96 64 40 17 27 78 51 67 41 39 10 86 92 6 15 25 3 11 44 24 79 83 53 84 28 12 70 68 21 35 5 32 72 81 88 77 7 89 2 69 82 61 60 59 4 55 90 33 74 71 50 29 85 19 91 30 56 57 80 73 31 13 22 54 87 58 75 1 9 52 63 93 18 16 34 100 48 43 76 47 95 23 46 8 94 20 62 42 97 26 98 14 36 38 65 45 
1 2 3 4 5 6 7 8 9 10 11 12 13 14 15 16 17 18 19 20 21 22 23 24 25 26 27 28 29 30 31 32 33 34 35 36 37 38 39 40 41 42 43 44 45 46 47 48 49 50 51 52 53 54 55 56 57 58 59 60 61 62 63 64 65 66 67 68 69 70 71 72 73 74 75 76 77 78 79 80 81 82 83 84 85 86 87 88 89 90 91 92 93 94 95 96 97 98 99 100 
5 41 27 6 7 8 9 10 11 12 13 14 15 16 28 29 30 31 32 33 34 35 36 37 38 39 40 2 3 4 1 17 18 19 20 21 22 23 24 25 26 80 42 43 44 45 46 47 48 49 50 51 52 53 54 55 56 57 58 59 60 62 63 64 65 66 67 68 69 70 71 72 73 74 75 76 77 78 79 61 
2 9 11 21 24 51 53 82 87 55 100 67 57 48 95 84 37 76 31 85 70 25 66 16 22 32 29 59 1 6 7 10 28 71 38 39 23 46 78 79 3 15 40 61 68 83 19 99 94 73 45 89 17 88 30 91 65 93 69 58 33 49 54 64 4 72 20 27 14 8 42 18 12 13 96 41 47 74 77 56 92 97 86 50 44 52 80 43 75 62 5 26 34 35 36 60 63 81 90 98 
66 64 63 31 60 57 56 55 67 53 52 48 59 51 45 10 42 40 39 35 37 68 27 5 49 36 33 46 17 32 9 30 1 29 26 25 62 24 23 22 21 20 18 38 8 15 69 65 14 13 19 12 41 7 6 61 44 11 70 58 34 28 47 54 4 50 16 3 43 2 
1 2 3 4 5 6 7 
5 10 15 20 25 30 35 40 45 50 55 60 65 70 75 80 85 90 95 100 1 4 6 9 11 14 16 19 21 24 26 29 31 34 36 39 41 44 46 49 51 54 56 59 61 64 66 69 71 74 76 79 81 84 86 89 91 94 96 99 8 53 13 78 3 7 23 48 28 73 18 22 38 17 43 58 33 37 32 57 88 47 2 52 68 72 63 62 12 67 83 87 27 77 42 82 93 92 98 97 
73 26 32 33 34 36 100 1 9 13 15 16 79 87 90 94 95 98 38 43 46 59 60 2 21 3 4 5 6 7 8 10 11 12 14 17 18 19 20 22 23 24 25 27 28 29 30 31 35 37 39 40 41 42 44 45 47 48 49 50 51 52 53 54 55 56 57 58 61 62 63 64 65 66 67 68 69 70 71 72 74 75 76 77 78 80 81 82 83 84 85 86 88 89 91 92 93 96 97 99 
4 6 31 88 1 68 17 63 24 29 42 45 99 3 78 16 28 96 5 54 19 80 86 15 35 77 56 57 58 64 65 73 9 70 98 83 22 23 25 62 33 32 41 10 8 100 11 67 53 61 87 69 66 14 46 47 51 7 50 85 74 90 97 18 43 81 30 27 89 48 13 34 95 93 2 26 72 92 20 94 37 52 55 59 36 40 49 60 76 38 79 82 39 91 71 12 44 75 84 21 
54 59 29 31 44 23 98 58 93 10 36 16 88 55 80 27 99 69 95 72 14 57 96 42 13 81 22 30 33 39 67 90 79 51 61 7 43 40 60 65 8 62 77 28 5 25 35 89 4 3 6 92 91 84 50 86 20 94 76 46 71 11 47 19 68 73 100 41 87 15 9 24 12 78 18 75 26 48 74 85 83 63 82 97 64 32 66 34 1 21 17 45 70 52 37 49 56 38 53 2 
9 1 2 8 3 4 7 5 6 
3 1 7 5 8 2 4 6 
15 1 48 95 18 25 96 33 47 82 75 60 17 4 84 2 3 65 57 59 52 93 12 79 62 21 46 100 35 39 43 9 70 42 53 99 29 74 55 78 77 58 23 5 85 8 83 20 38 97 76 41 69 71 40 87 31 36 50 16 27 86 13 92 66 19 7 14 34 26 28 32 37 49 54 64 51 88 81 94 72 73 44 56 10 11 91 30 24 45 61 63 67 68 90 98 22 80 6 89 
1 2 3 4 5 6 7 8 9 10 11 12 13 14 15 16 17 18 19 20 
88 1 50 49 85 92 11 59 95 21 36 16 31 14 35 81 51 22 26 55 46 25 71 47 54 94 79 45 61 77 57 19 29 42 99 100 87 96 91 65 58 98 37 7 4 72 73 68 90 34 62 66 23 32 67 3 53 84 44 74 13 17 27 82 80 15 52 6 8 70 20 40 97 60 86 93 12 24 18 10 2 69 83 78 76 5 43 63 89 41 28 75 64 38 48 33 30 9 56 39 
37 45 13 39 1 2 14 55 32 33 35 36 42 4 52 67 75 84 93 99 31 10 11 20 19 23 6 54 63 73 100 96 94 97 92 89 69 68 95 85 27 28 21 5 24 25 15 16 26 74 79 90 80 81 70 64 65 72 86 83 91 66 76 78 61 71 62 58 50 56 3 40 46 59 47 43 48 60 57 30 22 12 18 9 44 29 7 38 41 49 8 53 34 17 51 77 82 87 88 98 
51 50 49 48 47 46 45 44 43 42 41 40 39 38 37 36 35 34 33 32 31 30 29 28 27 26 25 24 23 22 21 20 19 18 17 16 15 14 13 12 11 10 9 8 7 6 5 4 3 2 1 100 99 98 97 96 95 94 93 92 91 90 89 88 87 86 85 84 83 82 81 80 79 78 77 76 75 74 73 72 71 70 69 68 67 66 65 64 63 62 61 60 59 58 57 56 55 54 53 52 
59 41 57 15 66 65 47 8 17 36 83 76 74 9 19 42 72 25 68 30 84 87 3 12 63 44 38 24 75 45 7 27 33 40 54 37 80 60 86 89 90 91 1 2 4 58 18 32 28 39 49 55 88 26 70 69 67 5 73 77 56 43 10 61 29 35 21 71 34 53 46 62 13 6 11 85 16 31 64 20 22 23 14 48 51 52 78 50 79 81 82 
46 18 54 94 40 49 34 76 92 30 71 12 98 23 32 74 58 96 70 38 86 28 11 69 62 22 24 13 17 39 82 64 60 55 14 47 20 44 29 67 33 63 68 26 72 31 9 53 51 56 1 8 21 59 7 48 100 27 84 45 6 52 36 2 91 90 97 80 75 73 78 79 16 25 42 61 57 37 85 15 43 66 99 5 89 35 83 87 50 41 95 10 4 77 65 19 88 93 3 81 
1 2 3 4 5 6 7 8 9 10 11 12 13 14 15 16 17 18 19 20 21 22 23 24 25 26 27 28 29 30 31 32 33 34 35 36 37 38 39 40 41 42 43 44 45 46 47 48 49 50 51 52 53 54 55 56 57 58 59 60 61 62 63 64 65 66 67 68 69 70 71 72 73 74 75 76 77 78 79 80 81 82 83 84 85 86 87 88 89 90 91 92 93 94 95 96 
98 96 92 72 2 79 42 97 4 50 94 81 32 17 9 18 12 54 56 64 51 47 74 36 71 26 10 14 61 7 29 6 60 43 40 21 58 13 30 27 69 87 20 44 55 75 34 41 37 1 84 3 16 23 63 25 88 8 49 80 91 15 22 83 86 89 11 31 59 45 35 5 33 100 19 99 46 76 39 85 62 93 68 53 28 77 57 66 38 82 73 90 67 52 48 24 65 95 70 78 
11 16 17 18 19 20 24 22 39 76 51 57 58 65 71 81 99 100 5 10 14 25 36 41 87 93 86 3 92 96 63 74 66 68 69 62 98 77 9 15 28 83 45 48 53 31 85 40 33 54 29 72 21 82 34 44 90 67 2 91 4 12 26 60 50 46 49 52 56 59 78 80 84 7 13 27 47 42 70 75 95 38 30 32 1 79 6 37 94 8 35 43 61 64 23 73 55 88 89 97 
28 63 54 53 45 68 99 70 46 25 49 64 30 15 61 27 58 21 11 42 51 37 1 19 77 26 91 8 94 24 85 5 73 59 78 87 34 100 83 44 55 81 89 72 66 67 18 35 39 69 13 23 32 88 75 7 20 43 41 65 60 14 4 96 31 80 52 84 86 29 97 71 93 33 36 10 57 22 74 12 90 38 56 48 76 40 79 17 47 2 62 16 95 98 9 6 82 3 92 50 
69 4 34 17 93 1 2 3 5 6 7 8 9 10 11 12 13 14 15 16 18 19 20 21 22 23 24 25 26 27 28 29 30 31 32 33 35 36 37 38 39 40 41 42 43 44 45 46 47 48 49 50 51 52 53 54 55 56 57 58 59 60 61 62 63 64 65 66 67 68 70 71 72 73 74 75 76 77 78 79 80 81 82 83 84 85 86 87 88 89 90 91 92 94 95 96 97 98 99 100 
42 1 7 21 86 22 25 93 62 41 92 77 91 6 26 87 83 4 8 11 10 28 53 84 44 61 64 45 69 56 43 94 2 40 3 57 37 76 78 96 60 17 79 38 29 30 36 74 5 16 80 90 75 39 47 71 46 68 49 48 23 81 32 18 72 99 52 31 65 20 35 66 70 67 51 82 12 19 14 24 34 58 85 55 95 13 88 63 9 98 50 54 73 27 89 59 33 97 15 100 
2 4 5 6 7 8 9 10 11 12 13 14 15 16 17 18 19 20 21 22 23 24 25 26 27 28 29 30 31 32 33 34 35 36 37 38 39 40 41 42 43 44 45 46 47 48 49 50 51 52 53 54 55 56 57 58 59 60 61 62 63 64 65 66 67 68 69 70 71 72 73 74 75 76 77 78 79 80 81 82 83 84 85 86 87 88 89 90 91 92 93 94 95 96 97 98 100 1 3 99 
72 83 41 69 30 100 86 46 15 68 18 12 35 31 1 6 52 21 49 14 67 95 48 75 20 37 78 85 99 32 26 42 87 22 64 55 7 92 74 73 63 34 19 91 24 82 9 50 97 45 70 44 40 90 13 88 10 28 29 56 57 93 33 3 23 84 66 27 39 98 36 76 4 8 47 81 79 51 58 71 54 61 60 96 16 62 77 25 5 80 94 43 53 38 2 11 89 59 65 17 
71 90 29 19 30 5 67 57 20 78 9 88 75 84 1 13 63 45 18 68 87 94 32 4 22 58 34 36 61 24 39 96 26 86 74 11 54 89 69 72 59 77 41 14 56 46 6 21 65 93 27 28 40 99 70 66 10 15 81 98 3 48 42 97 95 55 82 31 80 62 79 44 76 60 25 43 100 53 37 49 50 23 85 64 33 12 2 52 8 92 17 51 35 73 7 83 16 38 47 91 
24 21 86 42 9 11 46 23 55 84 72 68 71 73 16 32 14 78 29 27 33 40 45 98 54 48 30 90 74 12 34 60 41 25 82 87 61 35 8 43 67 39 80 75 1 91 62 38 26 53 88 95 69 96 58 3 18 37 13 99 52 85 2 66 31 15 7 44 51 4 6 49 70 19 64 81 79 59 100 63 10 36 65 77 47 20 83 28 56 92 50 57 89 22 76 17 93 5 97 94 
50 55 8 13 6 35 51 2 90 79 88 61 46 26 69 12 43 27 89 97 10 100 80 72 96 31 99 34 4 62 19 59 66 70 40 91 74 52 7 68 14 49 28 23 29 82 1 60 9 83 76 45 93 54 56 36 67 73 58 81 77 98 71 78 41 20 30 64 65 47 63 95 57 44 16 32 92 86 85 94 5 48 25 22 53 39 84 21 75 37 15 38 17 33 11 24 87 3 42 18 
84 9 50 79 82 6 88 55 36 61 74 53 20 67 11 45 65 98 54 14 69 95 73 18 49 3 87 34 5 37 43 44 77 24 89 59 33 100 86 78 38 81 16 66 32 51 57 47 99 90 2 96 39 92 58 22 80 35 76 7 72 10 29 56 15 13 93 26 85 70 62 64 12 41 42 27 30 52 31 19 23 60 28 63 4 83 25 71 94 75 46 68 91 48 40 97 8 17 21 1 
7 13 12 2 17 3 20 8 11 4 5 14 89 15 19 1 18 6 10 97 9 16 93 94 100 85 27 86 92 84 98 87 82 22 90 91 99 29 21 40 88 24 83 31 81 38 25 30 35 96 23 62 28 37 32 39 33 70 66 80 77 95 75 26 76 61 74 34 65 78 69 71 72 68 73 67 51 41 59 55 64 79 63 50 43 42 60 47 44 45 57 58 56 46 52 49 36 53 48 54 
1 2 6 4 8 5 10 7 9 3 
1 3 4 5 8 9 11 13 15 16 19 20 21 23 24 25 28 29 31 33 35 36 39 40 41 43 44 45 48 49 51 53 55 56 59 60 58 7 54 50 12 46 17 38 27 34 30 32 26 37 18 14 47 10 52 6 57 2 22 42 
90 32 87 95 36 29 21 12 34 77 33 26 61 45 25 6 52 60 51 41 17 54 89 92 30 23 81 3 100 8 70 38 50 44 18 93 86 20 58 83 35 14 1 31 49 94 69 37 24 63 7 56 28 62 85 82 79 11 22 4 55 97 98 99 16 10 43 40 15 65 48 53 73 66 9 57 91 75 42 59 19 27 78 72 96 88 47 5 46 39 13 2 74 71 67 64 80 76 84 68 
1 2 3 4 7 8 5 6 19 10 53 12 13 14 15 62 21 34 23 24 17 18 9 20 29 30 31 32 25 48 27 11 49 50 51 52 28 54 55 56 57 58 59 60 16 61 63 64 37 38 39 40 33 22 26 36 41 42 43 44 45 46 47 35 
14 21 60 75 19 45 47 46 67 69 40 61 62 68 43 66 6 82 38 50 52 56 4 48 64 65 63 58 70 51 55 24 16 35 3 37 79 94 34 59 26 54 13 15 10 57 72 49 76 44 87 12 91 11 1 18 86 81 39 98 88 27 100 25 89 80 8 90 71 77 73 74 95 41 9 30 99 42 32 2 36 96 85 84 93 23 31 29 17 78 83 92 7 53 22 28 97 5 20 33 
2 19 17 23 3 9 38 14 31 7 16 22 18 26 42 1 50 12 10 8 29 49 36 11 48 24 44 21 28 6 39 41 37 5 25 4 30 45 46 34 43 13 47 33 35 32 15 20 27 40 
99 66 77 25 80 67 64 6 75 90 48 58 28 9 59 43 69 17 96 32 81 85 91 1 98 62 95 39 3 93 83 41 24 55 26 11 36 70 14 5 38 16 49 97 94 42 44 57 12 27 60 84 46 2 30 74 71 76 37 4 92 10 22 53 18 33 65 13 86 73 21 79 15 87 63 52 72 54 35 56 82 61 8 19 50 68 89 34 100 51 78 23 47 45 7 29 20 31 88 40 
59 11 31 22 12 83 5 10 77 69 55 94 15 27 47 66 78 88 67 40 37 8 18 75 46 95 79 24 89 20 76 26 65 96 25 50 91 48 71 28 99 39 97 53 4 44 51 21 52 56 61 100 81 87 16 1 86 85 3 73 6 58 45 36 74 93 35 64 57 82 7 92 9 60 19 90 70 98 43 14 17 41 13 34 23 84 2 29 80 63 32 30 54 49 72 68 42 33 62 38 
21 23 76 35 66 33 4 26 37 97 82 73 32 74 30 56 47 31 18 54 68 50 89 59 69 11 10 43 2 99 5 1 22 57 42 55 34 51 13 19 100 85 15 88 95 90 36 52 16 79 45 61 8 17 20 70 98 93 14 96 9 72 91 6 40 39 81 84 63 65 62 28 58 86 75 7 94 24 67 60 83 48 12 78 41 77 49 92 46 38 87 64 3 44 71 53 25 80 29 27 
41 35 13 50 17 68 86 66 45 71 53 97 24 1 26 14 98 16 44 31 47 9 81 100 32 4 76 11 15 56 64 94 95 2 96 23 20 77 42 27 25 5 87 63 30 99 85 43 92 90 79 8 40 69 62 75 67 78 21 28 12 6 73 48 57 80 70 34 72 65 46 55 88 39 38 37 74 59 91 3 93 29 19 61 33 83 22 82 52 58 60 84 10 49 7 89 51 54 36 18 
77 28 27 58 11 26 25 12 13 33 1 2 85 32 14 9 3 35 19 93 41 48 8 86 6 98 70 60 21 34 81 29 16 42 15 22 95 49 82 36 90 76 75 30 37 63 88 43 62 10 50 23 89 96 24 4 51 17 97 18 31 38 92 91 66 47 84 53 64 59 46 39 40 57 56 72 80 5 20 65 79 87 73 78 100 45 52 99 7 68 54 94 74 61 67 71 55 83 44 69 
69 72 73 74 75 76 77 78 79 80 81 82 83 84 85 86 87 88 89 90 91 92 96 97 100 93 22 25 28 30 33 36 39 43 44 47 49 52 53 54 58 59 60 63 64 65 66 67 71 70 1 2 3 4 5 6 7 8 9 10 11 12 13 14 15 16 17 18 19 20 21 23 24 26 27 29 31 32 34 35 37 38 40 41 42 45 46 48 50 51 55 56 57 61 62 68 94 95 98 99 
63 64 17 32 56 57 73 76 27 21 37 99 41 60 74 83 51 46 38 2 97 13 47 44 54 70 26 77 33 82 10 93 98 8 4 14 7 5 6 45 86 55 79 62 28 81 68 35 100 92 9 49 75 53 24 3 59 90 42 43 71 84 50 58 61 40 80 78 88 66 11 39 72 16 87 85 94 36 65 89 20 29 30 34 22 69 96 48 52 67 1 19 18 12 95 15 91 31 25 23 
95 13 29 79 63 97 96 28 15 80 65 61 40 98 94 16 44 75 5 18 38 100 90 14 55 53 42 30 37 86 10 73 39 74 91 93 92 46 8 33 77 41 62 68 11 76 19 25 84 12 87 47 89 23 21 9 66 35 69 67 52 57 27 45 32 56 60 58 17 7 26 70 31 50 78 2 4 82 20 49 36 22 6 59 24 85 99 51 88 3 54 64 81 83 43 1 71 72 48 34 
10 17 25 26 45 48 36 62 67 75 91 93 8 11 13 69 19 22 1 2 30 37 5 85 79 76 80 55 73 74 84 88 90 92 94 95 44 89 58 63 64 66 24 27 82 32 18 99 29 34 35 4 39 42 43 52 47 50 16 54 96 98 38 7 12 14 15 60 20 21 23 28 56 46 61 65 68 70 71 72 78 3 83 6 87 53 100 9 31 33 40 41 49 51 57 59 77 81 86 97 
65 53 23 7 25 45 62 76 46 10 72 96 85 38 42 57 20 21 63 79 30 39 80 31 49 88 55 9 40 36 27 77 89 98 69 11 17 100 37 1 58 59 29 32 2 73 18 81 14 41 60 92 74 78 75 44 84 3 4 70 82 99 66 34 67 16 86 15 5 50 47 83 93 6 94 26 71 43 8 91 28 12 24 68 87 90 51 95 61 56 97 54 35 33 64 22 13 52 48 19 
48 50 68 10 84 73 63 33 92 24 85 89 41 79 34 94 71 75 13 42 40 78 76 43 80 25 83 66 18 38 45 61 88 86 17 98 49 21 57 7 67 91 55 2 26 3 90 44 19 35 77 64 58 23 96 16 15 53 14 39 72 93 1 30 36 4 82 9 11 59 6 65 60 62 69 51 99 22 46 74 70 95 47 5 27 32 54 31 87 81 29 56 37 8 12 100 28 52 97 20 
81 70 7 50 47 73 86 68 16 90 14 51 25 59 65 11 28 60 17 4 8 22 98 9 99 95 40 13 54 93 85 29 77 24 58 26 38 53 97 94 48 83 30 91 3 49 69 62 18 63 39 37 23 43 92 5 100 44 64 71 67 6 10 33 82 34 56 76 20 80 89 46 1 41 32 42 84 21 75 61 88 79 15 45 87 96 72 78 52 19 55 74 35 66 36 2 57 27 31 12 
5 29 40 19 25 43 24 46 10 4 2 6 36 8 28 30 33 9 44 27 38 49 50 48 35 1 18 17 39 14 22 13 41 15 7 42 23 26 11 3 16 32 12 31 34 47 20 21 37 45 
1 2 3 4 5 6 7 8 9 10 11 12 13 14 15 16 17 18 19 20 21 22 23 24 25 26 27 28 29 30 31 32 33 34 35 36 37 38 39 40 41 42 43 44 45 46 47 48 49 50 51 52 53 54 55 56 57 58 59 60 61 62 63 64 65 66 67 68 69 70 71 72 73 74 75 76 77 78 79 80 81 82 83 84 85 86 87 88 89 90 91 92 93 94 95 96 97 98 99 100 
1 2 3 4 5 6 7 8 9 10 11 12 13 14 15 16 17 18 19 20 21 22 23 24 25 26 27 28 29 30 31 32 33 34 35 36 37 38 39 40 41 42 43 44 45 46 47 48 49 50 51 52 53 54 55 56 57 58 59 60 61 62 63 64 65 66 67 68 69 70 71 72 73 74 75 76 77 78 79 80 81 82 83 84 85 86 87 88 89 90 91 92 93 94 95 96 97 98 99 100 
10 49 96 25 99 69 70 68 4 5 64 45 13 20 66 85 19 89 50 90 58 79 88 8 78 22 31 51 43 63 80 47 16 21 100 23 73 59 54 87 28 38 52 53 84 83 2 14 94 34 60 46 9 35 41 98 44 65 37 12 1 61 74 33 62 56 48 11 76 7 91 95 17 97 6 40 82 77 29 42 26 71 57 67 86 93 24 3 15 75 72 18 92 81 55 36 39 32 27 30 
68 72 8 44 66 70 16 93 25 69 47 82 15 14 98 6 71 65 64 81 42 5 53 27 12 45 94 49 40 85 79 48 2 1 73 88 9 91 32 97 75 3 35 90 21 67 77 96 52 55 29 87 59 83 62 28 38 7 51 56 61 60 43 34 11 57 74 13 63 76 46 30 24 20 22 4 58 10 78 92 19 86 36 84 23 31 80 26 33 39 18 54 41 99 89 50 17 95 37 
42 14 94 43 26 55 18 57 40 71 10 58 69 62 88 12 97 22 61 56 63 8 89 59 44 81 1 25 100 54 11 28 87 78 6 95 85 65 51 67 76 20 7 93 30 41 77 79 15 86 74 50 45 83 31 3 98 39 96 13 48 99 16 34 33 72 70 37 92 46 53 38 73 17 29 27 64 4 21 68 35 32 49 5 47 23 24 60 80 75 66 90 82 84 19 36 2 52 9 91 

