47 48 7 87 68 8 88 57 58 38 98 67 18 78 27 97 37 28 17 77 84 4 54 34 33 44 3 94 93 24 64 74 14 39 6 66 59 29 79 69 89 99 19 49 76 36 9 11 51 1 71 91 56 21 31 26 41 61 13 86 46 96 16 2 12 82 22 81 42 62 32 72 52 92 5 35 85 55 75 65 15 25 45 95 20 10 50 100 40 70 60 30 80 90 43 23 53 63 83 73 
1 2 3 4 5 6 7 8 9 10 11 12 13 14 15 16 17 18 19 20 21 23 24 25 26 27 28 29 30 31 32 33 34 35 36 38 39 40 41 42 43 44 45 47 48 49 50 51 52 53 54 55 56 58 60 61 62 63 64 65 67 68 69 70 71 72 73 74 75 76 77 78 79 80 81 82 83 85 87 88 89 91 92 93 94 95 98 99 100 37 46 57 59 84 90 96 97 66 22 86 
44 21 29 67 69 70 61 45 62 17 72 56 2 7 40 46 58 49 71 57 48 36 3 13 39 16 14 54 66 11 28 35 9 59 23 12 38 43 22 52 10 18 26 6 19 30 64 33 20 24 34 5 68 1 32 37 63 31 50 73 25 55 60 27 4 51 42 47 53 8 41 65 15 
51 53 54 56 57 59 60 62 63 65 66 68 69 71 72 74 75 77 78 80 81 83 84 86 87 89 90 92 93 95 96 98 99 52 55 58 61 64 67 70 73 76 79 82 85 88 91 94 97 100 3 6 9 12 15 18 21 24 27 30 33 36 39 42 45 48 1 2 4 5 7 8 10 11 13 14 16 17 19 20 22 23 25 26 28 29 31 32 34 35 37 38 40 41 43 44 46 47 49 50 
31 6 82 10 36 78 33 44 89 21 3 85 60 83 35 14 88 47 67 56 49 37 80 71 96 23 38 5 12 27 19 100 2 72 30 34 7 28 51 26 69 50 63 18 75 81 70 90 52 86 58 43 40 76 92 94 24 53 59 16 55 64 42 8 45 97 11 65 1 39 17 4 84 93 73 74 20 61 46 77 13 66 9 99 57 62 79 32 95 54 22 98 25 15 41 68 29 91 87 48 
1 44 48 74 6 7 8 9 10 11 12 13 14 15 16 17 18 19 20 21 22 23 24 25 26 27 29 30 31 32 33 34 35 36 37 38 39 40 41 42 45 46 47 49 50 51 52 53 55 56 57 58 59 60 61 62 63 64 65 66 67 68 69 70 71 72 73 75 76 77 78 79 80 81 82 83 84 85 43 28 3 5 54 2 4 
17 40 34 33 53 60 2 23 25 4 5 14 50 6 18 24 41 7 3 8 64 16 20 29 42 72 11 86 15 35 54 96 32 100 39 26 90 71 47 46 51 57 95 31 43 58 70 45 52 81 62 56 85 65 61 55 12 21 76 92 37 88 30 97 66 82 38 22 67 73 59 83 69 48 63 1 28 68 75 87 91 10 19 27 89 74 36 77 79 44 49 9 80 78 93 94 84 99 98 13 
35 79 7 70 40 14 46 95 83 36 13 24 68 98 74 80 61 49 66 20 5 39 28 6 84 37 85 64 77 10 62 17 32 89 15 93 96 9 67 81 90 56 94 92 75 18 34 55 82 19 60 88 63 69 25 58 27 30 21 3 76 72 16 44 45 50 71 22 65 43 8 57 4 12 33 48 73 78 59 31 52 51 26 100 2 42 91 99 41 86 47 23 1 54 11 97 38 29 87 53 
19 60 30 2 38 15 97 74 49 6 91 65 48 45 20 83 68 46 3 84 59 54 80 36 11 13 37 75 40 89 22 94 86 72 21 32 1 67 50 16 64 35 93 29 23 41 66 73 58 57 8 12 17 27 96 47 76 63 95 18 92 5 25 71 42 10 31 44 56 4 33 77 61 85 34 9 98 79 69 24 100 70 43 51 28 88 82 14 52 39 7 26 55 81 78 87 99 90 62 53 
3 9 13 12 16 2 18 21 17 1 5 4 7 6 8 10 11 14 15 19 20 
10 95 54 51 74 36 14 72 87 5 70 73 84 20 79 21 26 66 85 19 71 77 41 49 2 18 62 90 16 60 76 92 53 37 35 43 24 56 9 94 32 69 75 98 64 55 13 46 25 22 82 33 7 30 68 47 57 15 50 23 45 89 86 78 11 65 80 96 97 28 63 91 58 52 42 34 31 38 48 8 44 59 93 83 67 99 39 40 61 4 3 1 27 17 81 12 6 29 88 
43 81 9 60 74 31 1 84 6 78 46 17 21 24 30 5 40 85 3 62 36 12 4 80 92 11 28 23 19 66 27 51 82 44 22 54 52 59 15 77 37 83 87 16 10 55 39 45 35 76 69 47 71 99 96 56 14 13 29 25 91 94 48 72 7 32 57 53 93 73 26 8 33 41 90 70 79 38 34 88 49 89 75 20 97 42 86 2 63 18 65 98 58 50 100 64 61 95 67 68 
94 49 31 82 6 81 74 19 40 98 9 73 17 8 18 65 1 75 95 76 15 12 54 27 7 78 97 71 14 46 60 22 10 38 91 66 13 34 29 3 43 100 4 36 45 86 32 77 25 26 28 11 87 83 59 35 52 70 72 80 99 5 21 33 90 58 48 57 39 79 53 24 96 42 62 51 61 47 2 92 23 67 55 16 85 68 44 50 30 93 63 84 20 69 64 88 56 89 37 41 
68 26 11 19 9 50 83 67 93 71 5 1 32 23 69 40 13 36 47 61 78 6 35 100 49 53 34 76 3 31 43 97 99 42 10 62 70 92 91 55 52 38 41 8 4 29 44 77 45 82 28 25 81 74 2 89 57 14 66 17 96 58 37 24 59 46 80 30 60 22 94 86 7 39 56 95 79 27 84 85 75 16 63 64 88 87 54 51 20 12 73 33 98 65 90 15 21 18 48 72 
44 45 46 47 48 49 38 39 40 41 42 43 32 33 34 35 36 37 26 27 28 29 30 31 18 19 20 21 22 23 12 13 14 15 16 17 6 7 8 9 10 11 50 100 2 3 4 5 92 93 94 95 96 97 86 87 88 89 90 91 80 81 82 83 84 85 24 25 76 77 78 79 66 67 68 69 70 71 60 61 62 63 64 65 54 55 56 57 58 59 98 99 1 51 52 53 72 73 74 75 
93 28 46 100 88 55 58 59 35 90 22 87 91 92 11 75 30 43 50 62 94 1 19 53 40 10 41 21 42 65 2 81 9 61 49 3 37 14 18 66 20 67 89 57 51 70 48 74 68 64 23 5 77 26 33 12 78 32 15 34 86 80 96 85 38 52 63 39 29 79 47 72 16 8 4 54 25 56 13 97 98 17 44 7 31 76 6 83 73 84 45 36 71 99 69 24 82 27 60 95 
1 25 5 50 10 2 3 4 15 49 47 30 39 6 41 20 46 7 29 42 19 8 9 36 21 11 34 35 31 17 32 27 37 12 14 18 28 33 38 26 24 44 22 43 16 13 40 23 45 48 
16 21 88 66 4 19 68 38 1 23 69 34 63 72 25 33 58 9 64 37 50 7 100 17 14 24 26 97 13 39 30 36 44 47 82 83 11 98 5 27 10 28 79 85 70 87 3 78 43 18 40 35 22 20 49 51 56 96 31 60 62 65 92 73 77 81 61 84 86 90 45 99 93 94 57 6 29 42 59 67 71 80 89 91 46 74 12 15 48 32 8 95 41 2 52 54 53 55 75 76 
13 30 9 77 52 31 26 63 17 57 42 46 86 87 85 61 97 45 6 5 54 2 28 71 94 29 37 32 34 35 82 81 22 23 70 95 11 84 65 3 24 89 93 19 49 60 62 80 73 20 79 66 58 38 10 53 72 76 21 12 67 36 18 48 56 50 7 41 44 43 16 15 91 59 27 8 88 90 92 4 47 74 69 33 64 25 39 75 83 99 96 40 100 55 98 68 14 51 78 1 
69 1 67 65 3 13 66 20 18 23 63 61 59 26 32 40 37 35 33 16 30 38 64 47 45 43 54 10 57 55 52 31 21 50 48 46 19 17 8 62 60 58 29 24 56 44 53 51 49 6 28 11 27 25 42 14 12 4 9 2 15 22 36 70 68 34 7 5 41 39 
21 3 26 14 11 50 91 90 34 78 54 93 19 86 96 57 27 39 6 80 33 36 58 81 84 46 13 16 10 87 75 38 45 43 83 1 30 42 77 67 73 25 47 37 98 56 49 71 82 66 72 31 22 5 68 4 24 94 69 8 59 74 29 32 85 35 63 70 95 12 100 40 64 9 65 53 17 23 18 60 76 92 15 44 79 41 88 7 62 48 51 52 61 89 99 97 28 55 2 20 
6 13 16 44 4 10 46 47 29 23 30 7 49 2 31 50 41 42 39 40 32 33 34 35 36 37 27 28 24 8 11 14 17 18 25 26 21 22 19 20 48 43 38 45 15 12 9 5 3 1 
31 100 11 29 46 37 61 57 52 71 3 12 41 27 44 90 93 22 28 2 59 14 92 48 10 13 5 86 15 38 72 95 63 87 80 8 89 21 33 58 73 96 18 85 84 66 35 67 56 25 19 1 69 74 53 49 50 91 78 47 17 6 36 79 98 97 39 83 34 7 70 42 55 51 62 24 77 40 54 9 94 26 20 43 23 68 32 88 65 16 82 45 76 4 30 99 81 75 64 60 
1 2 3 4 5 6 7 8 9 10 11 12 13 14 15 16 17 18 19 20 21 22 23 24 25 26 27 28 29 30 31 32 33 34 35 36 37 38 39 40 41 42 43 44 45 46 47 48 49 50 51 52 53 54 55 56 57 58 59 60 61 62 63 64 65 66 67 68 69 70 71 72 73 74 75 76 77 78 79 80 81 82 83 84 85 86 87 88 89 90 91 92 93 94 95 96 97 98 99 100 
95 14 39 51 63 79 60 50 25 77 80 31 93 69 89 44 18 56 73 3 64 81 86 15 11 6 16 72 54 75 92 20 65 45 1 98 36 23 43 38 13 96 66 82 26 97 34 87 67 5 21 99 2 90 58 62 48 100 70 4 91 53 46 17 71 61 9 76 19 52 55 42 74 85 8 35 40 83 10 41 68 59 7 47 78 29 30 27 84 24 94 22 37 28 33 49 88 32 12 57 
80 84 98 55 23 41 96 86 37 2 27 36 47 52 53 12 43 57 8 1 69 79 42 97 40 77 62 73 38 89 66 76 78 3 82 17 87 74 99 13 72 81 6 7 64 60 93 9 45 39 5 59 28 88 75 15 16 46 50 65 31 68 91 67 49 92 70 44 51 56 35 54 29 4 100 61 32 20 26 30 21 58 33 71 48 24 85 22 95 25 18 10 19 34 83 14 11 90 63 94 
6 57 4 78 79 22 17 41 74 9 2 7 88 62 24 15 48 81 12 91 43 66 5 76 54 28 90 97 93 19 26 100 32 61 34 89 37 51 40 36 69 23 60 27 46 50 85 8 49 80 73 64 99 67 53 3 72 44 42 59 95 58 77 75 63 86 68 92 35 55 70 29 30 39 47 18 31 33 10 71 1 82 83 52 14 84 21 65 87 38 45 56 20 13 96 16 94 11 25 98 
77 41 36 82 59 30 29 89 55 79 63 6 71 12 86 31 60 94 95 43 76 20 14 23 8 56 81 1 47 11 65 66 88 5 48 34 51 25 39 42 80 62 69 61 21 57 33 83 87 7 10 64 70 35 15 19 16 96 27 93 50 28 17 40 9 91 73 78 24 52 44 2 68 90 32 67 38 3 49 74 92 45 18 84 37 22 53 26 75 72 58 46 13 85 54 4 97 
1 13 21 26 49 58 65 73 98 86 4 47 9 11 12 14 23 17 25 42 44 48 56 72 85 91 8 69 30 33 77 80 81 82 83 84 68 50 37 78 79 2 16 46 61 62 15 66 88 89 90 92 7 35 36 71 52 40 43 10 57 95 87 93 97 99 24 55 51 39 63 67 100 60 76 32 75 45 6 22 19 29 3 28 5 38 31 59 96 18 94 20 64 41 53 70 27 34 54 74 
12 42 46 69 94 3 35 28 55 87 2 98 59 16 32 88 52 5 92 63 15 40 8 21 41 50 26 81 56 70 77 79 10 61 66 67 72 51 74 37 76 19 96 91 90 1 4 25 100 54 86 31 71 49 17 43 62 7 95 80 44 99 9 18 23 75 53 93 48 84 89 38 78 83 85 68 6 22 45 73 24 11 27 36 64 65 47 57 82 29 58 30 14 20 97 13 34 33 60 39 
38 65 85 17 66 25 40 30 46 78 56 34 89 18 63 71 83 99 1 50 29 48 87 53 61 90 6 3 24 100 70 60 57 86 96 16 68 80 10 23 11 91 8 9 28 43 67 98 12 92 13 47 5 62 72 73 81 88 55 76 75 27 94 4 69 74 26 82 36 77 54 95 32 33 93 39 49 41 42 19 31 64 15 59 14 37 21 51 58 35 44 20 45 2 79 7 22 84 97 52 
2 70 83 36 37 35 19 45 69 29 41 81 30 82 49 74 8 50 98 67 84 6 64 100 48 51 40 1 31 10 34 12 90 21 22 73 85 93 28 75 42 58 77 33 7 63 13 95 54 78 25 89 96 24 43 11 94 18 23 71 20 53 61 44 68 14 56 16 39 55 9 26 99 72 3 91 79 15 5 17 66 97 52 92 76 80 62 46 57 65 88 87 86 38 47 60 32 27 59 4 
17 28 52 40 23 77 46 98 21 41 49 48 99 51 83 64 29 12 10 85 25 70 30 80 31 79 8 9 3 72 90 97 65 82 86 22 47 96 62 54 42 67 69 1 93 58 73 37 14 95 71 38 6 50 92 26 39 100 20 24 57 60 66 5 81 2 91 84 11 7 61 27 53 59 78 13 87 94 76 19 63 34 33 55 4 74 89 75 32 43 88 56 68 44 16 36 18 45 35 15 
13 28 25 11 80 79 2 29 65 20 99 40 72 9 10 44 38 14 61 52 50 45 31 41 18 21 66 27 88 49 74 15 91 90 71 51 82 81 19 87 32 78 69 93 59 17 97 86 46 60 56 76 83 70 23 8 5 55 73 6 37 94 24 39 63 53 62 47 4 35 30 75 98 7 12 42 43 58 57 68 36 26 64 16 1 48 84 95 33 22 96 85 54 77 67 100 89 92 34 3 
5 91 39 65 18 59 97 36 40 37 73 57 8 75 4 29 48 12 84 3 26 87 89 17 61 24 23 76 14 27 79 20 80 67 60 15 41 63 31 47 52 74 10 1 81 99 9 33 50 49 13 16 22 58 11 28 96 66 95 93 2 90 54 85 78 21 86 45 30 64 88 70 98 44 92 62 46 94 53 100 71 77 82 55 32 83 34 19 68 51 69 7 25 56 35 43 6 72 38 42 
90 61 47 13 50 19 29 49 75 8 22 46 36 94 62 42 41 48 76 70 33 65 89 79 34 83 66 88 55 1 2 32 18 31 69 57 77 58 16 17 100 54 14 43 10 71 72 12 73 74 60 27 11 84 82 38 35 40 53 95 56 80 92 51 98 37 85 39 15 59 68 86 5 23 3 21 6 44 91 93 64 99 78 87 4 26 9 28 81 45 30 67 96 52 25 7 97 63 24 20 
5 34 48 70 22 61 38 98 32 41 19 55 23 12 11 72 13 54 94 47 24 62 63 100 71 65 89 74 49 28 18 66 76 3 35 42 37 57 39 15 77 1 50 91 25 78 14 4 52 29 86 17 83 69 79 26 27 87 84 10 6 40 95 43 31 9 16 46 82 75 8 45 90 58 97 92 67 68 73 51 60 56 96 21 53 30 80 7 88 85 59 93 33 20 36 2 64 44 99 81 
34 69 17 93 81 1 2 3 4 5 6 7 8 9 10 11 12 13 14 15 16 18 19 20 21 22 23 24 25 26 27 28 29 30 31 32 33 35 36 37 38 39 40 41 42 43 44 45 46 47 48 49 50 51 52 53 54 55 56 57 58 59 60 61 62 63 64 65 66 67 68 70 71 72 73 74 75 76 77 78 79 80 82 83 84 85 86 87 88 89 90 91 92 94 95 96 97 98 99 100 
56 51 45 53 24 50 28 37 34 12 46 26 4 5 16 17 48 30 36 6 25 20 47 13 49 41 39 33 1 8 10 32 35 15 21 14 9 54 38 42 19 43 22 29 52 18 27 44 31 7 2 3 11 40 23 55 
3 4 5 6 7 8 2 1 9 
63 56 17 89 18 5 95 31 91 67 86 80 15 85 92 50 10 96 39 68 34 55 77 88 29 14 75 1 66 51 24 45 53 97 98 2 78 73 87 13 40 22 79 76 28 27 44 61 8 84 71 72 9 12 19 60 65 43 7 37 70 93 46 48 4 57 35 90 3 100 52 30 82 81 41 99 6 33 20 94 16 62 38 54 59 11 42 32 64 74 25 36 69 49 26 58 23 21 47 83 
73 26 55 82 83 5 20 30 18 42 91 31 56 28 59 62 22 88 49 68 95 99 11 81 13 50 85 90 69 72 79 93 2 51 57 44 39 6 19 38 24 32 33 60 46 45 7 78 52 77 80 100 27 53 25 17 74 3 98 40 70 92 43 64 71 89 10 75 54 35 65 86 9 87 41 12 76 15 37 58 61 16 1 97 96 63 48 66 67 4 47 14 36 34 94 23 8 29 21 84 
1 2 3 4 5 6 7 8 9 10 11 12 13 14 15 16 17 19 20 21 22 23 24 26 27 28 29 31 32 33 35 36 37 40 42 43 44 45 46 47 48 49 50 51 52 53 54 55 56 57 58 59 60 61 62 64 65 66 67 68 70 71 72 73 74 75 76 77 78 79 80 81 82 83 84 85 86 87 88 89 90 91 95 96 97 98 99 18 25 30 41 69 92 93 94 100 34 63 38 39 
44 64 28 75 17 42 88 13 70 100 43 78 24 95 40 54 73 86 12 39 87 11 91 48 94 76 80 30 21 16 10 19 27 71 31 97 14 8 3 34 81 2 29 55 7 66 84 99 23 53 47 25 63 26 67 92 18 36 49 69 59 4 41 5 46 51 32 90 62 68 6 83 82 35 1 15 20 22 93 50 57 96 61 65 72 77 74 98 85 9 56 79 45 33 38 37 58 89 52 60 
5 32 33 47 57 95 100 1 44 87 70 53 63 46 21 90 56 59 51 60 37 20 67 78 39 38 88 72 36 27 76 79 92 81 10 75 6 64 40 68 77 30 48 50 61 86 7 42 31 35 16 34 65 45 12 74 91 52 3 82 8 14 96 18 94 22 17 2 80 15 23 97 54 73 4 93 89 11 71 49 55 43 85 62 29 84 13 19 25 69 83 98 99 26 28 58 24 9 41 66 
3 4 7 8 9 10 11 12 13 14 15 16 17 18 19 20 21 22 23 24 25 26 27 28 29 30 31 32 33 34 35 36 37 38 39 40 41 42 43 44 45 46 47 48 49 50 51 52 53 54 55 56 57 58 59 60 61 62 63 64 65 66 67 68 69 70 71 72 73 74 75 76 77 78 79 80 1 2 5 6 
69 4 26 40 51 48 95 61 8 84 31 62 36 77 2 9 43 53 28 46 7 52 24 82 13 16 17 86 63 21 35 76 92 99 56 44 67 65 19 80 20 58 87 11 100 3 85 38 27 74 45 57 93 89 91 96 22 5 39 23 49 55 81 60 42 18 37 33 75 32 54 79 71 70 78 6 10 97 41 50 59 14 15 66 64 88 34 29 90 1 73 25 98 30 47 12 68 72 83 94 
1 2 3 4 5 6 7 8 9 10 11 12 13 14 15 16 17 18 19 20 21 22 23 24 25 26 27 28 29 30 31 32 33 34 35 36 37 38 39 40 41 42 43 44 45 46 47 48 49 50 51 52 53 54 55 56 57 58 59 60 61 62 63 64 65 66 67 68 69 70 71 72 73 74 75 76 77 78 79 80 81 82 83 84 85 86 87 88 89 90 91 92 93 94 95 96 97 98 99 100 
5 6 8 7 9 2 1 3 4 10 
28 80 95 59 23 65 33 4 69 10 36 42 43 66 83 99 7 24 74 47 90 18 78 15 5 64 49 72 87 68 26 30 76 96 50 85 63 61 22 51 70 6 55 53 35 77 92 57 89 45 91 40 75 13 54 11 38 52 9 37 8 14 19 16 97 34 62 88 84 29 17 67 81 1 46 98 41 79 100 71 58 48 82 44 32 56 25 73 20 12 93 86 60 39 31 94 27 21 2 3 
7 10 11 15 17 22 27 18 29 30 36 41 42 63 98 51 57 59 69 70 87 89 90 94 95 1 2 4 79 47 9 13 28 20 35 39 45 55 56 60 66 67 43 97 46 82 16 53 85 86 91 96 12 19 68 65 72 78 6 84 40 61 49 76 81 48 93 44 5 34 21 31 64 71 73 38 58 54 75 83 8 26 33 88 14 52 92 25 3 74 50 62 24 32 77 23 37 80 
3 70 19 28 86 49 92 98 95 96 90 68 29 41 99 46 83 6 15 80 82 84 59 78 7 22 42 75 100 79 60 61 52 9 33 25 51 57 71 50 88 23 43 39 26 94 55 24 44 62 69 40 34 37 47 97 74 66 72 2 67 38 58 20 63 13 76 36 91 77 45 14 16 5 30 73 11 17 89 8 54 87 32 12 27 21 93 85 1 81 31 56 65 48 35 18 64 53 4 10 
70 67 81 56 33 50 52 71 54 85 30 98 92 28 34 68 66 21 78 88 16 89 62 45 58 91 83 44 75 39 13 22 8 14 84 19 6 61 46 94 76 100 90 27 43 53 20 35 47 31 2 1 36 72 77 23 69 86 96 51 12 5 3 49 24 64 95 38 41 55 79 59 63 4 25 17 93 15 48 7 29 11 32 97 80 99 74 10 73 26 65 9 42 37 87 40 82 57 60 18 
64 84 71 42 30 46 11 13 55 29 51 57 47 37 96 78 89 7 77 75 21 53 10 22 38 49 25 99 95 41 98 2 88 26 31 36 62 74 16 6 40 15 56 58 65 87 1 17 83 70 94 92 8 48 35 44 52 59 66 80 61 97 23 24 82 76 86 5 14 34 54 60 90 12 18 67 69 93 100 4 91 50 72 73 43 45 32 85 28 79 33 19 20 9 27 39 81 68 3 63 
9 3 6 7 4 8 5 1 2 10 
18 30 3 31 60 77 70 29 58 41 17 93 90 34 28 75 13 38 55 23 62 78 12 21 33 89 91 39 54 22 16 43 44 10 20 5 25 48 57 94 96 27 79 64 97 80 2 51 56 81 1 71 72 45 47 36 15 100 86 46 52 82 8 4 37 76 14 53 99 95 87 40 49 9 74 42 32 19 24 35 88 66 98 84 67 73 6 50 92 11 7 63 83 85 59 61 26 65 68 69 
97 16 24 92 84 89 47 32 86 82 35 31 52 72 98 3 61 41 46 88 7 33 44 50 5 96 14 27 65 67 78 11 59 40 29 15 70 56 93 51 77 99 73 76 42 68 22 18 54 74 2 85 10 55 63 49 58 60 30 66 80 90 53 25 13 9 12 57 26 79 8 36 81 45 87 69 28 38 34 100 75 21 91 95 48 94 71 64 83 6 20 19 62 43 37 4 17 1 39 23 
8 54 55 68 44 51 90 99 46 50 52 16 100 4 26 84 57 9 34 66 70 33 18 1 98 37 41 11 91 32 58 20 76 72 29 39 65 87 42 77 64 49 79 56 17 7 14 47 40 3 78 22 69 23 85 83 10 71 81 61 6 89 25 13 21 35 24 19 62 86 75 36 60 80 59 93 45 53 73 2 15 97 88 92 30 74 38 82 63 48 67 94 5 96 31 28 95 12 27 43 
68 5 51 16 25 89 2 66 62 80 69 14 45 21 33 11 64 12 20 54 84 15 85 61 28 49 41 39 26 82 6 29 55 57 72 73 53 1 13 48 19 38 76 81 27 90 52 67 60 24 46 87 83 59 74 40 32 23 17 34 79 22 47 65 18 30 35 36 9 3 37 31 44 58 71 77 70 43 10 88 86 42 50 63 4 8 7 75 56 78 
1 2 3 4 5 6 7 8 9 10 11 12 13 14 15 
35 4 24 29 23 38 80 63 64 6 94 22 73 82 89 52 83 87 14 67 55 84 69 21 99 96 65 39 5 98 78 7 90 81 54 15 76 68 48 25 53 79 85 34 56 40 59 18 93 97 13 72 88 43 12 62 91 45 27 10 66 8 77 60 86 41 47 95 57 28 9 70 20 49 42 46 51 11 19 100 30 16 1 58 3 71 75 61 17 50 74 2 92 33 44 26 31 37 32 36 
4 58 13 21 69 36 38 89 74 91 30 40 55 25 59 41 2 23 18 22 1 85 68 37 51 76 39 46 33 52 5 48 81 78 19 28 93 34 57 31 32 20 86 42 96 67 45 61 63 99 100 65 70 84 8 60 7 9 56 90 53 98 10 75 71 6 17 35 29 54 82 64 94 49 77 44 47 50 11 88 80 73 97 43 3 79 92 26 72 14 27 62 83 16 95 87 24 15 12 66 
1 3 5 7 9 11 13 15 17 19 21 23 25 27 29 31 33 35 37 39 41 43 45 47 49 51 53 55 57 59 61 63 65 67 69 71 73 75 77 79 81 83 85 87 89 91 93 95 97 100 99 98 96 94 92 90 88 86 84 82 80 78 76 74 72 70 68 66 64 62 60 58 56 54 52 50 48 46 44 42 40 38 36 34 32 30 28 26 24 22 20 18 16 14 12 10 8 6 4 2 
79 61 52 25 7 16 88 43 70 34 97 17 98 80 35 8 26 71 89 53 62 47 83 74 20 38 92 65 56 86 5 95 68 14 23 59 50 41 77 32 67 13 49 94 4 31 40 58 22 76 85 29 11 2 18 27 72 90 9 99 54 81 45 57 36 3 48 30 75 66 39 84 63 44 21 93 12 46 24 33 42 51 6 69 60 78 15 96 1 10 82 91 28 55 64 73 19 87 37 
1 2 3 4 5 6 7 8 9 10 11 12 13 14 15 16 17 18 19 20 21 22 23 24 25 26 27 28 29 30 31 32 33 34 35 36 37 38 39 40 41 42 43 44 45 46 47 48 49 50 51 52 53 54 55 56 57 58 59 60 61 62 63 64 65 66 67 68 69 70 71 72 73 74 75 76 77 78 79 80 81 82 83 84 85 86 87 88 89 90 91 92 93 94 95 96 97 98 99 100 
74 49 94 79 53 89 85 77 8 62 82 90 6 11 22 45 2 66 25 17 60 38 84 34 21 75 35 26 32 67 78 46 12 97 50 69 61 92 95 87 42 47 65 63 80 23 55 91 76 24 68 15 93 54 44 52 70 16 4 3 27 51 56 28 64 31 37 30 58 48 59 72 14 1 19 36 13 43 29 9 71 41 83 88 39 33 81 40 73 86 20 18 5 96 57 10 7 
78 6 40 24 48 85 89 83 92 82 39 53 47 32 62 87 84 94 75 93 72 97 41 43 3 79 76 33 18 23 2 44 4 11 90 15 54 13 56 70 49 77 20 9 35 21 28 16 7 52 66 98 46 67 86 45 95 25 96 91 37 8 68 30 50 34 60 29 57 36 58 74 73 64 26 31 14 59 51 100 10 55 19 5 69 17 81 99 71 88 63 12 27 61 22 80 1 42 65 38 
1 2 3 4 5 6 
1 6 2 48 5 14 7 31 9 13 16 12 32 11 53 33 17 18 19 20 42 22 23 24 25 3 26 28 29 30 15 8 27 34 35 37 50 38 39 55 40 52 43 44 45 10 47 41 4 54 51 56 21 36 57 46 49 58 59 60 67 62 69 82 65 66 61 74 63 70 71 79 73 68 75 76 77 78 72 80 98 64 84 81 88 86 87 85 89 90 91 92 93 94 95 96 97 83 99 100 
9 2 5 4 3 1 6 8 10 7 
49 92 82 57 80 88 32 84 12 33 18 51 65 37 5 4 83 78 28 54 89 86 8 26 60 58 64 56 91 95 55 79 72 36 3 25 46 22 94 97 71 16 43 44 10 15 7 50 35 23 93 45 62 98 13 38 85 73 75 81 27 99 87 31 21 40 100 9 1 47 61 20 90 59 68 19 14 66 69 76 63 11 34 39 77 48 2 52 17 42 30 29 24 70 74 6 96 41 53 67 
1 2 3 4 5 6 7 8 9 10 11 12 13 14 15 16 17 18 19 20 21 22 23 24 25 26 27 28 29 30 31 32 33 34 35 36 37 38 39 40 41 42 43 44 45 46 47 48 49 50 51 52 53 54 55 56 57 58 59 60 61 62 63 64 65 66 67 68 69 70 71 72 73 74 75 76 77 78 79 80 81 82 83 84 85 86 87 88 89 90 91 92 93 94 95 96 97 98 99 100 
14 72 100 94 56 58 36 42 77 81 17 45 47 54 97 67 44 27 55 84 37 68 78 80 85 22 93 16 39 19 69 9 8 11 43 59 88 98 26 29 5 10 41 51 65 63 25 28 71 79 49 52 87 74 23 66 32 57 53 12 6 61 99 33 90 7 40 76 15 20 2 48 92 31 35 4 3 21 95 75 83 62 34 73 18 86 38 96 46 82 13 1 91 24 89 50 70 60 30 64 
36 84 55 26 16 96 63 34 62 66 47 13 9 68 18 44 8 100 28 53 80 15 87 94 60 89 95 32 23 31 61 81 12 45 91 1 22 37 90 75 19 7 43 69 2 10 85 17 6 3 40 54 97 83 51 11 88 59 78 39 20 33 50 5 42 30 72 41 25 48 82 67 74 65 46 77 14 21 27 73 56 35 76 71 99 58 92 70 52 38 98 24 64 29 86 49 79 93 4 57 
39 64 17 86 71 42 48 59 69 51 34 63 55 28 8 37 84 54 18 43 10 52 33 27 98 95 38 32 25 62 14 85 79 26 70 96 36 89 41 72 78 30 19 61 29 93 24 57 67 9 82 3 50 92 20 13 23 21 53 65 97 88 15 66 46 56 45 35 40 74 83 91 77 99 75 7 60 68 81 76 87 44 90 73 5 2 12 1 94 31 11 100 4 47 22 58 16 6 49 80 
5 3 37 10 15 27 71 23 57 24 92 54 87 55 88 77 96 2 47 14 97 79 83 90 39 100 46 76 61 11 25 60 78 19 13 40 98 6 33 1 36 63 43 89 44 74 12 72 17 52 29 32 62 58 69 16 50 91 56 26 34 18 20 22 51 31 8 30 70 21 81 75 53 48 99 28 82 7 59 9 4 86 41 94 64 95 93 45 67 35 66 85 38 65 80 49 42 84 68 73 
42 79 73 61 11 18 6 97 20 46 99 15 37 69 64 43 45 5 56 30 27 25 86 87 22 70 89 10 91 90 36 40 34 28 63 68 38 67 85 14 33 47 50 82 31 96 32 48 72 9 55 49 41 7 94 62 23 66 98 35 80 13 78 29 51 17 88 2 77 54 3 65 95 4 60 26 52 84 74 1 57 92 59 44 24 71 12 53 76 19 16 8 39 75 83 93 81 58 21 
1 5 9 4 8 2 6 7 10 3 
42 24 37 13 50 44 85 54 82 62 84 16 48 33 12 95 71 23 9 59 2 10 80 100 18 94 88 91 60 20 68 34 78 41 65 29 35 5 47 66 75 22 19 11 26 64 8 55 99 83 25 92 57 7 63 70 79 97 6 96 67 14 90 53 81 46 56 98 32 3 15 74 1 28 21 73 77 17 93 51 87 76 43 30 58 49 89 36 72 45 4 39 38 27 31 61 86 40 52 69 
36 28 37 75 90 34 47 48 43 53 26 4 69 41 66 86 60 78 14 64 59 61 30 15 77 17 19 93 55 73 84 40 81 3 25 27 62 7 65 10 22 95 56 21 68 35 71 29 89 23 96 33 39 12 70 57 46 45 13 49 87 91 44 67 82 83 79 88 18 2 20 11 8 97 1 16 63 92 58 85 51 94 80 5 31 74 6 24 54 32 52 9 76 42 50 72 38 
86 84 40 87 96 17 79 47 26 21 90 85 43 34 13 59 93 16 64 11 28 66 100 35 98 72 80 12 23 14 15 63 7 74 19 30 69 48 25 68 2 5 36 81 95 8 67 82 49 70 89 62 53 6 33 65 29 20 18 46 60 94 9 45 75 4 76 32 41 52 38 57 39 58 24 97 54 44 51 88 42 71 99 55 78 10 3 73 1 37 92 83 27 50 22 56 91 77 31 61 
52 88 98 7 81 14 25 9 50 4 95 92 59 77 67 100 89 32 22 87 36 29 80 62 46 65 15 48 35 41 99 13 97 79 24 3 72 57 49 61 11 51 74 33 58 70 83 68 63 47 28 84 85 5 55 12 6 19 21 40 45 8 20 53 71 17 37 23 18 82 43 60 42 16 91 44 31 64 56 78 73 10 86 96 69 39 94 75 2 38 93 1 54 34 26 27 76 90 30 66 
98 69 20 1 36 12 55 15 89 92 38 32 57 30 6 87 64 50 43 81 41 53 42 19 10 35 70 23 34 86 94 16 97 72 17 7 88 67 59 93 11 46 2 3 51 44 77 73 25 61 79 8 71 95 14 75 13 22 66 18 28 74 80 47 82 78 48 21 76 60 56 54 68 4 90 96 84 45 49 100 91 65 40 5 83 24 85 33 9 37 39 58 52 26 63 62 29 27 99 31 
97 99 81 34 87 72 56 3 13 24 44 65 41 93 58 84 91 74 49 76 71 42 86 5 20 6 83 78 68 27 28 57 96 1 52 45 54 82 16 15 70 64 26 53 12 21 46 63 89 18 30 31 32 88 79 51 73 29 33 4 10 43 92 23 94 39 66 95 77 59 35 38 62 17 85 47 69 80 40 50 75 67 7 98 11 90 61 14 60 55 19 25 48 9 22 36 37 8 2 100 
17 11 8 15 5 7 13 10 12 6 16 89 20 3 1 4 83 19 86 18 92 9 91 100 97 2 40 93 88 99 96 81 36 14 94 39 33 87 84 28 90 27 95 35 30 23 85 21 82 32 26 70 34 31 25 29 22 62 98 75 66 38 37 64 73 24 63 71 78 65 67 61 76 49 54 79 72 55 77 58 56 47 68 51 45 60 74 57 42 80 44 69 41 43 52 48 46 50 53 59 
35 31 66 18 20 82 60 45 92 58 8 70 100 75 54 25 1 78 88 84 69 29 27 87 96 59 33 48 83 81 67 89 4 71 10 93 40 77 34 42 44 21 49 85 64 7 50 63 11 46 72 36 52 28 32 43 9 26 47 99 62 57 53 80 76 37 86 55 79 73 6 17 16 95 2 13 68 51 41 23 65 91 14 15 5 74 94 38 22 12 30 24 98 3 61 90 97 39 19 56 
20 21 35 29 18 6 7 45 17 31 27 42 24 36 39 22 23 9 1 25 28 38 2 3 33 34 4 37 19 26 44 41 30 8 12 13 10 14 15 16 11 5 40 43 32 
90 64 66 8 13 78 69 82 54 95 71 9 58 12 50 20 88 92 98 17 22 35 55 14 57 24 83 38 23 33 29 6 43 18 72 63 70 5 3 47 56 42 96 32 93 28 44 52 45 46 1 30 48 91 51 16 100 84 39 86 81 79 61 34 60 2 68 10 15 73 40 75 21 94 62 65 74 59 89 25 31 49 76 37 27 85 99 53 80 97 41 26 77 11 87 4 67 19 36 7 
63 93 30 26 15 47 87 55 16 79 84 17 69 70 65 4 18 19 20 21 22 23 31 36 37 38 39 40 41 48 56 57 58 59 60 66 78 85 90 1 2 3 5 6 7 8 9 10 11 12 13 14 42 24 25 68 27 28 86 32 33 34 35 43 44 45 46 49 50 51 52 53 54 61 62 71 72 73 74 75 76 77 80 81 82 83 67 88 89 98 97 96 92 29 95 94 64 91 
78 3 49 33 48 50 43 79 1 16 23 25 37 30 61 77 87 26 13 20 59 54 56 57 82 76 31 18 44 46 58 19 72 93 96 22 88 90 42 40 84 85 60 64 95 47 70 67 28 32 73 14 74 71 97 2 7 80 38 34 9 81 89 62 27 66 51 11 68 5 69 39 99 100 65 10 91 83 45 86 63 75 41 36 8 21 53 17 29 15 12 24 92 6 98 52 35 94 4 55 
2 3 5 23 9 21 11 12 13 14 17 18 19 42 37 8 27 25 50 4 10 20 22 26 29 36 6 41 40 39 30 43 44 45 47 48 16 24 31 49 7 15 32 33 34 46 38 35 28 1 
63 18 32 87 55 52 91 72 12 36 56 77 92 19 45 60 59 43 35 24 42 74 8 46 29 41 10 15 86 48 96 70 65 62 81 97 21 28 73 82 64 85 94 13 61 38 69 49 75 22 58 67 33 80 53 37 98 40 39 95 14 27 6 90 89 68 11 20 9 79 76 51 16 83 2 78 26 47 54 31 66 25 7 93 44 57 99 84 17 50 30 3 71 34 5 88 4 1 23 100 
50 45 14 53 2 26 22 72 30 86 18 13 78 41 97 20 43 69 100 10 71 29 67 33 19 56 55 7 58 65 25 95 83 79 98 92 54 5 32 34 38 77 4 35 91 52 40 1 51 66 23 85 59 74 73 94 62 24 84 80 75 64 81 36 17 16 6 15 96 90 31 44 8 21 47 27 76 99 57 28 39 42 3 89 63 12 82 11 9 70 60 46 93 49 37 48 88 61 87 68 
33 69 71 82 95 99 5 25 22 41 21 49 40 92 87 1 6 10 93 65 12 61 35 32 14 17 58 51 52 76 66 80 86 88 59 79 34 67 45 27 47 16 57 68 73 36 46 4 63 15 9 62 98 18 44 77 96 83 89 91 26 56 19 94 23 70 8 90 78 7 13 20 42 85 53 3 29 38 60 30 43 97 28 50 74 84 37 39 54 81 48 11 75 24 64 55 72 100 31 2 
43 61 52 55 14 15 58 3 16 64 39 49 30 36 8 11 31 32 17 2 69 73 1 37 71 4 35 28 44 23 12 65 47 29 60 38 40 54 18 67 57 19 33 59 66 53 42 13 50 48 21 56 9 26 27 34 70 63 24 6 51 10 5 7 22 72 45 68 46 41 20 25 62 
12 28 11 26 4 20 27 31 24 16 32 8 15 23 2 3 10 14 22 25 19 7 9 13 18 30 6 29 17 5 1 21 
1 20 91 4 5 23 7 8 24 10 51 12 13 14 35 3 42 83 38 100 21 61 6 64 43 44 2 46 47 48 40 41 71 37 45 39 36 32 90 17 50 15 28 67 30 59 11 34 26 89 57 58 96 29 49 80 85 52 53 54 22 94 63 62 66 9 70 55 72 27 68 69 25 86 60 88 56 78 16 92 93 65 18 82 73 74 75 76 77 97 79 19 81 33 95 84 87 98 99 31 
1 2 3 4 5 6 7 8 9 10 11 12 13 14 15 16 17 18 19 20 21 22 23 24 25 26 27 28 29 30 31 32 33 34 35 36 37 38 39 40 41 42 43 44 45 46 47 48 49 50 51 52 53 54 55 56 57 58 59 60 61 62 63 64 65 66 67 68 69 70 71 72 73 74 75 76 77 78 79 80 81 82 83 84 85 86 87 88 89 90 91 92 93 94 95 96 97 98 99 100 
15 66 75 2 20 60 90 42 16 52 24 64 39 8 44 4 41 82 88 5 22 34 79 93 87 83 65 56 45 25 78 23 67 85 89 40 19 36 61 7 73 91 50 3 11 84 14 31 47 18 43 55 53 54 63 33 74 21 17 58 69 46 30 13 72 70 68 48 28 38 32 26 81 76 62 49 92 1 6 80 27 51 77 9 10 35 71 12 59 86 37 29 57 
1 2 3 4 5 6 7 8 9 10 11 12 13 14 15 16 17 18 19 20 21 22 23 24 25 26 27 28 29 30 31 32 
8 38 56 22 48 85 87 13 14 23 61 65 92 76 98 40 16 25 7 69 78 46 62 37 93 33 26 54 71 11 31 64 74 43 55 44 67 58 19 100 96 66 89 34 81 28 3 9 35 4 10 80 83 27 5 30 49 63 42 20 86 73 60 97 12 79 72 17 50 18 51 52 29 2 77 57 82 90 99 75 32 24 6 91 88 53 68 59 95 94 1 39 45 47 21 70 84 15 36 41 
9 19 29 39 59 69 79 89 99 49 2 7 22 12 17 18 6 27 32 37 16 42 47 52 57 58 62 67 68 72 77 78 82 13 92 97 98 1 11 96 10 93 87 91 5 88 23 66 38 20 83 8 53 15 30 25 14 73 46 28 80 90 76 63 70 75 56 60 65 50 45 55 54 3 61 71 26 33 36 100 31 51 86 85 21 48 40 4 35 24 34 43 44 81 64 74 95 84 94 41 
1 2 3 4 5 6 7 8 9 10 11 12 13 14 15 16 17 18 19 20 21 22 23 24 25 
4 1 8 5 3 2 7 6 
33 27 56 54 70 6 60 92 96 59 11 95 93 7 4 1 29 65 98 50 16 22 71 14 82 52 36 18 69 28 73 43 66 68 53 46 55 44 25 76 9 2 13 3 12 21 62 34 75 19 20 99 63 49 61 80 45 67 90 24 30 91 84 86 97 51 32 38 10 79 47 89 57 72 100 94 42 40 5 58 64 85 31 23 87 41 83 78 39 35 77 81 74 17 8 88 48 15 37 26 
4 5 2 7 6 3 1 
1 90 52 100 70 44 71 14 22 99 38 30 54 91 51 10 85 78 64 28 19 92 69 39 4 48 21 3 56 75 50 47 83 80 63 82 34 9 12 20 27 53 73 5 81 57 29 98 16 46 17 86 59 68 79 23 8 2 60 42 49 32 88 25 24 45 66 43 36 84 96 55 6 33 72 61 67 76 13 15 7 37 94 58 62 89 77 31 65 74 97 40 26 35 18 87 11 41 93 95 
54 8 26 93 20 12 33 1 27 82 100 79 78 2 34 42 85 38 31 28 72 48 39 94 77 4 52 51 69 92 14 86 50 70 19 96 46 89 7 88 53 99 18 29 36 75 47 10 90 76 49 9 73 35 23 41 83 87 11 64 55 32 63 62 71 61 43 98 5 37 67 81 56 74 40 15 84 60 3 68 13 91 16 24 59 80 22 25 65 30 66 6 17 95 58 57 45 97 21 44 
8 54 25 68 84 17 35 61 73 43 10 31 51 64 53 82 23 9 4 5 30 36 47 83 79 46 57 58 60 63 2 11 24 19 41 67 89 92 71 76 78 28 93 14 21 26 29 32 33 39 6 45 48 52 55 50 62 80 81 49 94 3 16 13 40 18 59 72 74 22 86 87 90 91 95 1 7 12 15 27 34 37 38 42 44 56 65 66 69 70 75 77 20 85 88 
58 39 26 21 93 50 3 86 16 91 34 6 11 33 75 90 54 59 46 71 47 80 81 96 84 87 9 42 43 57 27 31 45 13 67 72 85 14 73 78 83 25 98 37 1 56 19 70 49 4 38 82 66 30 53 22 5 24 88 94 29 74 51 10 32 48 35 36 77 63 95 40 64 18 2 12 60 62 68 69 76 100 99 17 15 92 44 7 8 23 65 52 61 79 89 97 28 55 41 20 
4 9 14 18 84 33 44 49 51 54 58 65 69 76 82 37 83 93 94 1 5 12 22 24 64 29 32 39 89 45 52 59 62 61 78 72 63 56 2 7 95 74 31 87 68 73 75 38 88 85 16 90 23 79 43 86 13 57 60 11 98 3 50 19 15 27 20 26 81 6 91 97 34 47 71 17 53 55 40 80 96 35 28 21 36 41 46 25 92 48 30 70 67 42 66 77 8 10 
48 35 37 16 18 3 52 47 53 71 34 10 46 72 94 93 49 95 17 68 75 50 44 36 98 2 73 96 74 51 54 97 38 39 26 19 12 79 84 65 11 63 40 15 87 83 57 8 25 88 29 41 58 92 55 89 23 85 24 5 62 59 56 22 20 91 4 14 64 86 90 81 70 43 42 69 82 9 60 27 13 21 61 99 6 100 76 32 78 66 28 33 30 31 80 77 67 45 1 7 
49 33 61 7 9 50 64 2 53 14 36 88 19 51 77 76 91 98 31 26 57 10 75 54 43 90 70 80 72 24 62 85 87 44 25 41 82 100 48 13 21 60 12 95 74 35 66 89 97 92 55 6 28 56 15 34 22 99 8 58 84 1 59 73 46 79 69 42 20 18 83 78 45 17 3 5 37 30 38 16 39 86 40 65 67 32 23 93 11 4 71 27 94 81 68 52 29 47 96 63 
14 16 39 1 3 4 5 11 7 8 20 21 24 26 27 10 15 17 33 19 34 29 30 31 35 37 38 23 43 44 41 46 12 18 22 45 13 42 6 9 32 28 2 25 40 36 
1 2 3 4 5 6 7 8 9 10 11 12 13 14 15 16 17 18 19 20 21 22 23 24 25 26 27 28 29 30 31 32 33 34 35 36 37 38 39 40 41 42 43 44 45 46 47 48 49 50 51 52 53 54 55 56 57 58 59 60 61 62 63 64 65 66 67 68 69 70 71 72 73 74 75 76 77 78 79 80 81 
13 42 44 52 3 62 7 1 5 76 20 37 18 58 93 16 60 39 36 86 99 49 10 63 38 75 74 65 57 67 33 4 61 80 64 84 71 28 19 41 97 82 95 66 24 68 53 21 34 77 12 59 14 35 46 51 72 70 9 88 22 30 25 45 90 91 78 6 56 17 81 69 98 32 54 15 47 87 2 85 73 8 26 27 50 55 96 92 43 31 94 29 89 11 83 79 23 100 48 40 
75 62 43 79 72 35 73 36 70 98 74 42 3 31 51 90 28 6 25 24 5 65 13 47 97 78 77 22 18 59 82 69 83 21 2 76 84 94 63 60 61 88 89 30 93 37 99 58 8 66 38 100 50 32 87 10 64 23 9 20 12 67 53 68 4 85 34 33 41 48 11 29 55 81 7 57 16 44 40 39 71 95 91 46 45 96 14 54 86 27 52 1 49 17 92 15 56 19 80 26 
1 5 3 2 4 
18 39 63 69 77 3 72 33 11 41 92 66 80 75 65 98 50 51 68 10 1 45 61 83 94 23 56 86 21 5 43 48 74 12 25 62 40 81 89 27 99 58 6 36 16 17 19 64 71 30 42 54 55 59 60 100 73 47 85 37 29 53 49 26 44 38 76 97 24 2 9 79 90 91 93 14 20 31 70 87 8 67 32 78 82 96 28 7 13 15 22 34 84 4 46 35 88 52 57 95 
2 83 73 66 8 30 55 82 46 97 81 20 47 72 80 10 25 65 9 4 92 40 35 71 57 15 50 76 51 64 7 52 6 44 58 91 75 1 19 77 39 21 38 22 54 34 99 90 61 86 45 36 63 79 62 23 53 88 87 29 94 48 12 74 96 78 100 98 14 67 42 93 56 26 95 18 11 37 31 17 41 84 3 27 28 13 43 5 59 33 70 68 24 49 16 89 85 69 32 60 
76 59 35 73 50 26 5 86 44 36 63 83 77 90 24 65 71 97 51 64 41 58 49 56 54 25 88 72 10 21 60 47 78 6 33 40 75 17 37 32 100 19 82 4 98 22 18 8 91 55 84 81 9 89 29 11 87 92 34 69 2 30 45 52 93 46 68 70 38 14 62 13 43 16 23 3 31 42 48 27 7 66 1 96 94 99 95 39 15 28 67 61 80 57 79 20 53 12 85 74 
53 14 31 67 83 17 64 16 95 40 55 19 68 84 72 92 37 26 32 41 6 10 39 45 81 96 65 34 88 80 2 18 21 98 99 63 57 52 29 56 75 60 79 74 28 69 23 86 100 66 87 24 33 93 35 20 82 61 51 94 36 13 97 48 3 42 38 15 9 25 44 43 49 85 4 76 50 22 59 77 1 71 5 54 78 27 30 90 8 46 62 7 73 70 89 47 12 58 91 11 
10 9 31 39 44 46 2 3 16 8 20 30 36 37 38 41 45 47 6 4 5 7 11 12 13 14 15 1 17 18 19 21 22 23 24 25 26 27 28 29 32 33 34 35 40 42 43 48 49 50 
41 18 57 47 44 51 56 35 23 40 10 13 21 39 3 60 28 6 32 42 17 49 8 48 24 46 26 1 16 7 34 58 14 19 50 27 25 38 30 31 52 9 12 11 22 5 45 59 36 15 33 29 37 4 20 43 2 53 55 54 
1 2 3 4 5 6 7 8 9 10 11 12 13 14 15 16 17 18 19 20 21 22 23 24 25 26 27 28 29 30 31 32 33 34 35 36 37 38 39 40 
16 17 43 44 48 74 1 7 8 9 10 11 12 13 14 15 18 19 20 21 22 23 24 25 26 27 29 30 31 32 33 34 35 36 37 38 39 40 41 42 45 46 47 49 50 51 52 53 55 56 57 58 59 60 61 62 63 64 65 66 67 68 69 70 71 72 73 75 76 77 78 79 80 81 82 83 84 85 6 28 3 5 54 2 4 
1 2 3 4 5 6 7 8 9 10 11 12 13 14 15 16 17 18 19 20 21 22 23 24 25 26 27 28 29 30 31 32 33 34 35 36 37 38 39 40 41 42 43 44 45 46 47 48 49 50 51 52 53 54 55 56 57 58 59 60 61 62 63 64 65 66 67 68 69 70 71 72 73 74 75 76 77 78 79 80 81 82 83 84 85 86 87 88 89 90 91 92 93 94 95 96 97 98 99 100 
3 79 99 5 14 93 57 36 31 27 1 15 17 51 63 22 47 29 9 68 83 72 8 12 2 34 96 45 81 77 98 52 90 25 33 49 16 21 59 85 66 43 78 62 42 84 56 53 95 74 24 46 100 6 39 19 50 38 30 88 89 10 20 18 71 60 35 32 91 11 61 58 23 26 87 65 70 7 94 76 75 92 41 44 13 4 54 40 86 64 55 82 67 80 69 37 97 48 28 73 
1 6 16 3 13 9 17 18 14 2 5 15 19 4 7 20 12 11 8 10 
25 56 52 1 24 63 7 46 38 55 69 15 32 45 76 14 34 19 21 57 26 50 70 66 39 35 8 4 71 40 9 5 41 10 67 36 72 42 11 44 59 53 51 13 22 65 75 28 3 73 12 43 74 18 49 30 33 20 68 2 58 23 37 64 27 54 29 60 62 31 47 6 61 16 17 48 
64 50 47 81 28 31 14 48 67 78 26 88 90 76 21 33 85 62 6 55 19 65 24 71 10 68 23 8 89 91 9 96 5 2 12 82 77 49 66 52 46 45 16 7 56 63 72 75 1 99 92 80 98 83 100 20 53 39 41 4 87 86 17 60 70 38 54 44 51 35 32 94 15 97 25 58 18 57 34 73 61 84 59 3 95 93 43 27 13 79 11 40 29 30 69 42 37 36 74 22 
79 45 94 18 41 74 12 8 87 29 44 82 73 19 51 62 43 95 40 61 13 11 28 90 31 46 75 16 100 49 92 71 60 17 14 42 68 70 48 98 78 33 10 76 27 56 20 93 47 26 81 15 57 84 50 86 58 2 37 85 59 89 53 91 66 88 63 36 25 30 69 54 34 97 96 55 64 65 52 80 7 32 6 21 9 24 23 22 35 83 5 99 4 77 3 1 67 38 39 72 
97 98 94 92 96 90 89 86 78 77 70 81 74 73 72 54 66 68 64 52 67 40 56 51 50 29 15 47 45 36 25 18 27 33 12 22 6 3 10 60 19 61 30 46 83 82 48 99 84 34 9 65 58 43 17 1 85 39 59 26 41 21 75 2 88 7 53 37 69 11 16 91 28 87 5 8 13 4 14 23 20 31 32 38 24 42 35 55 57 44 62 49 63 71 80 76 95 79 100 93 
84 95 19 85 24 45 32 93 97 100 70 79 21 40 5 54 41 34 28 80 3 1 87 60 61 75 89 12 68 77 46 39 64 72 67 55 9 2 53 88 47 29 56 49 23 42 13 57 71 74 59 10 31 16 38 92 83 25 37 15 86 62 33 17 11 30 78 99 94 20 63 76 58 82 65 52 48 8 43 73 18 51 14 91 7 35 66 69 22 96 27 81 90 6 4 26 98 36 50 44 
21 32 12 65 47 8 3 100 95 60 4 87 74 41 16 73 90 75 64 77 22 76 17 82 51 78 54 67 94 34 19 63 40 43 93 7 99 5 18 33 30 58 59 70 86 46 26 14 37 10 6 13 91 20 89 2 96 56 35 29 27 45 92 71 38 48 1 88 98 79 97 72 83 53 28 61 66 52 55 62 85 44 39 80 31 15 81 50 24 36 57 49 69 25 68 11 84 9 42 23 
25 56 87 15 21 52 1 24 88 83 76 14 19 50 57 26 81 45 28 59 13 17 20 65 85 75 80 82 44 49 51 23 18 54 86 16 69 4 38 53 61 68 84 77 7 47 46 39 33 35 8 40 92 71 90 66 5 30 27 89 74 91 70 67 55 2 58 9 64 78 79 10 32 22 60 29 93 62 31 48 63 41 36 42 34 73 72 11 3 12 43 37 6 
53 31 35 22 46 8 73 5 84 37 52 99 87 19 94 1 86 92 82 9 48 41 88 36 17 70 20 28 63 95 13 67 78 74 12 29 39 10 85 18 24 42 2 15 83 79 16 93 32 60 4 47 51 55 33 97 62 68 43 100 44 76 25 56 11 34 49 3 89 98 64 80 91 54 6 59 81 57 77 40 61 75 71 65 45 90 7 96 66 72 50 69 38 23 26 58 30 21 14 27 
99 17 79 57 31 7 36 94 28 58 82 87 78 83 55 21 38 22 77 68 16 70 85 41 14 96 9 2 90 54 50 15 42 13 23 43 32 27 46 52 65 71 95 75 3 88 100 33 61 10 91 64 20 4 30 45 11 34 8 44 76 35 84 72 93 37 81 69 98 49 67 89 26 66 56 48 62 25 24 63 92 47 19 29 12 40 97 5 60 80 59 86 18 1 53 73 6 51 39 74 
34 39 40 41 42 27 44 80 13 47 55 91 26 97 28 29 30 20 35 36 45 79 33 90 50 1 78 3 61 68 72 7 37 46 10 11 81 87 9 15 16 17 92 19 31 21 22 23 4 52 82 6 65 66 67 5 89 48 71 64 58 59 60 70 57 56 53 93 43 62 83 54 73 74 75 76 77 25 32 8 63 12 69 84 88 2 38 85 86 18 49 14 24 94 96 95 51 98 99 100 
35 12 5 85 46 67 81 43 51 30 37 50 14 68 61 9 54 28 63 48 62 82 80 25 57 60 70 36 69 33 71 58 10 27 49 47 64 31 41 79 13 44 20 6 40 76 52 32 74 75 84 34 38 73 29 55 56 11 4 24 42 19 17 7 78 8 53 18 45 83 2 16 3 59 66 15 26 1 22 72 39 21 77 23 65 
100 80 64 9 27 83 70 54 47 23 12 99 4 7 56 44 50 41 60 2 77 35 84 66 76 89 95 6 40 19 62 21 55 71 48 81 74 16 13 75 33 17 69 30 28 96 11 46 59 31 93 87 34 72 52 20 25 36 42 92 37 49 57 38 86 63 32 82 10 65 3 94 1 97 98 73 90 24 53 58 18 85 68 29 79 88 43 67 26 8 22 39 15 51 91 45 78 14 5 61 
56 87 42 27 9 89 58 70 18 74 10 54 91 8 73 83 61 57 15 2 86 96 36 41 67 20 88 53 14 40 51 95 28 66 98 62 97 1 37 43 39 55 65 34 5 49 47 85 63 99 90 76 12 93 13 69 80 11 35 71 60 82 21 72 38 7 33 81 64 6 25 94 29 44 23 17 50 45 46 26 3 19 79 30 48 4 16 22 24 31 32 52 59 68 75 77 78 84 92 100 
100 76 92 60 15 14 78 85 73 64 89 3 55 93 30 13 74 94 42 50 24 72 25 7 40 33 84 27 26 80 81 70 34 48 18 16 12 31 90 53 1 99 9 32 46 86 56 66 57 87 82 51 52 5 58 19 29 69 6 68 98 75 47 49 8 4 45 67 38 61 11 63 79 28 97 83 77 41 20 36 65 71 59 10 91 44 35 54 2 88 39 22 62 43 23 96 37 95 21 17 
3 1 5 6 7 8 9 2 4 
47 44 87 65 42 85 38 46 100 56 91 90 36 69 60 92 37 39 18 16 3 35 51 86 99 82 10 21 28 30 41 12 17 68 23 31 26 84 20 76 95 96 8 40 97 66 93 55 33 19 88 50 62 1 77 25 79 45 14 58 70 48 52 5 49 13 64 80 2 71 81 34 74 98 7 27 29 57 75 73 59 89 15 4 72 32 11 53 22 24 94 61 67 83 6 43 63 9 78 54 
17 11 81 89 78 29 96 66 24 77 22 35 6 50 4 1 54 79 61 84 85 92 80 62 34 60 82 26 46 14 43 58 47 93 74 71 90 63 2 28 23 76 75 72 67 32 97 27 40 16 65 73 59 5 8 18 70 91 19 12 38 25 15 41 56 99 3 57 95 45 44 39 87 53 55 42 83 49 21 37 51 86 94 69 9 88 33 64 68 13 7 30 36 98 48 20 31 10 52 100 
67 19 72 55 98 92 22 74 63 35 34 1 64 84 77 91 79 66 26 57 32 97 82 31 100 53 62 75 5 90 4 42 59 37 48 80 83 95 9 45 17 36 44 10 51 96 3 78 60 50 29 71 61 23 6 86 27 93 56 85 88 69 25 20 43 11 89 70 58 30 65 12 38 39 14 15 7 40 16 18 24 68 41 49 21 28 81 8 47 33 94 54 76 13 2 52 87 73 46 99 
1 3 4 6 5 2 
10 94 63 36 59 70 84 20 71 15 69 81 65 40 13 88 45 56 23 72 52 41 66 95 86 49 89 83 3 77 39 4 55 58 42 33 87 54 7 8 96 75 48 24 17 85 80 99 38 44 11 53 32 37 31 5 92 67 2 61 91 74 14 29 100 97 12 82 16 43 76 6 98 46 27 64 22 57 26 28 60 30 19 21 79 62 51 68 50 34 73 90 9 1 93 78 35 47 25 18 
8 18 32 35 38 53 68 78 81 91 95 99 82 25 27 26 29 39 100 6 9 16 17 22 40 49 56 60 71 89 20 76 93 74 96 2 57 66 36 13 19 23 24 43 50 70 52 72 63 1 67 94 84 79 86 87 37 90 98 10 12 83 65 21 54 4 44 33 58 62 51 73 75 92 3 11 14 30 34 46 69 7 77 59 48 41 15 85 45 5 28 55 42 47 61 64 88 80 97 31 
1 5 2 20 6 29 24 15 12 26 30 8 17 7 23 9 3 27 34 4 22 19 48 31 25 32 37 40 38 36 10 54 43 52 11 44 59 85 45 28 47 13 41 14 51 66 16 78 82 21 42 18 63 53 60 46 79 61 33 57 65 72 74 90 49 69 76 39 55 84 81 35 58 73 67 86 50 87 56 77 68 93 94 71 75 64 95 88 80 62 70 89 91 92 97 83 98 99 100 96 
77 27 41 75 9 79 38 17 61 46 66 99 85 3 92 2 57 33 48 32 95 74 7 93 42 64 49 63 40 89 91 68 6 29 52 21 10 13 58 1 80 4 50 100 31 28 44 53 81 35 76 90 43 82 97 65 16 39 37 55 88 87 67 19 69 14 18 5 47 51 73 11 12 78 15 96 86 54 23 20 30 71 8 84 70 25 56 45 60 72 34 26 98 22 36 59 83 24 94 62 
35 73 14 19 10 71 20 66 47 86 57 5 16 46 32 100 4 64 77 98 94 58 24 82 27 81 59 70 50 11 49 3 78 97 45 56 87 72 60 18 34 21 29 88 55 93 23 96 48 80 30 89 13 2 12 53 43 1 28 63 62 67 68 26 41 74 61 51 22 42 85 92 83 15 84 44 39 31 79 69 95 33 76 90 40 65 75 9 6 54 17 36 37 99 52 91 38 8 25 7 
19 3 14 31 59 33 13 53 18 23 16 60 37 42 24 20 21 27 25 57 5 51 34 4 12 54 50 9 47 52 11 15 26 7 55 39 28 48 49 2 38 40 35 17 46 1 43 36 58 22 30 41 8 32 56 6 29 10 45 44 
6 15 8 65 56 11 94 28 82 33 78 95 48 23 86 26 32 70 49 98 100 63 75 71 38 44 90 69 42 35 81 54 5 9 59 45 73 50 46 55 76 67 88 93 16 10 25 83 96 19 80 89 40 61 41 20 30 27 24 62 99 12 17 36 77 85 2 29 18 64 22 57 66 53 39 92 34 3 72 87 74 21 58 43 37 31 68 84 97 51 14 1 7 13 4 47 91 52 60 79 
68 66 76 55 41 23 9 98 53 56 11 3 22 32 44 72 8 99 67 43 26 91 95 97 86 17 61 78 28 100 84 25 24 96 12 19 20 52 27 30 58 50 38 49 29 75 80 69 35 6 36 21 57 70 74 81 89 59 31 85 10 73 16 94 15 79 46 45 40 77 5 92 2 1 60 93 4 33 42 47 64 18 63 13 82 83 7 34 39 51 65 37 48 88 87 71 14 62 54 90 
